<?xml version="1.0" encoding="UTF-8"?>
<testsuite xmlns:xsi="http://www.w3.org/2001/XMLSchema-instance" xsi:noNamespaceSchemaLocation="https://maven.apache.org/surefire/maven-surefire-plugin/xsd/surefire-test-report-3.0.xsd" version="3.0" name="dummyjson.AuthRunner" time="2.162" tests="4" errors="0" skipped="0" failures="0">
  <properties>
[...]
</properties>
  <testcase name="[1:9] Login and get tokens" classname="dummyjson/Auth" time="0.932">
    <system-out><![CDATA[08:59:49.217 [main] DEBUG com.intuit.karate.Suite -- [config] classpath:karate-config.js
08:59:49.771 [main] DEBUG com.jayway.jsonpath.internal.path.CompiledPath -- Evaluating path: $
08:59:49.795 [main] DEBUG io.netty.util.internal.logging.InternalLoggerFactory -- Using SLF4J as the default logging framework
08:59:49.796 [main] DEBUG io.netty.util.internal.PlatformDependent0 -- -Dio.netty.noUnsafe: false
08:59:49.796 [main] DEBUG io.netty.util.internal.PlatformDependent0 -- Java version: 17
08:59:49.797 [main] DEBUG io.netty.util.internal.PlatformDependent0 -- sun.misc.Unsafe.theUnsafe: available
08:59:49.797 [main] DEBUG io.netty.util.internal.PlatformDependent0 -- sun.misc.Unsafe.copyMemory: available
08:59:49.797 [main] DEBUG io.netty.util.internal.PlatformDependent0 -- sun.misc.Unsafe.storeFence: available
08:59:49.797 [main] DEBUG io.netty.util.internal.PlatformDependent0 -- java.nio.Buffer.address: available
08:59:49.797 [main] DEBUG io.netty.util.internal.PlatformDependent0 -- direct buffer constructor: unavailable: Reflective setAccessible(true) disabled
08:59:49.797 [main] DEBUG io.netty.util.internal.PlatformDependent0 -- java.nio.Bits.unaligned: available, true
08:59:49.798 [main] DEBUG io.netty.util.internal.PlatformDependent0 -- jdk.internal.misc.Unsafe.allocateUninitializedArray(int): unavailable: class io.netty.util.internal.PlatformDependent0$7 cannot access class jdk.internal.misc.Unsafe (in module java.base) because module java.base does not export jdk.internal.misc to unnamed module @1b6d2f55
08:59:49.798 [main] DEBUG io.netty.util.internal.PlatformDependent0 -- java.nio.DirectByteBuffer.<init>(long, {int,long}): unavailable
08:59:49.798 [main] DEBUG io.netty.util.internal.PlatformDependent -- sun.misc.Unsafe: available
08:59:49.799 [main] DEBUG io.netty.util.internal.PlatformDependent -- maxDirectMemory: 2147483648 bytes (maybe)
08:59:49.800 [main] DEBUG io.netty.util.internal.PlatformDependent -- -Dio.netty.tmpdir: /var/folders/9n/qdd87m_d27v106zr8rs1f1b00000gn/T (java.io.tmpdir)
08:59:49.800 [main] DEBUG io.netty.util.internal.PlatformDependent -- -Dio.netty.bitMode: 64 (sun.arch.data.model)
08:59:49.800 [main] DEBUG io.netty.util.internal.PlatformDependent -- Platform: MacOS
08:59:49.800 [main] DEBUG io.netty.util.internal.PlatformDependent -- -Dio.netty.maxDirectMemory: -1 bytes
08:59:49.800 [main] DEBUG io.netty.util.internal.PlatformDependent -- -Dio.netty.uninitializedArrayAllocationThreshold: -1
08:59:49.800 [main] DEBUG io.netty.util.internal.CleanerJava9 -- java.nio.ByteBuffer.cleaner(): available
08:59:49.800 [main] DEBUG io.netty.util.internal.PlatformDependent -- -Dio.netty.noPreferDirect: false
08:59:49.934 [main] DEBUG org.apache.http.client.protocol.RequestAddCookies -- CookieSpec selected: karate
08:59:49.936 [main] DEBUG org.apache.http.client.protocol.RequestAuthCache -- Auth cache not set in the context
08:59:49.937 [main] DEBUG com.intuit.karate -- request:
1 > POST https://dummyjson.com/auth/login
1 > Content-Type: application/json; charset=UTF-8
1 > Content-Length: 45
1 > Host: dummyjson.com
1 > Connection: Keep-Alive
1 > User-Agent: Apache-HttpClient/4.5.14 (Java/17.0.15)
1 > Accept-Encoding: gzip,deflate
{
  "username": "emilys",
  "password": "emilyspass"
}


08:59:49.937 [main] DEBUG org.apache.http.impl.conn.PoolingHttpClientConnectionManager -- Connection request: [route: {s}->https://dummyjson.com:443][total available: 0; route allocated: 0 of 5; total allocated: 0 of 10]
08:59:49.941 [main] DEBUG org.apache.http.impl.conn.PoolingHttpClientConnectionManager -- Connection leased: [id: 0][route: {s}->https://dummyjson.com:443][total available: 0; route allocated: 1 of 5; total allocated: 1 of 10]
08:59:49.941 [main] DEBUG org.apache.http.impl.execchain.MainClientExec -- Opening connection {s}->https://dummyjson.com:443
08:59:49.952 [main] DEBUG org.apache.http.impl.conn.DefaultHttpClientConnectionOperator -- Connecting to dummyjson.com/66.33.22.2:443
08:59:49.953 [main] DEBUG org.apache.http.conn.ssl.SSLConnectionSocketFactory -- Connecting socket to dummyjson.com/66.33.22.2:443 with timeout 30000
08:59:50.001 [main] DEBUG org.apache.http.conn.ssl.SSLConnectionSocketFactory -- Enabled protocols: [TLSv1.3, TLSv1.2]
08:59:50.001 [main] DEBUG org.apache.http.conn.ssl.SSLConnectionSocketFactory -- Enabled cipher suites:[TLS_AES_256_GCM_SHA384, TLS_AES_128_GCM_SHA256, TLS_CHACHA20_POLY1305_SHA256, TLS_ECDHE_ECDSA_WITH_AES_256_GCM_SHA384, TLS_ECDHE_ECDSA_WITH_AES_128_GCM_SHA256, TLS_ECDHE_ECDSA_WITH_CHACHA20_POLY1305_SHA256, TLS_ECDHE_RSA_WITH_AES_256_GCM_SHA384, TLS_ECDHE_RSA_WITH_CHACHA20_POLY1305_SHA256, TLS_ECDHE_RSA_WITH_AES_128_GCM_SHA256, TLS_DHE_RSA_WITH_AES_256_GCM_SHA384, TLS_DHE_RSA_WITH_CHACHA20_POLY1305_SHA256, TLS_DHE_DSS_WITH_AES_256_GCM_SHA384, TLS_DHE_RSA_WITH_AES_128_GCM_SHA256, TLS_DHE_DSS_WITH_AES_128_GCM_SHA256, TLS_ECDHE_ECDSA_WITH_AES_256_CBC_SHA384, TLS_ECDHE_RSA_WITH_AES_256_CBC_SHA384, TLS_ECDHE_ECDSA_WITH_AES_128_CBC_SHA256, TLS_ECDHE_RSA_WITH_AES_128_CBC_SHA256, TLS_DHE_RSA_WITH_AES_256_CBC_SHA256, TLS_DHE_DSS_WITH_AES_256_CBC_SHA256, TLS_DHE_RSA_WITH_AES_128_CBC_SHA256, TLS_DHE_DSS_WITH_AES_128_CBC_SHA256, TLS_ECDHE_ECDSA_WITH_AES_256_CBC_SHA, TLS_ECDHE_RSA_WITH_AES_256_CBC_SHA, TLS_ECDHE_ECDSA_WITH_AES_128_CBC_SHA, TLS_ECDHE_RSA_WITH_AES_128_CBC_SHA, TLS_DHE_RSA_WITH_AES_256_CBC_SHA, TLS_DHE_DSS_WITH_AES_256_CBC_SHA, TLS_DHE_RSA_WITH_AES_128_CBC_SHA, TLS_DHE_DSS_WITH_AES_128_CBC_SHA, TLS_RSA_WITH_AES_256_GCM_SHA384, TLS_RSA_WITH_AES_128_GCM_SHA256, TLS_RSA_WITH_AES_256_CBC_SHA256, TLS_RSA_WITH_AES_128_CBC_SHA256, TLS_RSA_WITH_AES_256_CBC_SHA, TLS_RSA_WITH_AES_128_CBC_SHA, TLS_EMPTY_RENEGOTIATION_INFO_SCSV]
08:59:50.001 [main] DEBUG org.apache.http.conn.ssl.SSLConnectionSocketFactory -- Starting handshake
08:59:50.083 [main] DEBUG org.apache.http.conn.ssl.SSLConnectionSocketFactory -- Secure session established
08:59:50.084 [main] DEBUG org.apache.http.conn.ssl.SSLConnectionSocketFactory --  negotiated protocol: TLSv1.3
08:59:50.084 [main] DEBUG org.apache.http.conn.ssl.SSLConnectionSocketFactory --  negotiated cipher suite: TLS_AES_128_GCM_SHA256
08:59:50.084 [main] DEBUG org.apache.http.conn.ssl.SSLConnectionSocketFactory --  peer principal: CN=dummyjson.com
08:59:50.084 [main] DEBUG org.apache.http.conn.ssl.SSLConnectionSocketFactory --  peer alternative names: [dummyjson.com]
08:59:50.084 [main] DEBUG org.apache.http.conn.ssl.SSLConnectionSocketFactory --  issuer principal: CN=R11, O=Let's Encrypt, C=US
08:59:50.085 [main] DEBUG org.apache.http.impl.conn.DefaultHttpClientConnectionOperator -- Connection established 192.168.1.6:52003<->66.33.22.2:443
08:59:50.085 [main] DEBUG org.apache.http.impl.conn.DefaultManagedHttpClientConnection -- http-outgoing-0: set socket timeout to 30000
08:59:50.085 [main] DEBUG org.apache.http.impl.execchain.MainClientExec -- Executing request POST /auth/login HTTP/1.1
08:59:50.085 [main] DEBUG org.apache.http.impl.execchain.MainClientExec -- Target auth state: UNCHALLENGED
08:59:50.088 [main] DEBUG org.apache.http.impl.execchain.MainClientExec -- Proxy auth state: UNCHALLENGED
08:59:50.108 [main] DEBUG org.apache.http.headers -- http-outgoing-0 >> POST /auth/login HTTP/1.1
08:59:50.109 [main] DEBUG org.apache.http.headers -- http-outgoing-0 >> Content-Type: application/json; charset=UTF-8
08:59:50.109 [main] DEBUG org.apache.http.headers -- http-outgoing-0 >> Content-Length: 45
08:59:50.109 [main] DEBUG org.apache.http.headers -- http-outgoing-0 >> Host: dummyjson.com
08:59:50.109 [main] DEBUG org.apache.http.headers -- http-outgoing-0 >> Connection: Keep-Alive
08:59:50.110 [main] DEBUG org.apache.http.headers -- http-outgoing-0 >> User-Agent: Apache-HttpClient/4.5.14 (Java/17.0.15)
08:59:50.110 [main] DEBUG org.apache.http.headers -- http-outgoing-0 >> Accept-Encoding: gzip,deflate
08:59:50.112 [main] DEBUG org.apache.http.wire -- http-outgoing-0 >> "POST /auth/login HTTP/1.1[\r][\n]"
08:59:50.112 [main] DEBUG org.apache.http.wire -- http-outgoing-0 >> "Content-Type: application/json; charset=UTF-8[\r][\n]"
08:59:50.112 [main] DEBUG org.apache.http.wire -- http-outgoing-0 >> "Content-Length: 45[\r][\n]"
08:59:50.113 [main] DEBUG org.apache.http.wire -- http-outgoing-0 >> "Host: dummyjson.com[\r][\n]"
08:59:50.113 [main] DEBUG org.apache.http.wire -- http-outgoing-0 >> "Connection: Keep-Alive[\r][\n]"
08:59:50.113 [main] DEBUG org.apache.http.wire -- http-outgoing-0 >> "User-Agent: Apache-HttpClient/4.5.14 (Java/17.0.15)[\r][\n]"
08:59:50.113 [main] DEBUG org.apache.http.wire -- http-outgoing-0 >> "Accept-Encoding: gzip,deflate[\r][\n]"
08:59:50.113 [main] DEBUG org.apache.http.wire -- http-outgoing-0 >> "[\r][\n]"
08:59:50.113 [main] DEBUG org.apache.http.wire -- http-outgoing-0 >> "{"username":"emilys","password":"emilyspass"}"
08:59:50.139 [main] DEBUG org.apache.http.wire -- http-outgoing-0 << "HTTP/1.1 200 OK[\r][\n]"
08:59:50.139 [main] DEBUG org.apache.http.wire -- http-outgoing-0 << "Access-Control-Allow-Origin: *[\r][\n]"
08:59:50.139 [main] DEBUG org.apache.http.wire -- http-outgoing-0 << "Content-Length: 930[\r][\n]"
08:59:50.139 [main] DEBUG org.apache.http.wire -- http-outgoing-0 << "Content-Type: application/json; charset=utf-8[\r][\n]"
08:59:50.139 [main] DEBUG org.apache.http.wire -- http-outgoing-0 << "Date: Sun, 06 Jul 2025 01:59:50 GMT[\r][\n]"
08:59:50.139 [main] DEBUG org.apache.http.wire -- http-outgoing-0 << "Etag: W/"3a2-CdEa3UiE1SuhDf2GKlEDisK34lo"[\r][\n]"
08:59:50.139 [main] DEBUG org.apache.http.wire -- http-outgoing-0 << "Server: railway-edge[\r][\n]"
08:59:50.139 [main] DEBUG org.apache.http.wire -- http-outgoing-0 << "Set-Cookie: accessToken=eyJhbGciOiJIUzI1NiIsInR5cCI6IkpXVCJ9.eyJpZCI6MSwidXNlcm5hbWUiOiJlbWlseXMiLCJlbWFpbCI6ImVtaWx5LmpvaG5zb25AeC5kdW1teWpzb24uY29tIiwiZmlyc3ROYW1lIjoiRW1pbHkiLCJsYXN0TmFtZSI6IkpvaG5zb24iLCJnZW5kZXIiOiJmZW1hbGUiLCJpbWFnZSI6Imh0dHBzOi8vZHVtbXlqc29uLmNvbS9pY29uL2VtaWx5cy8xMjgiLCJpYXQiOjE3NTE3NjcxOTAsImV4cCI6MTc1MTc3MDc5MH0.IzH9ot3a9rM-_Or4cUq5ZdQV5Zvx_LzgmOapme1DWx0; Max-Age=3600; Path=/; Expires=Sun, 06 Jul 2025 02:59:50 GMT; HttpOnly; Secure[\r][\n]"
08:59:50.139 [main] DEBUG org.apache.http.wire -- http-outgoing-0 << "Set-Cookie: refreshToken=eyJhbGciOiJIUzI1NiIsInR5cCI6IkpXVCJ9.eyJpZCI6MSwidXNlcm5hbWUiOiJlbWlseXMiLCJlbWFpbCI6ImVtaWx5LmpvaG5zb25AeC5kdW1teWpzb24uY29tIiwiZmlyc3ROYW1lIjoiRW1pbHkiLCJsYXN0TmFtZSI6IkpvaG5zb24iLCJnZW5kZXIiOiJmZW1hbGUiLCJpbWFnZSI6Imh0dHBzOi8vZHVtbXlqc29uLmNvbS9pY29uL2VtaWx5cy8xMjgiLCJpYXQiOjE3NTE3NjcxOTAsImV4cCI6MTc1NDM1OTE5MH0.0HDS0UwyX2zxT0tsoFUEMW1AcGDW0XdCPv_Z2zcrm3M; Max-Age=3600; Path=/; Expires=Sun, 06 Jul 2025 02:59:50 GMT; HttpOnly; Secure[\r][\n]"
08:59:50.139 [main] DEBUG org.apache.http.wire -- http-outgoing-0 << "Strict-Transport-Security: max-age=1"
08:59:50.140 [main] DEBUG org.apache.http.wire -- http-outgoing-0 << "5552000; includeSubDomains[\r][\n]"
08:59:50.140 [main] DEBUG org.apache.http.wire -- http-outgoing-0 << "Vary: Accept-Encoding[\r][\n]"
08:59:50.140 [main] DEBUG org.apache.http.wire -- http-outgoing-0 << "X-Content-Type-Options: nosniff[\r][\n]"
08:59:50.140 [main] DEBUG org.apache.http.wire -- http-outgoing-0 << "X-Dns-Prefetch-Control: off[\r][\n]"
08:59:50.140 [main] DEBUG org.apache.http.wire -- http-outgoing-0 << "X-Download-Options: noopen[\r][\n]"
08:59:50.140 [main] DEBUG org.apache.http.wire -- http-outgoing-0 << "X-Frame-Options: SAMEORIGIN[\r][\n]"
08:59:50.141 [main] DEBUG org.apache.http.wire -- http-outgoing-0 << "X-Powered-By: Cats on Keyboards[\r][\n]"
08:59:50.141 [main] DEBUG org.apache.http.wire -- http-outgoing-0 << "X-Railway-Edge: railway/asia-southeast1-eqsg3a[\r][\n]"
08:59:50.141 [main] DEBUG org.apache.http.wire -- http-outgoing-0 << "X-Railway-Request-Id: OdXY3-AtTZWxRkmIAQeqjw[\r][\n]"
08:59:50.141 [main] DEBUG org.apache.http.wire -- http-outgoing-0 << "X-Ratelimit-Limit: 100[\r][\n]"
08:59:50.141 [main] DEBUG org.apache.http.wire -- http-outgoing-0 << "X-Ratelimit-Remaining: 99[\r][\n]"
08:59:50.141 [main] DEBUG org.apache.http.wire -- http-outgoing-0 << "X-Ratelimit-Reset: 1751767192[\r][\n]"
08:59:50.141 [main] DEBUG org.apache.http.wire -- http-outgoing-0 << "X-Xss-Protection: 1; mode=block[\r][\n]"
08:59:50.141 [main] DEBUG org.apache.http.wire -- http-outgoing-0 << "[\r][\n]"
08:59:50.141 [main] DEBUG org.apache.http.wire -- http-outgoing-0 << "{"accessToken":"eyJhbGciOiJIUzI1NiIsInR5cCI6IkpXVCJ9.eyJpZCI6MSwidXNlcm5hbWUiOiJlbWlseXMiLCJlbWFpbCI6ImVtaWx5LmpvaG5zb25AeC5kdW1teWpzb24uY29tIiwiZmlyc3ROYW1lIjoiRW1pbHkiLCJsYXN0TmFtZSI6IkpvaG5zb24iLCJnZW5kZXIiOiJmZW1hbGUiLCJpbWFnZSI6Imh0dHBzOi8vZHVtbXlqc29uLmNvbS9pY29uL2VtaWx5cy8xMjgiLCJpYXQiOjE3NTE3NjcxOTAsImV4cCI6MTc1MTc3MDc5MH0.IzH9ot3a9rM-_Or4cUq5ZdQV5Zvx_LzgmOapme1DWx0","refreshToken":"eyJhbGciOiJIUzI1NiIsInR5cCI6IkpXVCJ9.eyJpZCI6MSwidXNlcm5hbWUiOiJlbWlseXMiLCJlbWFpbCI6ImVtaWx5LmpvaG5zb25AeC5kdW1teWpzb24uY29tIiwiZmlyc3ROYW1lIjoiRW1pbHkiLCJsYXN0TmFtZSI6IkpvaG5zb24iLCJnZW5kZXIiOiJmZW1hbGUiLCJpbWFnZSI6Imh0dHBzOi8vZHVtbXlqc29uLmNvbS9pY29uL2VtaWx5cy8xMjgiLCJpYXQiOjE3NTE3NjcxOTAsImV4cCI6MTc1NDM1OTE5MH0.0HDS0UwyX2zxT0tsoFUEMW1AcGDW0XdCPv_Z2zcrm3M","id":1,"username":"emilys","email":"emily.johnson@x.dummyjson.com","firstName":"Emily","lastName":"Johnson","gender":"female","image":"https://dummyjson.com/icon/emilys/128"}"
08:59:50.141 [main] DEBUG org.apache.http.headers -- http-outgoing-0 << HTTP/1.1 200 OK
08:59:50.141 [main] DEBUG org.apache.http.headers -- http-outgoing-0 << Access-Control-Allow-Origin: *
08:59:50.141 [main] DEBUG org.apache.http.headers -- http-outgoing-0 << Content-Length: 930
08:59:50.141 [main] DEBUG org.apache.http.headers -- http-outgoing-0 << Content-Type: application/json; charset=utf-8
08:59:50.141 [main] DEBUG org.apache.http.headers -- http-outgoing-0 << Date: Sun, 06 Jul 2025 01:59:50 GMT
08:59:50.141 [main] DEBUG org.apache.http.headers -- http-outgoing-0 << Etag: W/"3a2-CdEa3UiE1SuhDf2GKlEDisK34lo"
08:59:50.141 [main] DEBUG org.apache.http.headers -- http-outgoing-0 << Server: railway-edge
08:59:50.141 [main] DEBUG org.apache.http.headers -- http-outgoing-0 << Set-Cookie: accessToken=eyJhbGciOiJIUzI1NiIsInR5cCI6IkpXVCJ9.eyJpZCI6MSwidXNlcm5hbWUiOiJlbWlseXMiLCJlbWFpbCI6ImVtaWx5LmpvaG5zb25AeC5kdW1teWpzb24uY29tIiwiZmlyc3ROYW1lIjoiRW1pbHkiLCJsYXN0TmFtZSI6IkpvaG5zb24iLCJnZW5kZXIiOiJmZW1hbGUiLCJpbWFnZSI6Imh0dHBzOi8vZHVtbXlqc29uLmNvbS9pY29uL2VtaWx5cy8xMjgiLCJpYXQiOjE3NTE3NjcxOTAsImV4cCI6MTc1MTc3MDc5MH0.IzH9ot3a9rM-_Or4cUq5ZdQV5Zvx_LzgmOapme1DWx0; Max-Age=3600; Path=/; Expires=Sun, 06 Jul 2025 02:59:50 GMT; HttpOnly; Secure
08:59:50.141 [main] DEBUG org.apache.http.headers -- http-outgoing-0 << Set-Cookie: refreshToken=eyJhbGciOiJIUzI1NiIsInR5cCI6IkpXVCJ9.eyJpZCI6MSwidXNlcm5hbWUiOiJlbWlseXMiLCJlbWFpbCI6ImVtaWx5LmpvaG5zb25AeC5kdW1teWpzb24uY29tIiwiZmlyc3ROYW1lIjoiRW1pbHkiLCJsYXN0TmFtZSI6IkpvaG5zb24iLCJnZW5kZXIiOiJmZW1hbGUiLCJpbWFnZSI6Imh0dHBzOi8vZHVtbXlqc29uLmNvbS9pY29uL2VtaWx5cy8xMjgiLCJpYXQiOjE3NTE3NjcxOTAsImV4cCI6MTc1NDM1OTE5MH0.0HDS0UwyX2zxT0tsoFUEMW1AcGDW0XdCPv_Z2zcrm3M; Max-Age=3600; Path=/; Expires=Sun, 06 Jul 2025 02:59:50 GMT; HttpOnly; Secure
08:59:50.142 [main] DEBUG org.apache.http.headers -- http-outgoing-0 << Strict-Transport-Security: max-age=15552000; includeSubDomains
08:59:50.142 [main] DEBUG org.apache.http.headers -- http-outgoing-0 << Vary: Accept-Encoding
08:59:50.142 [main] DEBUG org.apache.http.headers -- http-outgoing-0 << X-Content-Type-Options: nosniff
08:59:50.142 [main] DEBUG org.apache.http.headers -- http-outgoing-0 << X-Dns-Prefetch-Control: off
08:59:50.142 [main] DEBUG org.apache.http.headers -- http-outgoing-0 << X-Download-Options: noopen
08:59:50.142 [main] DEBUG org.apache.http.headers -- http-outgoing-0 << X-Frame-Options: SAMEORIGIN
08:59:50.142 [main] DEBUG org.apache.http.headers -- http-outgoing-0 << X-Powered-By: Cats on Keyboards
08:59:50.142 [main] DEBUG org.apache.http.headers -- http-outgoing-0 << X-Railway-Edge: railway/asia-southeast1-eqsg3a
08:59:50.142 [main] DEBUG org.apache.http.headers -- http-outgoing-0 << X-Railway-Request-Id: OdXY3-AtTZWxRkmIAQeqjw
08:59:50.142 [main] DEBUG org.apache.http.headers -- http-outgoing-0 << X-Ratelimit-Limit: 100
08:59:50.142 [main] DEBUG org.apache.http.headers -- http-outgoing-0 << X-Ratelimit-Remaining: 99
08:59:50.142 [main] DEBUG org.apache.http.headers -- http-outgoing-0 << X-Ratelimit-Reset: 1751767192
08:59:50.142 [main] DEBUG org.apache.http.headers -- http-outgoing-0 << X-Xss-Protection: 1; mode=block
08:59:50.143 [main] DEBUG org.apache.http.impl.execchain.MainClientExec -- Connection can be kept alive indefinitely
08:59:50.150 [main] DEBUG org.apache.http.client.protocol.ResponseProcessCookies -- Cookie accepted [accessToken="eyJhbGciOiJIUzI1NiIsInR5cCI6IkpXVCJ9.eyJpZCI6MSwidXNlcm5hbWUiOiJlbWlseXMiLCJlbWFpbCI6ImVtaWx5LmpvaG5...", version:0, domain:dummyjson.com, path:/, expiry:Sun Jul 06 09:59:50 WIB 2025]
08:59:50.150 [main] DEBUG org.apache.http.client.protocol.ResponseProcessCookies -- Cookie accepted [refreshToken="eyJhbGciOiJIUzI1NiIsInR5cCI6IkpXVCJ9.eyJpZCI6MSwidXNlcm5hbWUiOiJlbWlseXMiLCJlbWFpbCI6ImVtaWx5LmpvaG5...", version:0, domain:dummyjson.com, path:/, expiry:Sun Jul 06 09:59:50 WIB 2025]
08:59:50.150 [main] DEBUG org.apache.http.impl.conn.PoolingHttpClientConnectionManager -- Connection [id: 0][route: {s}->https://dummyjson.com:443] can be kept alive indefinitely
08:59:50.150 [main] DEBUG org.apache.http.impl.conn.DefaultManagedHttpClientConnection -- http-outgoing-0: set socket timeout to 0
08:59:50.150 [main] DEBUG org.apache.http.impl.conn.PoolingHttpClientConnectionManager -- Connection released: [id: 0][route: {s}->https://dummyjson.com:443][total available: 1; route allocated: 1 of 5; total allocated: 1 of 10]
08:59:50.150 [main] DEBUG org.apache.http.impl.conn.PoolingHttpClientConnectionManager -- Connection manager is shutting down
08:59:50.151 [main] DEBUG org.apache.http.impl.conn.DefaultManagedHttpClientConnection -- http-outgoing-0: Close connection
08:59:50.152 [main] DEBUG org.apache.http.impl.conn.PoolingHttpClientConnectionManager -- Connection manager shut down
08:59:50.154 [main] DEBUG com.intuit.karate -- response time in milliseconds: 213
1 < 200
1 < Access-Control-Allow-Origin: *
1 < Content-Length: 930
1 < Content-Type: application/json; charset=utf-8
1 < Date: Sun, 06 Jul 2025 01:59:50 GMT
1 < Etag: W/"3a2-CdEa3UiE1SuhDf2GKlEDisK34lo"
1 < Server: railway-edge
1 < Set-Cookie: accessToken=eyJhbGciOiJIUzI1NiIsInR5cCI6IkpXVCJ9.eyJpZCI6MSwidXNlcm5hbWUiOiJlbWlseXMiLCJlbWFpbCI6ImVtaWx5LmpvaG5zb25AeC5kdW1teWpzb24uY29tIiwiZmlyc3ROYW1lIjoiRW1pbHkiLCJsYXN0TmFtZSI6IkpvaG5zb24iLCJnZW5kZXIiOiJmZW1hbGUiLCJpbWFnZSI6Imh0dHBzOi8vZHVtbXlqc29uLmNvbS9pY29uL2VtaWx5cy8xMjgiLCJpYXQiOjE3NTE3NjcxOTAsImV4cCI6MTc1MTc3MDc5MH0.IzH9ot3a9rM-_Or4cUq5ZdQV5Zvx_LzgmOapme1DWx0; Max-Age=3600; Path=/; Expires=Sun, 06 Jul 2025 02:59:50 GMT; HttpOnly; Secure
1 < Set-Cookie: refreshToken=eyJhbGciOiJIUzI1NiIsInR5cCI6IkpXVCJ9.eyJpZCI6MSwidXNlcm5hbWUiOiJlbWlseXMiLCJlbWFpbCI6ImVtaWx5LmpvaG5zb25AeC5kdW1teWpzb24uY29tIiwiZmlyc3ROYW1lIjoiRW1pbHkiLCJsYXN0TmFtZSI6IkpvaG5zb24iLCJnZW5kZXIiOiJmZW1hbGUiLCJpbWFnZSI6Imh0dHBzOi8vZHVtbXlqc29uLmNvbS9pY29uL2VtaWx5cy8xMjgiLCJpYXQiOjE3NTE3NjcxOTAsImV4cCI6MTc1NDM1OTE5MH0.0HDS0UwyX2zxT0tsoFUEMW1AcGDW0XdCPv_Z2zcrm3M; Max-Age=3600; Path=/; Expires=Sun, 06 Jul 2025 02:59:50 GMT; HttpOnly; Secure
1 < Strict-Transport-Security: max-age=15552000; includeSubDomains
1 < Vary: Accept-Encoding
1 < X-Content-Type-Options: nosniff
1 < X-Dns-Prefetch-Control: off
1 < X-Download-Options: noopen
1 < X-Frame-Options: SAMEORIGIN
1 < X-Powered-By: Cats on Keyboards
1 < X-Railway-Edge: railway/asia-southeast1-eqsg3a
1 < X-Railway-Request-Id: OdXY3-AtTZWxRkmIAQeqjw
1 < X-Ratelimit-Limit: 100
1 < X-Ratelimit-Remaining: 99
1 < X-Ratelimit-Reset: 1751767192
1 < X-Xss-Protection: 1; mode=block
{
  "accessToken": "eyJhbGciOiJIUzI1NiIsInR5cCI6IkpXVCJ9.eyJpZCI6MSwidXNlcm5hbWUiOiJlbWlseXMiLCJlbWFpbCI6ImVtaWx5LmpvaG5zb25AeC5kdW1teWpzb24uY29tIiwiZmlyc3ROYW1lIjoiRW1pbHkiLCJsYXN0TmFtZSI6IkpvaG5zb24iLCJnZW5kZXIiOiJmZW1hbGUiLCJpbWFnZSI6Imh0dHBzOi8vZHVtbXlqc29uLmNvbS9pY29uL2VtaWx5cy8xMjgiLCJpYXQiOjE3NTE3NjcxOTAsImV4cCI6MTc1MTc3MDc5MH0.IzH9ot3a9rM-_Or4cUq5ZdQV5Zvx_LzgmOapme1DWx0",
  "refreshToken": "eyJhbGciOiJIUzI1NiIsInR5cCI6IkpXVCJ9.eyJpZCI6MSwidXNlcm5hbWUiOiJlbWlseXMiLCJlbWFpbCI6ImVtaWx5LmpvaG5zb25AeC5kdW1teWpzb24uY29tIiwiZmlyc3ROYW1lIjoiRW1pbHkiLCJsYXN0TmFtZSI6IkpvaG5zb24iLCJnZW5kZXIiOiJmZW1hbGUiLCJpbWFnZSI6Imh0dHBzOi8vZHVtbXlqc29uLmNvbS9pY29uL2VtaWx5cy8xMjgiLCJpYXQiOjE3NTE3NjcxOTAsImV4cCI6MTc1NDM1OTE5MH0.0HDS0UwyX2zxT0tsoFUEMW1AcGDW0XdCPv_Z2zcrm3M",
  "id": 1,
  "username": "emilys",
  "email": "emily.johnson@x.dummyjson.com",
  "firstName": "Emily",
  "lastName": "Johnson",
  "gender": "female",
  "image": "https://dummyjson.com/icon/emilys/128"
}


08:59:50.158 [main] DEBUG com.jayway.jsonpath.internal.path.CompiledPath -- Evaluating path: $['accessToken']
08:59:50.161 [main] DEBUG com.jayway.jsonpath.internal.path.CompiledPath -- Evaluating path: $['refreshToken']
08:59:50.161 [main] DEBUG com.intuit.karate.core.ScenarioEngine -- over-writing existing variable 'token' with new value: response.accessToken
08:59:50.162 [main] DEBUG com.intuit.karate.core.ScenarioEngine -- over-writing existing variable 'refreshToken' with new value: response.refreshToken
08:59:50.164 [main] INFO com.intuit.karate -- [print] {
  "accessToken": "eyJhbGciOiJIUzI1NiIsInR5cCI6IkpXVCJ9.eyJpZCI6MSwidXNlcm5hbWUiOiJlbWlseXMiLCJlbWFpbCI6ImVtaWx5LmpvaG5zb25AeC5kdW1teWpzb24uY29tIiwiZmlyc3ROYW1lIjoiRW1pbHkiLCJsYXN0TmFtZSI6IkpvaG5zb24iLCJnZW5kZXIiOiJmZW1hbGUiLCJpbWFnZSI6Imh0dHBzOi8vZHVtbXlqc29uLmNvbS9pY29uL2VtaWx5cy8xMjgiLCJpYXQiOjE3NTE3NjcxOTAsImV4cCI6MTc1MTc3MDc5MH0.IzH9ot3a9rM-_Or4cUq5ZdQV5Zvx_LzgmOapme1DWx0",
  "refreshToken": "eyJhbGciOiJIUzI1NiIsInR5cCI6IkpXVCJ9.eyJpZCI6MSwidXNlcm5hbWUiOiJlbWlseXMiLCJlbWFpbCI6ImVtaWx5LmpvaG5zb25AeC5kdW1teWpzb24uY29tIiwiZmlyc3ROYW1lIjoiRW1pbHkiLCJsYXN0TmFtZSI6IkpvaG5zb24iLCJnZW5kZXIiOiJmZW1hbGUiLCJpbWFnZSI6Imh0dHBzOi8vZHVtbXlqc29uLmNvbS9pY29uL2VtaWx5cy8xMjgiLCJpYXQiOjE3NTE3NjcxOTAsImV4cCI6MTc1NDM1OTE5MH0.0HDS0UwyX2zxT0tsoFUEMW1AcGDW0XdCPv_Z2zcrm3M",
  "id": 1,
  "username": "emilys",
  "email": "emily.johnson@x.dummyjson.com",
  "firstName": "Emily",
  "lastName": "Johnson",
  "gender": "female",
  "image": "https://dummyjson.com/icon/emilys/128"
}
 
]]></system-out>
  </testcase>
  <testcase name="[2:20] Get Auth User Info (with Bearer token)" classname="dummyjson/Auth" time="0.219">
    <system-out><![CDATA[08:59:50.177 [main] DEBUG com.jayway.jsonpath.internal.path.CompiledPath -- Evaluating path: $
08:59:50.179 [main] DEBUG com.intuit.karate.core.ScenarioEngine -- over-writing existing variable 'token' with new value: loginResponse().accessToken
08:59:50.182 [main] INFO com.intuit.karate -- >> lock acquired, begin callSingle: classpath:dummyjson/Auth.feature@loginOnly
08:59:50.188 [main] INFO com.intuit.karate.core.FeatureRuntime -- classpath:dummyjson/Auth.feature - call by tag at line 54: loginOnly
08:59:50.191 [main] DEBUG com.jayway.jsonpath.internal.path.CompiledPath -- Evaluating path: $
08:59:50.192 [main] DEBUG org.apache.http.client.protocol.RequestAddCookies -- CookieSpec selected: karate
08:59:50.192 [main] DEBUG org.apache.http.client.protocol.RequestAuthCache -- Auth cache not set in the context
08:59:50.193 [main] DEBUG com.intuit.karate -- request:
1 > POST https://dummyjson.com/auth/login
1 > Content-Type: application/json; charset=UTF-8
1 > Content-Length: 45
1 > Host: dummyjson.com
1 > Connection: Keep-Alive
1 > User-Agent: Apache-HttpClient/4.5.14 (Java/17.0.15)
1 > Accept-Encoding: gzip,deflate
{
  "username": "emilys",
  "password": "emilyspass"
}


08:59:50.193 [main] DEBUG org.apache.http.impl.conn.PoolingHttpClientConnectionManager -- Connection request: [route: {s}->https://dummyjson.com:443][total available: 0; route allocated: 0 of 5; total allocated: 0 of 10]
08:59:50.193 [main] DEBUG org.apache.http.impl.conn.PoolingHttpClientConnectionManager -- Connection leased: [id: 1][route: {s}->https://dummyjson.com:443][total available: 0; route allocated: 1 of 5; total allocated: 1 of 10]
08:59:50.193 [main] DEBUG org.apache.http.impl.execchain.MainClientExec -- Opening connection {s}->https://dummyjson.com:443
08:59:50.193 [main] DEBUG org.apache.http.impl.conn.DefaultHttpClientConnectionOperator -- Connecting to dummyjson.com/66.33.22.2:443
08:59:50.193 [main] DEBUG org.apache.http.conn.ssl.SSLConnectionSocketFactory -- Connecting socket to dummyjson.com/66.33.22.2:443 with timeout 30000
08:59:50.217 [main] DEBUG org.apache.http.conn.ssl.SSLConnectionSocketFactory -- Enabled protocols: [TLSv1.3, TLSv1.2]
08:59:50.217 [main] DEBUG org.apache.http.conn.ssl.SSLConnectionSocketFactory -- Enabled cipher suites:[TLS_AES_256_GCM_SHA384, TLS_AES_128_GCM_SHA256, TLS_CHACHA20_POLY1305_SHA256, TLS_ECDHE_ECDSA_WITH_AES_256_GCM_SHA384, TLS_ECDHE_ECDSA_WITH_AES_128_GCM_SHA256, TLS_ECDHE_ECDSA_WITH_CHACHA20_POLY1305_SHA256, TLS_ECDHE_RSA_WITH_AES_256_GCM_SHA384, TLS_ECDHE_RSA_WITH_CHACHA20_POLY1305_SHA256, TLS_ECDHE_RSA_WITH_AES_128_GCM_SHA256, TLS_DHE_RSA_WITH_AES_256_GCM_SHA384, TLS_DHE_RSA_WITH_CHACHA20_POLY1305_SHA256, TLS_DHE_DSS_WITH_AES_256_GCM_SHA384, TLS_DHE_RSA_WITH_AES_128_GCM_SHA256, TLS_DHE_DSS_WITH_AES_128_GCM_SHA256, TLS_ECDHE_ECDSA_WITH_AES_256_CBC_SHA384, TLS_ECDHE_RSA_WITH_AES_256_CBC_SHA384, TLS_ECDHE_ECDSA_WITH_AES_128_CBC_SHA256, TLS_ECDHE_RSA_WITH_AES_128_CBC_SHA256, TLS_DHE_RSA_WITH_AES_256_CBC_SHA256, TLS_DHE_DSS_WITH_AES_256_CBC_SHA256, TLS_DHE_RSA_WITH_AES_128_CBC_SHA256, TLS_DHE_DSS_WITH_AES_128_CBC_SHA256, TLS_ECDHE_ECDSA_WITH_AES_256_CBC_SHA, TLS_ECDHE_RSA_WITH_AES_256_CBC_SHA, TLS_ECDHE_ECDSA_WITH_AES_128_CBC_SHA, TLS_ECDHE_RSA_WITH_AES_128_CBC_SHA, TLS_DHE_RSA_WITH_AES_256_CBC_SHA, TLS_DHE_DSS_WITH_AES_256_CBC_SHA, TLS_DHE_RSA_WITH_AES_128_CBC_SHA, TLS_DHE_DSS_WITH_AES_128_CBC_SHA, TLS_RSA_WITH_AES_256_GCM_SHA384, TLS_RSA_WITH_AES_128_GCM_SHA256, TLS_RSA_WITH_AES_256_CBC_SHA256, TLS_RSA_WITH_AES_128_CBC_SHA256, TLS_RSA_WITH_AES_256_CBC_SHA, TLS_RSA_WITH_AES_128_CBC_SHA, TLS_EMPTY_RENEGOTIATION_INFO_SCSV]
08:59:50.217 [main] DEBUG org.apache.http.conn.ssl.SSLConnectionSocketFactory -- Starting handshake
08:59:50.269 [main] DEBUG org.apache.http.conn.ssl.SSLConnectionSocketFactory -- Secure session established
08:59:50.270 [main] DEBUG org.apache.http.conn.ssl.SSLConnectionSocketFactory --  negotiated protocol: TLSv1.3
08:59:50.270 [main] DEBUG org.apache.http.conn.ssl.SSLConnectionSocketFactory --  negotiated cipher suite: TLS_AES_128_GCM_SHA256
08:59:50.270 [main] DEBUG org.apache.http.conn.ssl.SSLConnectionSocketFactory --  peer principal: CN=dummyjson.com
08:59:50.270 [main] DEBUG org.apache.http.conn.ssl.SSLConnectionSocketFactory --  peer alternative names: [dummyjson.com]
08:59:50.270 [main] DEBUG org.apache.http.conn.ssl.SSLConnectionSocketFactory --  issuer principal: CN=R11, O=Let's Encrypt, C=US
08:59:50.270 [main] DEBUG org.apache.http.impl.conn.DefaultHttpClientConnectionOperator -- Connection established 192.168.1.6:52004<->66.33.22.2:443
08:59:50.270 [main] DEBUG org.apache.http.impl.conn.DefaultManagedHttpClientConnection -- http-outgoing-1: set socket timeout to 30000
08:59:50.270 [main] DEBUG org.apache.http.impl.execchain.MainClientExec -- Executing request POST /auth/login HTTP/1.1
08:59:50.270 [main] DEBUG org.apache.http.impl.execchain.MainClientExec -- Target auth state: UNCHALLENGED
08:59:50.270 [main] DEBUG org.apache.http.impl.execchain.MainClientExec -- Proxy auth state: UNCHALLENGED
08:59:50.270 [main] DEBUG org.apache.http.headers -- http-outgoing-1 >> POST /auth/login HTTP/1.1
08:59:50.270 [main] DEBUG org.apache.http.headers -- http-outgoing-1 >> Content-Type: application/json; charset=UTF-8
08:59:50.270 [main] DEBUG org.apache.http.headers -- http-outgoing-1 >> Content-Length: 45
08:59:50.270 [main] DEBUG org.apache.http.headers -- http-outgoing-1 >> Host: dummyjson.com
08:59:50.270 [main] DEBUG org.apache.http.headers -- http-outgoing-1 >> Connection: Keep-Alive
08:59:50.270 [main] DEBUG org.apache.http.headers -- http-outgoing-1 >> User-Agent: Apache-HttpClient/4.5.14 (Java/17.0.15)
08:59:50.270 [main] DEBUG org.apache.http.headers -- http-outgoing-1 >> Accept-Encoding: gzip,deflate
08:59:50.270 [main] DEBUG org.apache.http.wire -- http-outgoing-1 >> "POST /auth/login HTTP/1.1[\r][\n]"
08:59:50.270 [main] DEBUG org.apache.http.wire -- http-outgoing-1 >> "Content-Type: application/json; charset=UTF-8[\r][\n]"
08:59:50.270 [main] DEBUG org.apache.http.wire -- http-outgoing-1 >> "Content-Length: 45[\r][\n]"
08:59:50.270 [main] DEBUG org.apache.http.wire -- http-outgoing-1 >> "Host: dummyjson.com[\r][\n]"
08:59:50.271 [main] DEBUG org.apache.http.wire -- http-outgoing-1 >> "Connection: Keep-Alive[\r][\n]"
08:59:50.271 [main] DEBUG org.apache.http.wire -- http-outgoing-1 >> "User-Agent: Apache-HttpClient/4.5.14 (Java/17.0.15)[\r][\n]"
08:59:50.271 [main] DEBUG org.apache.http.wire -- http-outgoing-1 >> "Accept-Encoding: gzip,deflate[\r][\n]"
08:59:50.271 [main] DEBUG org.apache.http.wire -- http-outgoing-1 >> "[\r][\n]"
08:59:50.271 [main] DEBUG org.apache.http.wire -- http-outgoing-1 >> "{"username":"emilys","password":"emilyspass"}"
08:59:50.299 [main] DEBUG org.apache.http.wire -- http-outgoing-1 << "HTTP/1.1 200 OK[\r][\n]"
08:59:50.300 [main] DEBUG org.apache.http.wire -- http-outgoing-1 << "Access-Control-Allow-Origin: *[\r][\n]"
08:59:50.300 [main] DEBUG org.apache.http.wire -- http-outgoing-1 << "Content-Length: 930[\r][\n]"
08:59:50.300 [main] DEBUG org.apache.http.wire -- http-outgoing-1 << "Content-Type: application/json; charset=utf-8[\r][\n]"
08:59:50.300 [main] DEBUG org.apache.http.wire -- http-outgoing-1 << "Date: Sun, 06 Jul 2025 01:59:50 GMT[\r][\n]"
08:59:50.300 [main] DEBUG org.apache.http.wire -- http-outgoing-1 << "Etag: W/"3a2-CdEa3UiE1SuhDf2GKlEDisK34lo"[\r][\n]"
08:59:50.300 [main] DEBUG org.apache.http.wire -- http-outgoing-1 << "Server: railway-edge[\r][\n]"
08:59:50.300 [main] DEBUG org.apache.http.wire -- http-outgoing-1 << "Set-Cookie: accessToken=eyJhbGciOiJIUzI1NiIsInR5cCI6IkpXVCJ9.eyJpZCI6MSwidXNlcm5hbWUiOiJlbWlseXMiLCJlbWFpbCI6ImVtaWx5LmpvaG5zb25AeC5kdW1teWpzb24uY29tIiwiZmlyc3ROYW1lIjoiRW1pbHkiLCJsYXN0TmFtZSI6IkpvaG5zb24iLCJnZW5kZXIiOiJmZW1hbGUiLCJpbWFnZSI6Imh0dHBzOi8vZHVtbXlqc29uLmNvbS9pY29uL2VtaWx5cy8xMjgiLCJpYXQiOjE3NTE3NjcxOTAsImV4cCI6MTc1MTc3MDc5MH0.IzH9ot3a9rM-_Or4cUq5ZdQV5Zvx_LzgmOapme1DWx0; Max-Age=3600; Path=/; Expires=Sun, 06 Jul 2025 02:59:50 GMT; HttpOnly; Secure[\r][\n]"
08:59:50.300 [main] DEBUG org.apache.http.wire -- http-outgoing-1 << "Set-Cookie: refreshToken=eyJhbGciOiJIUzI1NiIsInR5cCI6IkpXVCJ9.eyJpZCI6MSwidXNlcm5hbWUiOiJlbWlseXMiLCJlbWFpbCI6ImVtaWx5LmpvaG5zb25AeC5kdW1teWpzb24uY29tIiwiZmlyc3ROYW1lIjoiRW1pbHkiLCJsYXN0TmFtZSI6IkpvaG5zb24iLCJnZW5kZXIiOiJmZW1hbGUiLCJpbWFnZSI6Imh0dHBzOi8vZHVtbXlqc29uLmNvbS9pY29uL2VtaWx5cy8xMjgiLCJpYXQiOjE3NTE3NjcxOTAsImV4cCI6MTc1NDM1OTE5MH0.0HDS0UwyX2zxT0tsoFUEMW1AcGDW0XdCPv_Z2zcrm3M; Max-Age=3600; Path=/; Expires=Sun, 06 Jul 2025 02:59:50 GMT; HttpOnly; Secure[\r][\n]"
08:59:50.300 [main] DEBUG org.apache.http.wire -- http-outgoing-1 << "Strict-Transport-Security: max-age=1"
08:59:50.300 [main] DEBUG org.apache.http.wire -- http-outgoing-1 << "5552000; includeSubDomains[\r][\n]"
08:59:50.300 [main] DEBUG org.apache.http.wire -- http-outgoing-1 << "Vary: Accept-Encoding[\r][\n]"
08:59:50.300 [main] DEBUG org.apache.http.wire -- http-outgoing-1 << "X-Content-Type-Options: nosniff[\r][\n]"
08:59:50.300 [main] DEBUG org.apache.http.wire -- http-outgoing-1 << "X-Dns-Prefetch-Control: off[\r][\n]"
08:59:50.300 [main] DEBUG org.apache.http.wire -- http-outgoing-1 << "X-Download-Options: noopen[\r][\n]"
08:59:50.300 [main] DEBUG org.apache.http.wire -- http-outgoing-1 << "X-Frame-Options: SAMEORIGIN[\r][\n]"
08:59:50.300 [main] DEBUG org.apache.http.wire -- http-outgoing-1 << "X-Powered-By: Cats on Keyboards[\r][\n]"
08:59:50.300 [main] DEBUG org.apache.http.wire -- http-outgoing-1 << "X-Railway-Edge: railway/asia-southeast1-eqsg3a[\r][\n]"
08:59:50.300 [main] DEBUG org.apache.http.wire -- http-outgoing-1 << "X-Railway-Request-Id: POMGDcf6RKqKXHs5DcO5xA[\r][\n]"
08:59:50.300 [main] DEBUG org.apache.http.wire -- http-outgoing-1 << "X-Ratelimit-Limit: 100[\r][\n]"
08:59:50.300 [main] DEBUG org.apache.http.wire -- http-outgoing-1 << "X-Ratelimit-Remaining: 99[\r][\n]"
08:59:50.300 [main] DEBUG org.apache.http.wire -- http-outgoing-1 << "X-Ratelimit-Reset: 1751767193[\r][\n]"
08:59:50.300 [main] DEBUG org.apache.http.wire -- http-outgoing-1 << "X-Xss-Protection: 1; mode=block[\r][\n]"
08:59:50.300 [main] DEBUG org.apache.http.wire -- http-outgoing-1 << "[\r][\n]"
08:59:50.300 [main] DEBUG org.apache.http.wire -- http-outgoing-1 << "{"accessToken":"eyJhbGciOiJIUzI1NiIsInR5cCI6IkpXVCJ9.eyJpZCI6MSwidXNlcm5hbWUiOiJlbWlseXMiLCJlbWFpbCI6ImVtaWx5LmpvaG5zb25AeC5kdW1teWpzb24uY29tIiwiZmlyc3ROYW1lIjoiRW1pbHkiLCJsYXN0TmFtZSI6IkpvaG5zb24iLCJnZW5kZXIiOiJmZW1hbGUiLCJpbWFnZSI6Imh0dHBzOi8vZHVtbXlqc29uLmNvbS9pY29uL2VtaWx5cy8xMjgiLCJpYXQiOjE3NTE3NjcxOTAsImV4cCI6MTc1MTc3MDc5MH0.IzH9ot3a9rM-_Or4cUq5ZdQV5Zvx_LzgmOapme1DWx0","refreshToken":"eyJhbGciOiJIUzI1NiIsInR5cCI6IkpXVCJ9.eyJpZCI6MSwidXNlcm5hbWUiOiJlbWlseXMiLCJlbWFpbCI6ImVtaWx5LmpvaG5zb25AeC5kdW1teWpzb24uY29tIiwiZmlyc3ROYW1lIjoiRW1pbHkiLCJsYXN0TmFtZSI6IkpvaG5zb24iLCJnZW5kZXIiOiJmZW1hbGUiLCJpbWFnZSI6Imh0dHBzOi8vZHVtbXlqc29uLmNvbS9pY29uL2VtaWx5cy8xMjgiLCJpYXQiOjE3NTE3NjcxOTAsImV4cCI6MTc1NDM1OTE5MH0.0HDS0UwyX2zxT0tsoFUEMW1AcGDW0XdCPv_Z2zcrm3M","id":1,"username":"emilys","email":"emily.johnson@x.dummyjson.com","firstName":"Emily","lastName":"Johnson","gender":"female","image":"https://dummyjson.com/icon/emilys/128"}"
08:59:50.301 [main] DEBUG org.apache.http.headers -- http-outgoing-1 << HTTP/1.1 200 OK
08:59:50.301 [main] DEBUG org.apache.http.headers -- http-outgoing-1 << Access-Control-Allow-Origin: *
08:59:50.301 [main] DEBUG org.apache.http.headers -- http-outgoing-1 << Content-Length: 930
08:59:50.301 [main] DEBUG org.apache.http.headers -- http-outgoing-1 << Content-Type: application/json; charset=utf-8
08:59:50.301 [main] DEBUG org.apache.http.headers -- http-outgoing-1 << Date: Sun, 06 Jul 2025 01:59:50 GMT
08:59:50.301 [main] DEBUG org.apache.http.headers -- http-outgoing-1 << Etag: W/"3a2-CdEa3UiE1SuhDf2GKlEDisK34lo"
08:59:50.301 [main] DEBUG org.apache.http.headers -- http-outgoing-1 << Server: railway-edge
08:59:50.301 [main] DEBUG org.apache.http.headers -- http-outgoing-1 << Set-Cookie: accessToken=eyJhbGciOiJIUzI1NiIsInR5cCI6IkpXVCJ9.eyJpZCI6MSwidXNlcm5hbWUiOiJlbWlseXMiLCJlbWFpbCI6ImVtaWx5LmpvaG5zb25AeC5kdW1teWpzb24uY29tIiwiZmlyc3ROYW1lIjoiRW1pbHkiLCJsYXN0TmFtZSI6IkpvaG5zb24iLCJnZW5kZXIiOiJmZW1hbGUiLCJpbWFnZSI6Imh0dHBzOi8vZHVtbXlqc29uLmNvbS9pY29uL2VtaWx5cy8xMjgiLCJpYXQiOjE3NTE3NjcxOTAsImV4cCI6MTc1MTc3MDc5MH0.IzH9ot3a9rM-_Or4cUq5ZdQV5Zvx_LzgmOapme1DWx0; Max-Age=3600; Path=/; Expires=Sun, 06 Jul 2025 02:59:50 GMT; HttpOnly; Secure
08:59:50.301 [main] DEBUG org.apache.http.headers -- http-outgoing-1 << Set-Cookie: refreshToken=eyJhbGciOiJIUzI1NiIsInR5cCI6IkpXVCJ9.eyJpZCI6MSwidXNlcm5hbWUiOiJlbWlseXMiLCJlbWFpbCI6ImVtaWx5LmpvaG5zb25AeC5kdW1teWpzb24uY29tIiwiZmlyc3ROYW1lIjoiRW1pbHkiLCJsYXN0TmFtZSI6IkpvaG5zb24iLCJnZW5kZXIiOiJmZW1hbGUiLCJpbWFnZSI6Imh0dHBzOi8vZHVtbXlqc29uLmNvbS9pY29uL2VtaWx5cy8xMjgiLCJpYXQiOjE3NTE3NjcxOTAsImV4cCI6MTc1NDM1OTE5MH0.0HDS0UwyX2zxT0tsoFUEMW1AcGDW0XdCPv_Z2zcrm3M; Max-Age=3600; Path=/; Expires=Sun, 06 Jul 2025 02:59:50 GMT; HttpOnly; Secure
08:59:50.301 [main] DEBUG org.apache.http.headers -- http-outgoing-1 << Strict-Transport-Security: max-age=15552000; includeSubDomains
08:59:50.301 [main] DEBUG org.apache.http.headers -- http-outgoing-1 << Vary: Accept-Encoding
08:59:50.301 [main] DEBUG org.apache.http.headers -- http-outgoing-1 << X-Content-Type-Options: nosniff
08:59:50.301 [main] DEBUG org.apache.http.headers -- http-outgoing-1 << X-Dns-Prefetch-Control: off
08:59:50.301 [main] DEBUG org.apache.http.headers -- http-outgoing-1 << X-Download-Options: noopen
08:59:50.301 [main] DEBUG org.apache.http.headers -- http-outgoing-1 << X-Frame-Options: SAMEORIGIN
08:59:50.301 [main] DEBUG org.apache.http.headers -- http-outgoing-1 << X-Powered-By: Cats on Keyboards
08:59:50.301 [main] DEBUG org.apache.http.headers -- http-outgoing-1 << X-Railway-Edge: railway/asia-southeast1-eqsg3a
08:59:50.301 [main] DEBUG org.apache.http.headers -- http-outgoing-1 << X-Railway-Request-Id: POMGDcf6RKqKXHs5DcO5xA
08:59:50.301 [main] DEBUG org.apache.http.headers -- http-outgoing-1 << X-Ratelimit-Limit: 100
08:59:50.301 [main] DEBUG org.apache.http.headers -- http-outgoing-1 << X-Ratelimit-Remaining: 99
08:59:50.301 [main] DEBUG org.apache.http.headers -- http-outgoing-1 << X-Ratelimit-Reset: 1751767193
08:59:50.301 [main] DEBUG org.apache.http.headers -- http-outgoing-1 << X-Xss-Protection: 1; mode=block
08:59:50.301 [main] DEBUG org.apache.http.impl.execchain.MainClientExec -- Connection can be kept alive indefinitely
08:59:50.301 [main] DEBUG org.apache.http.client.protocol.ResponseProcessCookies -- Cookie accepted [accessToken="eyJhbGciOiJIUzI1NiIsInR5cCI6IkpXVCJ9.eyJpZCI6MSwidXNlcm5hbWUiOiJlbWlseXMiLCJlbWFpbCI6ImVtaWx5LmpvaG5...", version:0, domain:dummyjson.com, path:/, expiry:Sun Jul 06 09:59:50 WIB 2025]
08:59:50.302 [main] DEBUG org.apache.http.client.protocol.ResponseProcessCookies -- Cookie accepted [refreshToken="eyJhbGciOiJIUzI1NiIsInR5cCI6IkpXVCJ9.eyJpZCI6MSwidXNlcm5hbWUiOiJlbWlseXMiLCJlbWFpbCI6ImVtaWx5LmpvaG5...", version:0, domain:dummyjson.com, path:/, expiry:Sun Jul 06 09:59:50 WIB 2025]
08:59:50.302 [main] DEBUG org.apache.http.impl.conn.PoolingHttpClientConnectionManager -- Connection [id: 1][route: {s}->https://dummyjson.com:443] can be kept alive indefinitely
08:59:50.302 [main] DEBUG org.apache.http.impl.conn.DefaultManagedHttpClientConnection -- http-outgoing-1: set socket timeout to 0
08:59:50.302 [main] DEBUG org.apache.http.impl.conn.PoolingHttpClientConnectionManager -- Connection released: [id: 1][route: {s}->https://dummyjson.com:443][total available: 1; route allocated: 1 of 5; total allocated: 1 of 10]
08:59:50.302 [main] DEBUG org.apache.http.impl.conn.PoolingHttpClientConnectionManager -- Connection manager is shutting down
08:59:50.302 [main] DEBUG org.apache.http.impl.conn.DefaultManagedHttpClientConnection -- http-outgoing-1: Close connection
08:59:50.302 [main] DEBUG org.apache.http.impl.conn.PoolingHttpClientConnectionManager -- Connection manager shut down
08:59:50.303 [main] DEBUG com.intuit.karate -- response time in milliseconds: 109
1 < 200
1 < Access-Control-Allow-Origin: *
1 < Content-Length: 930
1 < Content-Type: application/json; charset=utf-8
1 < Date: Sun, 06 Jul 2025 01:59:50 GMT
1 < Etag: W/"3a2-CdEa3UiE1SuhDf2GKlEDisK34lo"
1 < Server: railway-edge
1 < Set-Cookie: accessToken=eyJhbGciOiJIUzI1NiIsInR5cCI6IkpXVCJ9.eyJpZCI6MSwidXNlcm5hbWUiOiJlbWlseXMiLCJlbWFpbCI6ImVtaWx5LmpvaG5zb25AeC5kdW1teWpzb24uY29tIiwiZmlyc3ROYW1lIjoiRW1pbHkiLCJsYXN0TmFtZSI6IkpvaG5zb24iLCJnZW5kZXIiOiJmZW1hbGUiLCJpbWFnZSI6Imh0dHBzOi8vZHVtbXlqc29uLmNvbS9pY29uL2VtaWx5cy8xMjgiLCJpYXQiOjE3NTE3NjcxOTAsImV4cCI6MTc1MTc3MDc5MH0.IzH9ot3a9rM-_Or4cUq5ZdQV5Zvx_LzgmOapme1DWx0; Max-Age=3600; Path=/; Expires=Sun, 06 Jul 2025 02:59:50 GMT; HttpOnly; Secure
1 < Set-Cookie: refreshToken=eyJhbGciOiJIUzI1NiIsInR5cCI6IkpXVCJ9.eyJpZCI6MSwidXNlcm5hbWUiOiJlbWlseXMiLCJlbWFpbCI6ImVtaWx5LmpvaG5zb25AeC5kdW1teWpzb24uY29tIiwiZmlyc3ROYW1lIjoiRW1pbHkiLCJsYXN0TmFtZSI6IkpvaG5zb24iLCJnZW5kZXIiOiJmZW1hbGUiLCJpbWFnZSI6Imh0dHBzOi8vZHVtbXlqc29uLmNvbS9pY29uL2VtaWx5cy8xMjgiLCJpYXQiOjE3NTE3NjcxOTAsImV4cCI6MTc1NDM1OTE5MH0.0HDS0UwyX2zxT0tsoFUEMW1AcGDW0XdCPv_Z2zcrm3M; Max-Age=3600; Path=/; Expires=Sun, 06 Jul 2025 02:59:50 GMT; HttpOnly; Secure
1 < Strict-Transport-Security: max-age=15552000; includeSubDomains
1 < Vary: Accept-Encoding
1 < X-Content-Type-Options: nosniff
1 < X-Dns-Prefetch-Control: off
1 < X-Download-Options: noopen
1 < X-Frame-Options: SAMEORIGIN
1 < X-Powered-By: Cats on Keyboards
1 < X-Railway-Edge: railway/asia-southeast1-eqsg3a
1 < X-Railway-Request-Id: POMGDcf6RKqKXHs5DcO5xA
1 < X-Ratelimit-Limit: 100
1 < X-Ratelimit-Remaining: 99
1 < X-Ratelimit-Reset: 1751767193
1 < X-Xss-Protection: 1; mode=block
{
  "accessToken": "eyJhbGciOiJIUzI1NiIsInR5cCI6IkpXVCJ9.eyJpZCI6MSwidXNlcm5hbWUiOiJlbWlseXMiLCJlbWFpbCI6ImVtaWx5LmpvaG5zb25AeC5kdW1teWpzb24uY29tIiwiZmlyc3ROYW1lIjoiRW1pbHkiLCJsYXN0TmFtZSI6IkpvaG5zb24iLCJnZW5kZXIiOiJmZW1hbGUiLCJpbWFnZSI6Imh0dHBzOi8vZHVtbXlqc29uLmNvbS9pY29uL2VtaWx5cy8xMjgiLCJpYXQiOjE3NTE3NjcxOTAsImV4cCI6MTc1MTc3MDc5MH0.IzH9ot3a9rM-_Or4cUq5ZdQV5Zvx_LzgmOapme1DWx0",
  "refreshToken": "eyJhbGciOiJIUzI1NiIsInR5cCI6IkpXVCJ9.eyJpZCI6MSwidXNlcm5hbWUiOiJlbWlseXMiLCJlbWFpbCI6ImVtaWx5LmpvaG5zb25AeC5kdW1teWpzb24uY29tIiwiZmlyc3ROYW1lIjoiRW1pbHkiLCJsYXN0TmFtZSI6IkpvaG5zb24iLCJnZW5kZXIiOiJmZW1hbGUiLCJpbWFnZSI6Imh0dHBzOi8vZHVtbXlqc29uLmNvbS9pY29uL2VtaWx5cy8xMjgiLCJpYXQiOjE3NTE3NjcxOTAsImV4cCI6MTc1NDM1OTE5MH0.0HDS0UwyX2zxT0tsoFUEMW1AcGDW0XdCPv_Z2zcrm3M",
  "id": 1,
  "username": "emilys",
  "email": "emily.johnson@x.dummyjson.com",
  "firstName": "Emily",
  "lastName": "Johnson",
  "gender": "female",
  "image": "https://dummyjson.com/icon/emilys/128"
}


08:59:50.304 [main] INFO com.intuit.karate -- [print] {
  "accessToken": "eyJhbGciOiJIUzI1NiIsInR5cCI6IkpXVCJ9.eyJpZCI6MSwidXNlcm5hbWUiOiJlbWlseXMiLCJlbWFpbCI6ImVtaWx5LmpvaG5zb25AeC5kdW1teWpzb24uY29tIiwiZmlyc3ROYW1lIjoiRW1pbHkiLCJsYXN0TmFtZSI6IkpvaG5zb24iLCJnZW5kZXIiOiJmZW1hbGUiLCJpbWFnZSI6Imh0dHBzOi8vZHVtbXlqc29uLmNvbS9pY29uL2VtaWx5cy8xMjgiLCJpYXQiOjE3NTE3NjcxOTAsImV4cCI6MTc1MTc3MDc5MH0.IzH9ot3a9rM-_Or4cUq5ZdQV5Zvx_LzgmOapme1DWx0",
  "refreshToken": "eyJhbGciOiJIUzI1NiIsInR5cCI6IkpXVCJ9.eyJpZCI6MSwidXNlcm5hbWUiOiJlbWlseXMiLCJlbWFpbCI6ImVtaWx5LmpvaG5zb25AeC5kdW1teWpzb24uY29tIiwiZmlyc3ROYW1lIjoiRW1pbHkiLCJsYXN0TmFtZSI6IkpvaG5zb24iLCJnZW5kZXIiOiJmZW1hbGUiLCJpbWFnZSI6Imh0dHBzOi8vZHVtbXlqc29uLmNvbS9pY29uL2VtaWx5cy8xMjgiLCJpYXQiOjE3NTE3NjcxOTAsImV4cCI6MTc1NDM1OTE5MH0.0HDS0UwyX2zxT0tsoFUEMW1AcGDW0XdCPv_Z2zcrm3M",
  "id": 1,
  "username": "emilys",
  "email": "emily.johnson@x.dummyjson.com",
  "firstName": "Emily",
  "lastName": "Johnson",
  "gender": "female",
  "image": "https://dummyjson.com/icon/emilys/128"
}
 
08:59:50.305 [main] INFO com.intuit.karate -- << lock released, cached callSingle: classpath:dummyjson/Auth.feature@loginOnly
08:59:50.313 [main] DEBUG org.apache.http.client.protocol.RequestAddCookies -- CookieSpec selected: karate
08:59:50.313 [main] DEBUG org.apache.http.client.protocol.RequestAuthCache -- Auth cache not set in the context
08:59:50.313 [main] DEBUG com.intuit.karate -- request:
1 > GET https://dummyjson.com/auth/me
1 > Authorization: Bearer eyJhbGciOiJIUzI1NiIsInR5cCI6IkpXVCJ9.eyJpZCI6MSwidXNlcm5hbWUiOiJlbWlseXMiLCJlbWFpbCI6ImVtaWx5LmpvaG5zb25AeC5kdW1teWpzb24uY29tIiwiZmlyc3ROYW1lIjoiRW1pbHkiLCJsYXN0TmFtZSI6IkpvaG5zb24iLCJnZW5kZXIiOiJmZW1hbGUiLCJpbWFnZSI6Imh0dHBzOi8vZHVtbXlqc29uLmNvbS9pY29uL2VtaWx5cy8xMjgiLCJpYXQiOjE3NTE3NjcxOTAsImV4cCI6MTc1MTc3MDc5MH0.IzH9ot3a9rM-_Or4cUq5ZdQV5Zvx_LzgmOapme1DWx0
1 > Host: dummyjson.com
1 > Connection: Keep-Alive
1 > User-Agent: Apache-HttpClient/4.5.14 (Java/17.0.15)
1 > Accept-Encoding: gzip,deflate


08:59:50.313 [main] DEBUG org.apache.http.impl.conn.PoolingHttpClientConnectionManager -- Connection request: [route: {s}->https://dummyjson.com:443][total available: 0; route allocated: 0 of 5; total allocated: 0 of 10]
08:59:50.313 [main] DEBUG org.apache.http.impl.conn.PoolingHttpClientConnectionManager -- Connection leased: [id: 2][route: {s}->https://dummyjson.com:443][total available: 0; route allocated: 1 of 5; total allocated: 1 of 10]
08:59:50.313 [main] DEBUG org.apache.http.impl.execchain.MainClientExec -- Opening connection {s}->https://dummyjson.com:443
08:59:50.313 [main] DEBUG org.apache.http.impl.conn.DefaultHttpClientConnectionOperator -- Connecting to dummyjson.com/66.33.22.2:443
08:59:50.313 [main] DEBUG org.apache.http.conn.ssl.SSLConnectionSocketFactory -- Connecting socket to dummyjson.com/66.33.22.2:443 with timeout 30000
08:59:50.335 [main] DEBUG org.apache.http.conn.ssl.SSLConnectionSocketFactory -- Enabled protocols: [TLSv1.3, TLSv1.2]
08:59:50.335 [main] DEBUG org.apache.http.conn.ssl.SSLConnectionSocketFactory -- Enabled cipher suites:[TLS_AES_256_GCM_SHA384, TLS_AES_128_GCM_SHA256, TLS_CHACHA20_POLY1305_SHA256, TLS_ECDHE_ECDSA_WITH_AES_256_GCM_SHA384, TLS_ECDHE_ECDSA_WITH_AES_128_GCM_SHA256, TLS_ECDHE_ECDSA_WITH_CHACHA20_POLY1305_SHA256, TLS_ECDHE_RSA_WITH_AES_256_GCM_SHA384, TLS_ECDHE_RSA_WITH_CHACHA20_POLY1305_SHA256, TLS_ECDHE_RSA_WITH_AES_128_GCM_SHA256, TLS_DHE_RSA_WITH_AES_256_GCM_SHA384, TLS_DHE_RSA_WITH_CHACHA20_POLY1305_SHA256, TLS_DHE_DSS_WITH_AES_256_GCM_SHA384, TLS_DHE_RSA_WITH_AES_128_GCM_SHA256, TLS_DHE_DSS_WITH_AES_128_GCM_SHA256, TLS_ECDHE_ECDSA_WITH_AES_256_CBC_SHA384, TLS_ECDHE_RSA_WITH_AES_256_CBC_SHA384, TLS_ECDHE_ECDSA_WITH_AES_128_CBC_SHA256, TLS_ECDHE_RSA_WITH_AES_128_CBC_SHA256, TLS_DHE_RSA_WITH_AES_256_CBC_SHA256, TLS_DHE_DSS_WITH_AES_256_CBC_SHA256, TLS_DHE_RSA_WITH_AES_128_CBC_SHA256, TLS_DHE_DSS_WITH_AES_128_CBC_SHA256, TLS_ECDHE_ECDSA_WITH_AES_256_CBC_SHA, TLS_ECDHE_RSA_WITH_AES_256_CBC_SHA, TLS_ECDHE_ECDSA_WITH_AES_128_CBC_SHA, TLS_ECDHE_RSA_WITH_AES_128_CBC_SHA, TLS_DHE_RSA_WITH_AES_256_CBC_SHA, TLS_DHE_DSS_WITH_AES_256_CBC_SHA, TLS_DHE_RSA_WITH_AES_128_CBC_SHA, TLS_DHE_DSS_WITH_AES_128_CBC_SHA, TLS_RSA_WITH_AES_256_GCM_SHA384, TLS_RSA_WITH_AES_128_GCM_SHA256, TLS_RSA_WITH_AES_256_CBC_SHA256, TLS_RSA_WITH_AES_128_CBC_SHA256, TLS_RSA_WITH_AES_256_CBC_SHA, TLS_RSA_WITH_AES_128_CBC_SHA, TLS_EMPTY_RENEGOTIATION_INFO_SCSV]
08:59:50.335 [main] DEBUG org.apache.http.conn.ssl.SSLConnectionSocketFactory -- Starting handshake
08:59:50.358 [main] DEBUG org.apache.http.conn.ssl.SSLConnectionSocketFactory -- Secure session established
08:59:50.358 [main] DEBUG org.apache.http.conn.ssl.SSLConnectionSocketFactory --  negotiated protocol: TLSv1.3
08:59:50.358 [main] DEBUG org.apache.http.conn.ssl.SSLConnectionSocketFactory --  negotiated cipher suite: TLS_AES_128_GCM_SHA256
08:59:50.358 [main] DEBUG org.apache.http.conn.ssl.SSLConnectionSocketFactory --  peer principal: CN=dummyjson.com
08:59:50.358 [main] DEBUG org.apache.http.conn.ssl.SSLConnectionSocketFactory --  peer alternative names: [dummyjson.com]
08:59:50.358 [main] DEBUG org.apache.http.conn.ssl.SSLConnectionSocketFactory --  issuer principal: CN=R11, O=Let's Encrypt, C=US
08:59:50.358 [main] DEBUG org.apache.http.impl.conn.DefaultHttpClientConnectionOperator -- Connection established 192.168.1.6:52005<->66.33.22.2:443
08:59:50.358 [main] DEBUG org.apache.http.impl.conn.DefaultManagedHttpClientConnection -- http-outgoing-2: set socket timeout to 30000
08:59:50.358 [main] DEBUG org.apache.http.impl.execchain.MainClientExec -- Executing request GET /auth/me HTTP/1.1
08:59:50.358 [main] DEBUG org.apache.http.impl.execchain.MainClientExec -- Proxy auth state: UNCHALLENGED
08:59:50.358 [main] DEBUG org.apache.http.headers -- http-outgoing-2 >> GET /auth/me HTTP/1.1
08:59:50.358 [main] DEBUG org.apache.http.headers -- http-outgoing-2 >> Authorization: Bearer eyJhbGciOiJIUzI1NiIsInR5cCI6IkpXVCJ9.eyJpZCI6MSwidXNlcm5hbWUiOiJlbWlseXMiLCJlbWFpbCI6ImVtaWx5LmpvaG5zb25AeC5kdW1teWpzb24uY29tIiwiZmlyc3ROYW1lIjoiRW1pbHkiLCJsYXN0TmFtZSI6IkpvaG5zb24iLCJnZW5kZXIiOiJmZW1hbGUiLCJpbWFnZSI6Imh0dHBzOi8vZHVtbXlqc29uLmNvbS9pY29uL2VtaWx5cy8xMjgiLCJpYXQiOjE3NTE3NjcxOTAsImV4cCI6MTc1MTc3MDc5MH0.IzH9ot3a9rM-_Or4cUq5ZdQV5Zvx_LzgmOapme1DWx0
08:59:50.358 [main] DEBUG org.apache.http.headers -- http-outgoing-2 >> Host: dummyjson.com
08:59:50.358 [main] DEBUG org.apache.http.headers -- http-outgoing-2 >> Connection: Keep-Alive
08:59:50.358 [main] DEBUG org.apache.http.headers -- http-outgoing-2 >> User-Agent: Apache-HttpClient/4.5.14 (Java/17.0.15)
08:59:50.358 [main] DEBUG org.apache.http.headers -- http-outgoing-2 >> Accept-Encoding: gzip,deflate
08:59:50.358 [main] DEBUG org.apache.http.wire -- http-outgoing-2 >> "GET /auth/me HTTP/1.1[\r][\n]"
08:59:50.358 [main] DEBUG org.apache.http.wire -- http-outgoing-2 >> "Authorization: Bearer eyJhbGciOiJIUzI1NiIsInR5cCI6IkpXVCJ9.eyJpZCI6MSwidXNlcm5hbWUiOiJlbWlseXMiLCJlbWFpbCI6ImVtaWx5LmpvaG5zb25AeC5kdW1teWpzb24uY29tIiwiZmlyc3ROYW1lIjoiRW1pbHkiLCJsYXN0TmFtZSI6IkpvaG5zb24iLCJnZW5kZXIiOiJmZW1hbGUiLCJpbWFnZSI6Imh0dHBzOi8vZHVtbXlqc29uLmNvbS9pY29uL2VtaWx5cy8xMjgiLCJpYXQiOjE3NTE3NjcxOTAsImV4cCI6MTc1MTc3MDc5MH0.IzH9ot3a9rM-_Or4cUq5ZdQV5Zvx_LzgmOapme1DWx0[\r][\n]"
08:59:50.358 [main] DEBUG org.apache.http.wire -- http-outgoing-2 >> "Host: dummyjson.com[\r][\n]"
08:59:50.358 [main] DEBUG org.apache.http.wire -- http-outgoing-2 >> "Connection: Keep-Alive[\r][\n]"
08:59:50.358 [main] DEBUG org.apache.http.wire -- http-outgoing-2 >> "User-Agent: Apache-HttpClient/4.5.14 (Java/17.0.15)[\r][\n]"
08:59:50.358 [main] DEBUG org.apache.http.wire -- http-outgoing-2 >> "Accept-Encoding: gzip,deflate[\r][\n]"
08:59:50.358 [main] DEBUG org.apache.http.wire -- http-outgoing-2 >> "[\r][\n]"
08:59:50.385 [main] DEBUG org.apache.http.wire -- http-outgoing-2 << "HTTP/1.1 200 OK[\r][\n]"
08:59:50.385 [main] DEBUG org.apache.http.wire -- http-outgoing-2 << "Access-Control-Allow-Origin: *[\r][\n]"
08:59:50.385 [main] DEBUG org.apache.http.wire -- http-outgoing-2 << "Content-Encoding: gzip[\r][\n]"
08:59:50.385 [main] DEBUG org.apache.http.wire -- http-outgoing-2 << "Content-Type: application/json; charset=utf-8[\r][\n]"
08:59:50.385 [main] DEBUG org.apache.http.wire -- http-outgoing-2 << "Date: Sun, 06 Jul 2025 01:59:50 GMT[\r][\n]"
08:59:50.385 [main] DEBUG org.apache.http.wire -- http-outgoing-2 << "Etag: W/"57b-eBF3JfwanM/U4Wy609CPdIf9zRA"[\r][\n]"
08:59:50.385 [main] DEBUG org.apache.http.wire -- http-outgoing-2 << "Server: railway-edge[\r][\n]"
08:59:50.385 [main] DEBUG org.apache.http.wire -- http-outgoing-2 << "Strict-Transport-Security: max-age=15552000; includeSubDomains[\r][\n]"
08:59:50.385 [main] DEBUG org.apache.http.wire -- http-outgoing-2 << "Vary: Accept-Encoding[\r][\n]"
08:59:50.385 [main] DEBUG org.apache.http.wire -- http-outgoing-2 << "X-Content-Type-Options: nosniff[\r][\n]"
08:59:50.385 [main] DEBUG org.apache.http.wire -- http-outgoing-2 << "X-Dns-Prefetch-Control: off[\r][\n]"
08:59:50.385 [main] DEBUG org.apache.http.wire -- http-outgoing-2 << "X-Download-Options: noopen[\r][\n]"
08:59:50.385 [main] DEBUG org.apache.http.wire -- http-outgoing-2 << "X-Frame-Options: SAMEORIGIN[\r][\n]"
08:59:50.385 [main] DEBUG org.apache.http.wire -- http-outgoing-2 << "X-Powered-By: Cats on Keyboards[\r][\n]"
08:59:50.385 [main] DEBUG org.apache.http.wire -- http-outgoing-2 << "X-Railway-Edge: railway/asia-southeast1-eqsg3a[\r][\n]"
08:59:50.385 [main] DEBUG org.apache.http.wire -- http-outgoing-2 << "X-Railway-Request-Id: QjjnOnUfTkqT22EJDcO5xA[\r][\n]"
08:59:50.385 [main] DEBUG org.apache.http.wire -- http-outgoing-2 << "X-Ratelimit-Limit: 100[\r][\n]"
08:59:50.385 [main] DEBUG org.apache.http.wire -- http-outgoing-2 << "X-Ratelimit-Remaining: 98[\r][\n]"
08:59:50.385 [main] DEBUG org.apache.http.wire -- http-outgoing-2 << "X-Ratelimit-Reset: 1751767193[\r][\n]"
08:59:50.385 [main] DEBUG org.apache.http.wire -- http-outgoing-2 << "X-Xss-Protection: 1; mode=block[\r][\n]"
08:59:50.385 [main] DEBUG org.apache.http.wire -- http-outgoing-2 << "Transfer-Encoding: chunked[\r][\n]"
08:59:50.385 [main] DEBUG org.apache.http.wire -- http-outgoing-2 << "[\r][\n]"
08:59:50.385 [main] DEBUG org.apache.http.headers -- http-outgoing-2 << HTTP/1.1 200 OK
08:59:50.385 [main] DEBUG org.apache.http.headers -- http-outgoing-2 << Access-Control-Allow-Origin: *
08:59:50.385 [main] DEBUG org.apache.http.headers -- http-outgoing-2 << Content-Encoding: gzip
08:59:50.385 [main] DEBUG org.apache.http.headers -- http-outgoing-2 << Content-Type: application/json; charset=utf-8
08:59:50.385 [main] DEBUG org.apache.http.headers -- http-outgoing-2 << Date: Sun, 06 Jul 2025 01:59:50 GMT
08:59:50.385 [main] DEBUG org.apache.http.headers -- http-outgoing-2 << Etag: W/"57b-eBF3JfwanM/U4Wy609CPdIf9zRA"
08:59:50.385 [main] DEBUG org.apache.http.headers -- http-outgoing-2 << Server: railway-edge
08:59:50.385 [main] DEBUG org.apache.http.headers -- http-outgoing-2 << Strict-Transport-Security: max-age=15552000; includeSubDomains
08:59:50.385 [main] DEBUG org.apache.http.headers -- http-outgoing-2 << Vary: Accept-Encoding
08:59:50.385 [main] DEBUG org.apache.http.headers -- http-outgoing-2 << X-Content-Type-Options: nosniff
08:59:50.385 [main] DEBUG org.apache.http.headers -- http-outgoing-2 << X-Dns-Prefetch-Control: off
08:59:50.385 [main] DEBUG org.apache.http.headers -- http-outgoing-2 << X-Download-Options: noopen
08:59:50.385 [main] DEBUG org.apache.http.headers -- http-outgoing-2 << X-Frame-Options: SAMEORIGIN
08:59:50.385 [main] DEBUG org.apache.http.headers -- http-outgoing-2 << X-Powered-By: Cats on Keyboards
08:59:50.385 [main] DEBUG org.apache.http.headers -- http-outgoing-2 << X-Railway-Edge: railway/asia-southeast1-eqsg3a
08:59:50.385 [main] DEBUG org.apache.http.headers -- http-outgoing-2 << X-Railway-Request-Id: QjjnOnUfTkqT22EJDcO5xA
08:59:50.385 [main] DEBUG org.apache.http.headers -- http-outgoing-2 << X-Ratelimit-Limit: 100
08:59:50.385 [main] DEBUG org.apache.http.headers -- http-outgoing-2 << X-Ratelimit-Remaining: 98
08:59:50.385 [main] DEBUG org.apache.http.headers -- http-outgoing-2 << X-Ratelimit-Reset: 1751767193
08:59:50.385 [main] DEBUG org.apache.http.headers -- http-outgoing-2 << X-Xss-Protection: 1; mode=block
08:59:50.385 [main] DEBUG org.apache.http.headers -- http-outgoing-2 << Transfer-Encoding: chunked
08:59:50.386 [main] DEBUG org.apache.http.impl.execchain.MainClientExec -- Connection can be kept alive indefinitely
08:59:50.386 [main] DEBUG org.apache.http.wire -- http-outgoing-2 << "358[\r][\n]"
08:59:50.386 [main] DEBUG org.apache.http.wire -- http-outgoing-2 << "[0x1f][0x8b][0x8][0x0][0x0][0x0][0x0][0x0][0x0][0x3]}SMo[0xdb]8[0x10][0xfd]+[0xc4][0x9c][0x12],%[0x8b][0xd4][0xb7][0xf6][0xb2][0x89][0x9b]M[0xd3][0xd4]IP'Hz*hil[0xb1][0xa1]H[0x81][0xa4]7q[0x8b][0xfc][0xf7][0x5]e[0xd7][0xd8][0xed][0xa2][0xb][0xe8]@>jf[0xde][0xbc]7[0xf3][0x1d]d[0x7][\r][0xa3][0xb0][0x96][0xd6][0xf9][0x1b]1 4p1H[0xb5][0x3][\n]"
08:59:50.386 [main] DEBUG org.apache.http.wire -- http-outgoing-2 << "J[0x1c][0xa1][0xf][0xa6][0xd7][0xce]h[0xa0]0[0x8][0xd9][0xa1]>[0xc0][0xcb]A[0xfa][0x1e]([0x88][\r]B[0xc3]+[\n]"
08:59:50.386 [main] DEBUG org.apache.http.wire -- http-outgoing-2 << "[0x1b][0xd4][0x1d]Zh`[0x8d][0x83]P[0x8][0x14]p[0x10]RA[0x3][0x18][0x92][0xc6]_[0xf7]y[0xfe]x[0x8d][0xbb][0xed]0[0xec][0xbe]:[0xa3][0xe3][0xd6][0xc]@a[0xec][0x8d][0xe])[0xab][0x18][0xa9][0x8b]<[0xca]R[0x16][0xa5][0x9][0xcf][0x80][0xc2][0xd6][0xa1][0xd5][0xfb][0x82]S[0x16][0x17]~[0x17][0xce][0xbd][0x18][0xdb][0x1d][0xb1][0x0][0x0][0x85][0x95][0xb4][0xbe]'|[0xf8][0x99][0xd5]u[0x11][0xe5]Q[0x9a][0x0][0x5]9L[0x1c][0xa1][0xf7]~t[0xcd]l[0xf6][0xaf][0xf2]3[0xd9][0x1a]=[0xdb][0xe7][0x99]1^[0x85]<[0xca][0x98][0xee][0xd2][0x9a][0xed][0x8][\r][0xdc]F@[0xa1]G[0xb9][0xe9]=4[0xac]Nc[0x9e]Qx9[0xdc][0x8b]4f[0x5][0x5][0xdc][0xe1][0xdc]([0x13]z[0xbf][0xb4][0x88]A[0xaa]^H[0xb][0xcd]wh[0xf][0xf8][0xb9]5/[0x1][0xf7][0xbb]1P[0x99]o[0xad][0xda][0xc1][0x1b][0x5][0x19]jd<[0xce][0xaa][0x98]%I[0x9c][0xf2][0xa0]h[0xd7]Yt.[0x84][0x1f][0x8f]P[0xf0][0x82],[0x84][0xd4]d[0xe9]-[0xa2][0x7][\n]"
08:59:50.386 [main] DEBUG org.apache.http.wire -- http-outgoing-2 << "[0xad][0xf4];h[0xe0][0xae]7[0xa8][0xe5]+Pp~[0xdf][0xfb]B:[0x17][0xbe]q[0x94]?[0xd0][0xb9][0xe9][0xa6][0x97]e[0x90][0xcf]8/[0xd4][0x1][0xe1]5c[0xa1]fk[0x8c][0xed][0xa4][0x16][0x1e][0xa7][0xba]Jxh[0xa2][0xb2][0x8c]Y[0xc1]YJA[0xe9][\r]4Q[0xcd][0xe3][0xa4][0xca]*[0x9e][0xbd][0x85][0x80][0xad][0xf6]6[0x10]x[0xd0][0xd2]cG[0x96]~[\n]"
08:59:50.386 [main] DEBUG org.apache.http.wire -- http-outgoing-2 << "~[0xb]c[0xd2][0x9e][0x1d]yge[0xb3][0x16]M[0xc6][0x1a]V5[0xd8]6[0xb8][\n]"
08:59:50.386 [main] DEBUG org.apache.http.wire -- http-outgoing-2 << "[0xa6]j[0xf9][0x17]Z[0xb7][0xe7][0xff]p[0xbc][0x10][0xb3]&[0x8f][0xd2][0xb5]F;[0xa9][0xa3]h!:[0xb9][0x9f][0xbb][0x95][0xd0][0xcf][0x93][0x98][0xc2]v[0x17][0xaf][0xa3][0xb4][0x81]y[0x92][0xce]x[0x11][0x98][0xb][0xdb][0xdd]l[0x87][0xd5]4z5[0xaf][0xea][0xb2]H[0x8a]<[0xcf]*V[0xb1][0xfc][0xf0]~[0xbf]W[0xfd]B[0x99][0x0]l[0xad]E[0xdd][0x86][0xda][0xf3][0x9b][0xcf]a>VBC[0x3][0x9f][0xef][0x1e][0x9e][0xae][0x96][0xb7][0xe7]W[0xe5][0xfd][0xfd][0xfb][0xbb]k~[0xfe])}v[0xf5][0xf4][0x11][0xa6]n[0x87]Q[0xe8]] [0xd1][0xe1]([0xac][0x1f]P[0xfb][0x90]Qo[0xa4]F[0xb4]Ro[0x80][0xc2]aP[0xdf][0x19][0xa3]pG[0xc9][0xb5][0xf9][0x86];"tG[0xe6][0xd6]h9[0xd9]/[0xbd][0x9a][0x96]G(td![0xb4][0xd8][0xa0][0xfd][0x95][0xe5][0xbc]H[0xc9]=j[0xdf][0xff][0xc7][0xf3][0xa5][0xd0][0xe4]O+t[0x1b][0xd4][0xfa][0x87][0xf3]G[0xf5]~[0xf2][0xfd][0xf1][0xea]g[0xdf][0xd3][0xb2][0xc8][0xcb]_[0xf8]^[0xb2][0xb8]bY[0xce][0xf3][0x1f][0xbe][0xb3][0x82][0xc5],Ox[0x91][0xfe][0x9f][0xf1]o[0x14]P[0x6]![0xeb][0xb2][0x8c]X[0x19][0xb4]wn[0xba]'I[0x94][0xd7]I[0xc4][0xab][0xfa][0xb0][0xd1]g[0x9b][0xbd]|[0xb][0xf3]M*%fy[0x9c][0x90][0x93][0x85]h[0xa5][0xf6][0xc6][0xf5][0xbf][0x93]+[0xed]Q[0x91][0x85]h[0xc9][0xed][0x92]<[0x11][0x96]|a[0xf9][0x97][0xf2][0x94][0x9c][0x8d][0xa3][0xc2]G\]K?[0xcb][0xd3]2N[0xb]rr[0xfd][0xfe]~[0xf1][0x91][0x12]%[0x9f][0x91]\b[0xfb]lN[0xc9][0xbc][0xb7]f[0xc0]Y][0xc4]I[0x9c][0x15]E[0x16][0xd7])Y[0x8a][0xb5][0xb0][0xf2][0x10][0x15][0x1a][0xb7][0xbb][0xd1][0x9b][0xfd][0x8a]N[0xac][0xcf][0xa5][0x9f]N[0x14]^[0x84]R[0x18][0xe8]%[0xaf][0xab]z[0xdd][0xf2]5[0x16][0xe9][0x8a][0x8b][0xa2]M[0x92]t[0xcd][0xda][0x94]gm[0xba]Z[0x8b]<[0xe5]y[0x1d][0xf6][0xa3]b"[0x98][0x8f][0xfe][0xc5][0xd8][0xe7]0[0x14][0xbe]G[0x8b][0xdb][0x81][0x9c]\|[0x9a][0xf3][0xe4]4[0xc][0x90]5[0x93][0xef][0xa2][0x1b][0xa4][0x86][0xb7][0xbf][0x1]F[0xe1]7[0x12]{[0x5][0x0][0x0][\r][\n]"
08:59:50.387 [main] DEBUG org.apache.http.impl.conn.DefaultManagedHttpClientConnection -- http-outgoing-2: Close connection
08:59:50.387 [main] DEBUG org.apache.http.impl.execchain.MainClientExec -- Connection discarded
08:59:50.387 [main] DEBUG org.apache.http.impl.conn.PoolingHttpClientConnectionManager -- Connection released: [id: 2][route: {s}->https://dummyjson.com:443][total available: 0; route allocated: 0 of 5; total allocated: 0 of 10]
08:59:50.387 [main] DEBUG org.apache.http.impl.conn.PoolingHttpClientConnectionManager -- Connection manager is shutting down
08:59:50.387 [main] DEBUG org.apache.http.impl.conn.PoolingHttpClientConnectionManager -- Connection manager shut down
08:59:50.387 [main] DEBUG com.intuit.karate -- response time in milliseconds: 74
1 < 200
1 < Access-Control-Allow-Origin: *
1 < Content-Type: application/json; charset=utf-8
1 < Date: Sun, 06 Jul 2025 01:59:50 GMT
1 < Etag: W/"57b-eBF3JfwanM/U4Wy609CPdIf9zRA"
1 < Server: railway-edge
1 < Strict-Transport-Security: max-age=15552000; includeSubDomains
1 < Vary: Accept-Encoding
1 < X-Content-Type-Options: nosniff
1 < X-Dns-Prefetch-Control: off
1 < X-Download-Options: noopen
1 < X-Frame-Options: SAMEORIGIN
1 < X-Powered-By: Cats on Keyboards
1 < X-Railway-Edge: railway/asia-southeast1-eqsg3a
1 < X-Railway-Request-Id: QjjnOnUfTkqT22EJDcO5xA
1 < X-Ratelimit-Limit: 100
1 < X-Ratelimit-Remaining: 98
1 < X-Ratelimit-Reset: 1751767193
1 < X-Xss-Protection: 1; mode=block
1 < Transfer-Encoding: chunked
{
  "id": 1,
  "firstName": "Emily",
  "lastName": "Johnson",
  "maidenName": "Smith",
  "age": 28,
  "gender": "female",
  "email": "emily.johnson@x.dummyjson.com",
  "phone": "+81 965-431-3024",
  "username": "emilys",
  "password": "emilyspass",
  "birthDate": "1996-5-30",
  "image": "https://dummyjson.com/icon/emilys/128",
  "bloodGroup": "O-",
  "height": 193.24,
  "weight": 63.16,
  "eyeColor": "Green",
  "hair": {
    "color": "Brown",
    "type": "Curly"
  },
  "ip": "42.48.100.32",
  "address": {
    "address": "626 Main Street",
    "city": "Phoenix",
    "state": "Mississippi",
    "stateCode": "MS",
    "postalCode": "29112",
    "coordinates": {
      "lat": -77.16213,
      "lng": -92.084824
    },
    "country": "United States"
  },
  "macAddress": "47:fa:41:18:ec:eb",
  "university": "University of Wisconsin--Madison",
  "bank": {
    "cardExpire": "03/26",
    "cardNumber": "9289760655481815",
    "cardType": "Elo",
    "currency": "CNY",
    "iban": "YPUXISOBI7TTHPK2BR3HAIXL"
  },
  "company": {
    "department": "Engineering",
    "name": "Dooley, Kozey and Cronin",
    "title": "Sales Manager",
    "address": {
      "address": "263 Tenth Street",
      "city": "San Francisco",
      "state": "Wisconsin",
      "stateCode": "WI",
      "postalCode": "37657",
      "coordinates": {
        "lat": 71.814525,
        "lng": -161.150263
      },
      "country": "United States"
    }
  },
  "ein": "977-175",
  "ssn": "900-590-289",
  "userAgent": "Mozilla/5.0 (Macintosh; Intel Mac OS X 10_15_7) AppleWebKit/537.36 (KHTML, like Gecko) Chrome/96.0.4664.93 Safari/537.36",
  "crypto": {
    "coin": "Bitcoin",
    "wallet": "0xb9fc2fe63b2a6c003f1c324c3bfa53259162181a",
    "network": "Ethereum (ERC20)"
  },
  "role": "admin"
}


08:59:50.389 [main] DEBUG com.jayway.jsonpath.internal.path.CompiledPath -- Evaluating path: $['username']
08:59:50.390 [main] INFO com.intuit.karate -- [print] {
  "id": 1,
  "firstName": "Emily",
  "lastName": "Johnson",
  "maidenName": "Smith",
  "age": 28,
  "gender": "female",
  "email": "emily.johnson@x.dummyjson.com",
  "phone": "+81 965-431-3024",
  "username": "emilys",
  "password": "emilyspass",
  "birthDate": "1996-5-30",
  "image": "https://dummyjson.com/icon/emilys/128",
  "bloodGroup": "O-",
  "height": 193.24,
  "weight": 63.16,
  "eyeColor": "Green",
  "hair": {
    "color": "Brown",
    "type": "Curly"
  },
  "ip": "42.48.100.32",
  "address": {
    "address": "626 Main Street",
    "city": "Phoenix",
    "state": "Mississippi",
    "stateCode": "MS",
    "postalCode": "29112",
    "coordinates": {
      "lat": -77.16213,
      "lng": -92.084824
    },
    "country": "United States"
  },
  "macAddress": "47:fa:41:18:ec:eb",
  "university": "University of Wisconsin--Madison",
  "bank": {
    "cardExpire": "03/26",
    "cardNumber": "9289760655481815",
    "cardType": "Elo",
    "currency": "CNY",
    "iban": "YPUXISOBI7TTHPK2BR3HAIXL"
  },
  "company": {
    "department": "Engineering",
    "name": "Dooley, Kozey and Cronin",
    "title": "Sales Manager",
    "address": {
      "address": "263 Tenth Street",
      "city": "San Francisco",
      "state": "Wisconsin",
      "stateCode": "WI",
      "postalCode": "37657",
      "coordinates": {
        "lat": 71.814525,
        "lng": -161.150263
      },
      "country": "United States"
    }
  },
  "ein": "977-175",
  "ssn": "900-590-289",
  "userAgent": "Mozilla/5.0 (Macintosh; Intel Mac OS X 10_15_7) AppleWebKit/537.36 (KHTML, like Gecko) Chrome/96.0.4664.93 Safari/537.36",
  "crypto": {
    "coin": "Bitcoin",
    "wallet": "0xb9fc2fe63b2a6c003f1c324c3bfa53259162181a",
    "network": "Ethereum (ERC20)"
  },
  "role": "admin"
}
 
]]></system-out>
  </testcase>
  <testcase name="[3:36] Refresh Token" classname="dummyjson/Auth" time="0.089">
    <system-out><![CDATA[08:59:50.396 [main] DEBUG com.jayway.jsonpath.internal.path.CompiledPath -- Evaluating path: $
08:59:50.398 [main] DEBUG com.intuit.karate.core.ScenarioEngine -- over-writing existing variable 'refreshToken' with new value: loginResponse().refreshToken
08:59:50.400 [main] DEBUG com.jayway.jsonpath.internal.path.CompiledPath -- Evaluating path: $
08:59:50.401 [main] DEBUG org.apache.http.client.protocol.RequestAddCookies -- CookieSpec selected: karate
08:59:50.401 [main] DEBUG org.apache.http.client.protocol.RequestAuthCache -- Auth cache not set in the context
08:59:50.401 [main] DEBUG com.intuit.karate -- request:
1 > POST https://dummyjson.com/auth/refresh
1 > Content-Type: application/json; charset=UTF-8
1 > Content-Length: 379
1 > Host: dummyjson.com
1 > Connection: Keep-Alive
1 > User-Agent: Apache-HttpClient/4.5.14 (Java/17.0.15)
1 > Accept-Encoding: gzip,deflate
{
  "refreshToken": "eyJhbGciOiJIUzI1NiIsInR5cCI6IkpXVCJ9.eyJpZCI6MSwidXNlcm5hbWUiOiJlbWlseXMiLCJlbWFpbCI6ImVtaWx5LmpvaG5zb25AeC5kdW1teWpzb24uY29tIiwiZmlyc3ROYW1lIjoiRW1pbHkiLCJsYXN0TmFtZSI6IkpvaG5zb24iLCJnZW5kZXIiOiJmZW1hbGUiLCJpbWFnZSI6Imh0dHBzOi8vZHVtbXlqc29uLmNvbS9pY29uL2VtaWx5cy8xMjgiLCJpYXQiOjE3NTE3NjcxOTAsImV4cCI6MTc1NDM1OTE5MH0.0HDS0UwyX2zxT0tsoFUEMW1AcGDW0XdCPv_Z2zcrm3M"
}


08:59:50.401 [main] DEBUG org.apache.http.impl.conn.PoolingHttpClientConnectionManager -- Connection request: [route: {s}->https://dummyjson.com:443][total available: 0; route allocated: 0 of 5; total allocated: 0 of 10]
08:59:50.401 [main] DEBUG org.apache.http.impl.conn.PoolingHttpClientConnectionManager -- Connection leased: [id: 3][route: {s}->https://dummyjson.com:443][total available: 0; route allocated: 1 of 5; total allocated: 1 of 10]
08:59:50.401 [main] DEBUG org.apache.http.impl.execchain.MainClientExec -- Opening connection {s}->https://dummyjson.com:443
08:59:50.402 [main] DEBUG org.apache.http.impl.conn.DefaultHttpClientConnectionOperator -- Connecting to dummyjson.com/66.33.22.2:443
08:59:50.402 [main] DEBUG org.apache.http.conn.ssl.SSLConnectionSocketFactory -- Connecting socket to dummyjson.com/66.33.22.2:443 with timeout 30000
08:59:50.423 [main] DEBUG org.apache.http.conn.ssl.SSLConnectionSocketFactory -- Enabled protocols: [TLSv1.3, TLSv1.2]
08:59:50.423 [main] DEBUG org.apache.http.conn.ssl.SSLConnectionSocketFactory -- Enabled cipher suites:[TLS_AES_256_GCM_SHA384, TLS_AES_128_GCM_SHA256, TLS_CHACHA20_POLY1305_SHA256, TLS_ECDHE_ECDSA_WITH_AES_256_GCM_SHA384, TLS_ECDHE_ECDSA_WITH_AES_128_GCM_SHA256, TLS_ECDHE_ECDSA_WITH_CHACHA20_POLY1305_SHA256, TLS_ECDHE_RSA_WITH_AES_256_GCM_SHA384, TLS_ECDHE_RSA_WITH_CHACHA20_POLY1305_SHA256, TLS_ECDHE_RSA_WITH_AES_128_GCM_SHA256, TLS_DHE_RSA_WITH_AES_256_GCM_SHA384, TLS_DHE_RSA_WITH_CHACHA20_POLY1305_SHA256, TLS_DHE_DSS_WITH_AES_256_GCM_SHA384, TLS_DHE_RSA_WITH_AES_128_GCM_SHA256, TLS_DHE_DSS_WITH_AES_128_GCM_SHA256, TLS_ECDHE_ECDSA_WITH_AES_256_CBC_SHA384, TLS_ECDHE_RSA_WITH_AES_256_CBC_SHA384, TLS_ECDHE_ECDSA_WITH_AES_128_CBC_SHA256, TLS_ECDHE_RSA_WITH_AES_128_CBC_SHA256, TLS_DHE_RSA_WITH_AES_256_CBC_SHA256, TLS_DHE_DSS_WITH_AES_256_CBC_SHA256, TLS_DHE_RSA_WITH_AES_128_CBC_SHA256, TLS_DHE_DSS_WITH_AES_128_CBC_SHA256, TLS_ECDHE_ECDSA_WITH_AES_256_CBC_SHA, TLS_ECDHE_RSA_WITH_AES_256_CBC_SHA, TLS_ECDHE_ECDSA_WITH_AES_128_CBC_SHA, TLS_ECDHE_RSA_WITH_AES_128_CBC_SHA, TLS_DHE_RSA_WITH_AES_256_CBC_SHA, TLS_DHE_DSS_WITH_AES_256_CBC_SHA, TLS_DHE_RSA_WITH_AES_128_CBC_SHA, TLS_DHE_DSS_WITH_AES_128_CBC_SHA, TLS_RSA_WITH_AES_256_GCM_SHA384, TLS_RSA_WITH_AES_128_GCM_SHA256, TLS_RSA_WITH_AES_256_CBC_SHA256, TLS_RSA_WITH_AES_128_CBC_SHA256, TLS_RSA_WITH_AES_256_CBC_SHA, TLS_RSA_WITH_AES_128_CBC_SHA, TLS_EMPTY_RENEGOTIATION_INFO_SCSV]
08:59:50.424 [main] DEBUG org.apache.http.conn.ssl.SSLConnectionSocketFactory -- Starting handshake
08:59:50.451 [main] DEBUG org.apache.http.conn.ssl.SSLConnectionSocketFactory -- Secure session established
08:59:50.451 [main] DEBUG org.apache.http.conn.ssl.SSLConnectionSocketFactory --  negotiated protocol: TLSv1.3
08:59:50.451 [main] DEBUG org.apache.http.conn.ssl.SSLConnectionSocketFactory --  negotiated cipher suite: TLS_AES_128_GCM_SHA256
08:59:50.451 [main] DEBUG org.apache.http.conn.ssl.SSLConnectionSocketFactory --  peer principal: CN=dummyjson.com
08:59:50.451 [main] DEBUG org.apache.http.conn.ssl.SSLConnectionSocketFactory --  peer alternative names: [dummyjson.com]
08:59:50.451 [main] DEBUG org.apache.http.conn.ssl.SSLConnectionSocketFactory --  issuer principal: CN=R11, O=Let's Encrypt, C=US
08:59:50.451 [main] DEBUG org.apache.http.impl.conn.DefaultHttpClientConnectionOperator -- Connection established 192.168.1.6:52006<->66.33.22.2:443
08:59:50.451 [main] DEBUG org.apache.http.impl.conn.DefaultManagedHttpClientConnection -- http-outgoing-3: set socket timeout to 30000
08:59:50.452 [main] DEBUG org.apache.http.impl.execchain.MainClientExec -- Executing request POST /auth/refresh HTTP/1.1
08:59:50.452 [main] DEBUG org.apache.http.impl.execchain.MainClientExec -- Target auth state: UNCHALLENGED
08:59:50.452 [main] DEBUG org.apache.http.impl.execchain.MainClientExec -- Proxy auth state: UNCHALLENGED
08:59:50.452 [main] DEBUG org.apache.http.headers -- http-outgoing-3 >> POST /auth/refresh HTTP/1.1
08:59:50.452 [main] DEBUG org.apache.http.headers -- http-outgoing-3 >> Content-Type: application/json; charset=UTF-8
08:59:50.452 [main] DEBUG org.apache.http.headers -- http-outgoing-3 >> Content-Length: 379
08:59:50.452 [main] DEBUG org.apache.http.headers -- http-outgoing-3 >> Host: dummyjson.com
08:59:50.452 [main] DEBUG org.apache.http.headers -- http-outgoing-3 >> Connection: Keep-Alive
08:59:50.452 [main] DEBUG org.apache.http.headers -- http-outgoing-3 >> User-Agent: Apache-HttpClient/4.5.14 (Java/17.0.15)
08:59:50.452 [main] DEBUG org.apache.http.headers -- http-outgoing-3 >> Accept-Encoding: gzip,deflate
08:59:50.452 [main] DEBUG org.apache.http.wire -- http-outgoing-3 >> "POST /auth/refresh HTTP/1.1[\r][\n]"
08:59:50.452 [main] DEBUG org.apache.http.wire -- http-outgoing-3 >> "Content-Type: application/json; charset=UTF-8[\r][\n]"
08:59:50.452 [main] DEBUG org.apache.http.wire -- http-outgoing-3 >> "Content-Length: 379[\r][\n]"
08:59:50.452 [main] DEBUG org.apache.http.wire -- http-outgoing-3 >> "Host: dummyjson.com[\r][\n]"
08:59:50.452 [main] DEBUG org.apache.http.wire -- http-outgoing-3 >> "Connection: Keep-Alive[\r][\n]"
08:59:50.452 [main] DEBUG org.apache.http.wire -- http-outgoing-3 >> "User-Agent: Apache-HttpClient/4.5.14 (Java/17.0.15)[\r][\n]"
08:59:50.452 [main] DEBUG org.apache.http.wire -- http-outgoing-3 >> "Accept-Encoding: gzip,deflate[\r][\n]"
08:59:50.452 [main] DEBUG org.apache.http.wire -- http-outgoing-3 >> "[\r][\n]"
08:59:50.452 [main] DEBUG org.apache.http.wire -- http-outgoing-3 >> "{"refreshToken":"eyJhbGciOiJIUzI1NiIsInR5cCI6IkpXVCJ9.eyJpZCI6MSwidXNlcm5hbWUiOiJlbWlseXMiLCJlbWFpbCI6ImVtaWx5LmpvaG5zb25AeC5kdW1teWpzb24uY29tIiwiZmlyc3ROYW1lIjoiRW1pbHkiLCJsYXN0TmFtZSI6IkpvaG5zb24iLCJnZW5kZXIiOiJmZW1hbGUiLCJpbWFnZSI6Imh0dHBzOi8vZHVtbXlqc29uLmNvbS9pY29uL2VtaWx5cy8xMjgiLCJpYXQiOjE3NTE3NjcxOTAsImV4cCI6MTc1NDM1OTE5MH0.0HDS0UwyX2zxT0tsoFUEMW1AcGDW0XdCPv_Z2zcrm3M"}"
08:59:50.475 [main] DEBUG org.apache.http.wire -- http-outgoing-3 << "HTTP/1.1 200 OK[\r][\n]"
08:59:50.476 [main] DEBUG org.apache.http.wire -- http-outgoing-3 << "Access-Control-Allow-Origin: *[\r][\n]"
08:59:50.476 [main] DEBUG org.apache.http.wire -- http-outgoing-3 << "Content-Length: 756[\r][\n]"
08:59:50.476 [main] DEBUG org.apache.http.wire -- http-outgoing-3 << "Content-Type: application/json; charset=utf-8[\r][\n]"
08:59:50.476 [main] DEBUG org.apache.http.wire -- http-outgoing-3 << "Date: Sun, 06 Jul 2025 01:59:50 GMT[\r][\n]"
08:59:50.476 [main] DEBUG org.apache.http.wire -- http-outgoing-3 << "Etag: W/"2f4-1Mz3XMP+sx6vzqrIPr0+BHNijHQ"[\r][\n]"
08:59:50.476 [main] DEBUG org.apache.http.wire -- http-outgoing-3 << "Server: railway-edge[\r][\n]"
08:59:50.476 [main] DEBUG org.apache.http.wire -- http-outgoing-3 << "Set-Cookie: accessToken=eyJhbGciOiJIUzI1NiIsInR5cCI6IkpXVCJ9.eyJpZCI6MSwidXNlcm5hbWUiOiJlbWlseXMiLCJlbWFpbCI6ImVtaWx5LmpvaG5zb25AeC5kdW1teWpzb24uY29tIiwiZmlyc3ROYW1lIjoiRW1pbHkiLCJsYXN0TmFtZSI6IkpvaG5zb24iLCJnZW5kZXIiOiJmZW1hbGUiLCJpbWFnZSI6Imh0dHBzOi8vZHVtbXlqc29uLmNvbS9pY29uL2VtaWx5cy8xMjgiLCJpYXQiOjE3NTE3NjcxOTAsImV4cCI6MTc1MTc3MDc5MH0.IzH9ot3a9rM-_Or4cUq5ZdQV5Zvx_LzgmOapme1DWx0; Max-Age=3600; Path=/; Expires=Sun, 06 Jul 2025 02:59:50 GMT; HttpOnly; Secure[\r][\n]"
08:59:50.476 [main] DEBUG org.apache.http.wire -- http-outgoing-3 << "Set-Cookie: refreshToken=eyJhbGciOiJIUzI1NiIsInR5cCI6IkpXVCJ9.eyJpZCI6MSwidXNlcm5hbWUiOiJlbWlseXMiLCJlbWFpbCI6ImVtaWx5LmpvaG5zb25AeC5kdW1teWpzb24uY29tIiwiZmlyc3ROYW1lIjoiRW1pbHkiLCJsYXN0TmFtZSI6IkpvaG5zb24iLCJnZW5kZXIiOiJmZW1hbGUiLCJpbWFnZSI6Imh0dHBzOi8vZHVtbXlqc29uLmNvbS9pY29uL2VtaWx5cy8xMjgiLCJpYXQiOjE3NTE3NjcxOTAsImV4cCI6MTc1NDM1OTE5MH0.0HDS0UwyX2zxT0tsoFUEMW1AcGDW0XdCPv_Z2zcrm3M; Max-Age=3600; Path=/; Expires=Sun, 06 Jul 2025 02:59:50 GMT; HttpOnly; Secure[\r][\n]"
08:59:50.476 [main] DEBUG org.apache.http.wire -- http-outgoing-3 << "Strict-Transport-Security: max-age=1"
08:59:50.476 [main] DEBUG org.apache.http.wire -- http-outgoing-3 << "5552000; includeSubDomains[\r][\n]"
08:59:50.476 [main] DEBUG org.apache.http.wire -- http-outgoing-3 << "Vary: Accept-Encoding[\r][\n]"
08:59:50.476 [main] DEBUG org.apache.http.wire -- http-outgoing-3 << "X-Content-Type-Options: nosniff[\r][\n]"
08:59:50.476 [main] DEBUG org.apache.http.wire -- http-outgoing-3 << "X-Dns-Prefetch-Control: off[\r][\n]"
08:59:50.476 [main] DEBUG org.apache.http.wire -- http-outgoing-3 << "X-Download-Options: noopen[\r][\n]"
08:59:50.476 [main] DEBUG org.apache.http.wire -- http-outgoing-3 << "X-Frame-Options: SAMEORIGIN[\r][\n]"
08:59:50.476 [main] DEBUG org.apache.http.wire -- http-outgoing-3 << "X-Powered-By: Cats on Keyboards[\r][\n]"
08:59:50.476 [main] DEBUG org.apache.http.wire -- http-outgoing-3 << "X-Railway-Edge: railway/asia-southeast1-eqsg3a[\r][\n]"
08:59:50.476 [main] DEBUG org.apache.http.wire -- http-outgoing-3 << "X-Railway-Request-Id: rx9cpJqEQYuqoQ5CAQeqjw[\r][\n]"
08:59:50.476 [main] DEBUG org.apache.http.wire -- http-outgoing-3 << "X-Ratelimit-Limit: 100[\r][\n]"
08:59:50.476 [main] DEBUG org.apache.http.wire -- http-outgoing-3 << "X-Ratelimit-Remaining: 98[\r][\n]"
08:59:50.476 [main] DEBUG org.apache.http.wire -- http-outgoing-3 << "X-Ratelimit-Reset: 1751767192[\r][\n]"
08:59:50.476 [main] DEBUG org.apache.http.wire -- http-outgoing-3 << "X-Xss-Protection: 1; mode=block[\r][\n]"
08:59:50.476 [main] DEBUG org.apache.http.wire -- http-outgoing-3 << "[\r][\n]"
08:59:50.476 [main] DEBUG org.apache.http.wire -- http-outgoing-3 << "{"accessToken":"eyJhbGciOiJIUzI1NiIsInR5cCI6IkpXVCJ9.eyJpZCI6MSwidXNlcm5hbWUiOiJlbWlseXMiLCJlbWFpbCI6ImVtaWx5LmpvaG5zb25AeC5kdW1teWpzb24uY29tIiwiZmlyc3ROYW1lIjoiRW1pbHkiLCJsYXN0TmFtZSI6IkpvaG5zb24iLCJnZW5kZXIiOiJmZW1hbGUiLCJpbWFnZSI6Imh0dHBzOi8vZHVtbXlqc29uLmNvbS9pY29uL2VtaWx5cy8xMjgiLCJpYXQiOjE3NTE3NjcxOTAsImV4cCI6MTc1MTc3MDc5MH0.IzH9ot3a9rM-_Or4cUq5ZdQV5Zvx_LzgmOapme1DWx0","refreshToken":"eyJhbGciOiJIUzI1NiIsInR5cCI6IkpXVCJ9.eyJpZCI6MSwidXNlcm5hbWUiOiJlbWlseXMiLCJlbWFpbCI6ImVtaWx5LmpvaG5zb25AeC5kdW1teWpzb24uY29tIiwiZmlyc3ROYW1lIjoiRW1pbHkiLCJsYXN0TmFtZSI6IkpvaG5zb24iLCJnZW5kZXIiOiJmZW1hbGUiLCJpbWFnZSI6Imh0dHBzOi8vZHVtbXlqc29uLmNvbS9pY29uL2VtaWx5cy8xMjgiLCJpYXQiOjE3NTE3NjcxOTAsImV4cCI6MTc1NDM1OTE5MH0.0HDS0UwyX2zxT0tsoFUEMW1AcGDW0XdCPv_Z2zcrm3M"}"
08:59:50.476 [main] DEBUG org.apache.http.headers -- http-outgoing-3 << HTTP/1.1 200 OK
08:59:50.476 [main] DEBUG org.apache.http.headers -- http-outgoing-3 << Access-Control-Allow-Origin: *
08:59:50.476 [main] DEBUG org.apache.http.headers -- http-outgoing-3 << Content-Length: 756
08:59:50.476 [main] DEBUG org.apache.http.headers -- http-outgoing-3 << Content-Type: application/json; charset=utf-8
08:59:50.476 [main] DEBUG org.apache.http.headers -- http-outgoing-3 << Date: Sun, 06 Jul 2025 01:59:50 GMT
08:59:50.476 [main] DEBUG org.apache.http.headers -- http-outgoing-3 << Etag: W/"2f4-1Mz3XMP+sx6vzqrIPr0+BHNijHQ"
08:59:50.476 [main] DEBUG org.apache.http.headers -- http-outgoing-3 << Server: railway-edge
08:59:50.476 [main] DEBUG org.apache.http.headers -- http-outgoing-3 << Set-Cookie: accessToken=eyJhbGciOiJIUzI1NiIsInR5cCI6IkpXVCJ9.eyJpZCI6MSwidXNlcm5hbWUiOiJlbWlseXMiLCJlbWFpbCI6ImVtaWx5LmpvaG5zb25AeC5kdW1teWpzb24uY29tIiwiZmlyc3ROYW1lIjoiRW1pbHkiLCJsYXN0TmFtZSI6IkpvaG5zb24iLCJnZW5kZXIiOiJmZW1hbGUiLCJpbWFnZSI6Imh0dHBzOi8vZHVtbXlqc29uLmNvbS9pY29uL2VtaWx5cy8xMjgiLCJpYXQiOjE3NTE3NjcxOTAsImV4cCI6MTc1MTc3MDc5MH0.IzH9ot3a9rM-_Or4cUq5ZdQV5Zvx_LzgmOapme1DWx0; Max-Age=3600; Path=/; Expires=Sun, 06 Jul 2025 02:59:50 GMT; HttpOnly; Secure
08:59:50.476 [main] DEBUG org.apache.http.headers -- http-outgoing-3 << Set-Cookie: refreshToken=eyJhbGciOiJIUzI1NiIsInR5cCI6IkpXVCJ9.eyJpZCI6MSwidXNlcm5hbWUiOiJlbWlseXMiLCJlbWFpbCI6ImVtaWx5LmpvaG5zb25AeC5kdW1teWpzb24uY29tIiwiZmlyc3ROYW1lIjoiRW1pbHkiLCJsYXN0TmFtZSI6IkpvaG5zb24iLCJnZW5kZXIiOiJmZW1hbGUiLCJpbWFnZSI6Imh0dHBzOi8vZHVtbXlqc29uLmNvbS9pY29uL2VtaWx5cy8xMjgiLCJpYXQiOjE3NTE3NjcxOTAsImV4cCI6MTc1NDM1OTE5MH0.0HDS0UwyX2zxT0tsoFUEMW1AcGDW0XdCPv_Z2zcrm3M; Max-Age=3600; Path=/; Expires=Sun, 06 Jul 2025 02:59:50 GMT; HttpOnly; Secure
08:59:50.476 [main] DEBUG org.apache.http.headers -- http-outgoing-3 << Strict-Transport-Security: max-age=15552000; includeSubDomains
08:59:50.476 [main] DEBUG org.apache.http.headers -- http-outgoing-3 << Vary: Accept-Encoding
08:59:50.476 [main] DEBUG org.apache.http.headers -- http-outgoing-3 << X-Content-Type-Options: nosniff
08:59:50.476 [main] DEBUG org.apache.http.headers -- http-outgoing-3 << X-Dns-Prefetch-Control: off
08:59:50.476 [main] DEBUG org.apache.http.headers -- http-outgoing-3 << X-Download-Options: noopen
08:59:50.476 [main] DEBUG org.apache.http.headers -- http-outgoing-3 << X-Frame-Options: SAMEORIGIN
08:59:50.476 [main] DEBUG org.apache.http.headers -- http-outgoing-3 << X-Powered-By: Cats on Keyboards
08:59:50.476 [main] DEBUG org.apache.http.headers -- http-outgoing-3 << X-Railway-Edge: railway/asia-southeast1-eqsg3a
08:59:50.476 [main] DEBUG org.apache.http.headers -- http-outgoing-3 << X-Railway-Request-Id: rx9cpJqEQYuqoQ5CAQeqjw
08:59:50.476 [main] DEBUG org.apache.http.headers -- http-outgoing-3 << X-Ratelimit-Limit: 100
08:59:50.476 [main] DEBUG org.apache.http.headers -- http-outgoing-3 << X-Ratelimit-Remaining: 98
08:59:50.476 [main] DEBUG org.apache.http.headers -- http-outgoing-3 << X-Ratelimit-Reset: 1751767192
08:59:50.476 [main] DEBUG org.apache.http.headers -- http-outgoing-3 << X-Xss-Protection: 1; mode=block
08:59:50.476 [main] DEBUG org.apache.http.impl.execchain.MainClientExec -- Connection can be kept alive indefinitely
08:59:50.477 [main] DEBUG org.apache.http.client.protocol.ResponseProcessCookies -- Cookie accepted [accessToken="eyJhbGciOiJIUzI1NiIsInR5cCI6IkpXVCJ9.eyJpZCI6MSwidXNlcm5hbWUiOiJlbWlseXMiLCJlbWFpbCI6ImVtaWx5LmpvaG5...", version:0, domain:dummyjson.com, path:/, expiry:Sun Jul 06 09:59:50 WIB 2025]
08:59:50.477 [main] DEBUG org.apache.http.client.protocol.ResponseProcessCookies -- Cookie accepted [refreshToken="eyJhbGciOiJIUzI1NiIsInR5cCI6IkpXVCJ9.eyJpZCI6MSwidXNlcm5hbWUiOiJlbWlseXMiLCJlbWFpbCI6ImVtaWx5LmpvaG5...", version:0, domain:dummyjson.com, path:/, expiry:Sun Jul 06 09:59:50 WIB 2025]
08:59:50.477 [main] DEBUG org.apache.http.impl.conn.PoolingHttpClientConnectionManager -- Connection [id: 3][route: {s}->https://dummyjson.com:443] can be kept alive indefinitely
08:59:50.477 [main] DEBUG org.apache.http.impl.conn.DefaultManagedHttpClientConnection -- http-outgoing-3: set socket timeout to 0
08:59:50.477 [main] DEBUG org.apache.http.impl.conn.PoolingHttpClientConnectionManager -- Connection released: [id: 3][route: {s}->https://dummyjson.com:443][total available: 1; route allocated: 1 of 5; total allocated: 1 of 10]
08:59:50.477 [main] DEBUG org.apache.http.impl.conn.PoolingHttpClientConnectionManager -- Connection manager is shutting down
08:59:50.477 [main] DEBUG org.apache.http.impl.conn.DefaultManagedHttpClientConnection -- http-outgoing-3: Close connection
08:59:50.478 [main] DEBUG org.apache.http.impl.conn.PoolingHttpClientConnectionManager -- Connection manager shut down
08:59:50.478 [main] DEBUG com.intuit.karate -- response time in milliseconds: 76
1 < 200
1 < Access-Control-Allow-Origin: *
1 < Content-Length: 756
1 < Content-Type: application/json; charset=utf-8
1 < Date: Sun, 06 Jul 2025 01:59:50 GMT
[...]
[THYMELEAF]             * [* {th:colspan,data-th-colspan}] [1000]: org.thymeleaf.standard.processor.StandardRemovableAttributeTagProcessor
[THYMELEAF]             * [* {th:scope,data-th-scope}] [1000]: org.thymeleaf.standard.processor.StandardRemovableAttributeTagProcessor
[THYMELEAF]             * [* {th:media,data-th-media}] [1000]: org.thymeleaf.standard.processor.StandardRemovableAttributeTagProcessor
[THYMELEAF]             * [* {th:classid,data-th-classid}] [1000]: org.thymeleaf.standard.processor.StandardRemovableAttributeTagProcessor
[THYMELEAF]             * [* {th:keytype,data-th-keytype}] [1000]: org.thymeleaf.standard.processor.StandardRemovableAttributeTagProcessor
[THYMELEAF]             * [* {th:style,data-th-style}] [1000]: org.thymeleaf.standard.processor.StandardRemovableAttributeTagProcessor
[THYMELEAF]             * [* {th:longdesc,data-th-longdesc}] [1000]: org.thymeleaf.standard.processor.StandardRemovableAttributeTagProcessor
[THYMELEAF]             * [* {th:vspace,data-th-vspace}] [1000]: org.thymeleaf.standard.processor.StandardRemovableAttributeTagProcessor
[THYMELEAF]             * [* {th:target,data-th-target}] [1000]: org.thymeleaf.standard.processor.StandardRemovableAttributeTagProcessor
[THYMELEAF]             * [* {th:lang,data-th-lang}] [1000]: org.thymeleaf.standard.processor.StandardRemovableAttributeTagProcessor
[THYMELEAF]             * [* {th:datetime,data-th-datetime}] [1000]: org.thymeleaf.standard.processor.StandardRemovableAttributeTagProcessor
[THYMELEAF]             * [* {th:sandbox,data-th-sandbox}] [1000]: org.thymeleaf.standard.processor.StandardRemovableAttributeTagProcessor
[THYMELEAF]             * [* {th:manifest,data-th-manifest}] [1000]: org.thymeleaf.standard.processor.StandardRemovableAttributeTagProcessor
[THYMELEAF]             * [* {th:scrolling,data-th-scrolling}] [1000]: org.thymeleaf.standard.processor.StandardRemovableAttributeTagProcessor
[THYMELEAF]             * [* {th:marginwidth,data-th-marginwidth}] [1000]: org.thymeleaf.standard.processor.StandardRemovableAttributeTagProcessor
[THYMELEAF]             * [* {th:frameborder,data-th-frameborder}] [1000]: org.thymeleaf.standard.processor.StandardRemovableAttributeTagProcessor
[THYMELEAF]             * [* {th:formtarget,data-th-formtarget}] [1000]: org.thymeleaf.standard.processor.StandardRemovableAttributeTagProcessor
[THYMELEAF]             * [* {th:rules,data-th-rules}] [1000]: org.thymeleaf.standard.processor.StandardRemovableAttributeTagProcessor
[THYMELEAF]             * [* {th:title,data-th-title}] [1000]: org.thymeleaf.standard.processor.StandardRemovableAttributeTagProcessor
[THYMELEAF]             * [* {th:id,data-th-id}] [1000]: org.thymeleaf.standard.processor.StandardRemovableAttributeTagProcessor
[THYMELEAF]             * [* {th:challenge,data-th-challenge}] [1000]: org.thymeleaf.standard.processor.StandardRemovableAttributeTagProcessor
[THYMELEAF]             * [* {th:step,data-th-step}] [1000]: org.thymeleaf.standard.processor.StandardRemovableAttributeTagProcessor
[THYMELEAF]             * [* {th:formenctype,data-th-formenctype}] [1000]: org.thymeleaf.standard.processor.StandardRemovableAttributeTagProcessor
[THYMELEAF]             * [* {th:hspace,data-th-hspace}] [1000]: org.thymeleaf.standard.processor.StandardRemovableAttributeTagProcessor
[THYMELEAF]             * [* {th:srclang,data-th-srclang}] [1000]: org.thymeleaf.standard.processor.StandardRemovableAttributeTagProcessor
[THYMELEAF]             * [* {th:cite,data-th-cite}] [1000]: org.thymeleaf.standard.processor.StandardRemovableAttributeTagProcessor
[THYMELEAF]             * [* {th:autocomplete,data-th-autocomplete}] [1000]: org.thymeleaf.standard.processor.StandardRemovableAttributeTagProcessor
[THYMELEAF]             * [* {th:contextmenu,data-th-contextmenu}] [1000]: org.thymeleaf.standard.processor.StandardRemovableAttributeTagProcessor
[THYMELEAF]             * [* {th:start,data-th-start}] [1000]: org.thymeleaf.standard.processor.StandardRemovableAttributeTagProcessor
[THYMELEAF]             * [* {th:rev,data-th-rev}] [1000]: org.thymeleaf.standard.processor.StandardRemovableAttributeTagProcessor
[THYMELEAF]             * [* {th:width,data-th-width}] [1000]: org.thymeleaf.standard.processor.StandardRemovableAttributeTagProcessor
[THYMELEAF]             * [* {th:border,data-th-border}] [1000]: org.thymeleaf.standard.processor.StandardRemovableAttributeTagProcessor
[THYMELEAF]             * [* {th:span,data-th-span}] [1000]: org.thymeleaf.standard.processor.StandardRemovableAttributeTagProcessor
[THYMELEAF]             * [* {th:for,data-th-for}] [1000]: org.thymeleaf.standard.processor.StandardRemovableAttributeTagProcessor
[THYMELEAF]             * [* {th:valuetype,data-th-valuetype}] [1000]: org.thymeleaf.standard.processor.StandardRemovableAttributeTagProcessor
[THYMELEAF]             * [* {th:maxlength,data-th-maxlength}] [1000]: org.thymeleaf.standard.processor.StandardRemovableAttributeTagProcessor
[THYMELEAF]             * [* {th:optimum,data-th-optimum}] [1000]: org.thymeleaf.standard.processor.StandardRemovableAttributeTagProcessor
[THYMELEAF]             * [* {th:dir,data-th-dir}] [1000]: org.thymeleaf.standard.processor.StandardRemovableAttributeTagProcessor
[THYMELEAF]             * [* {th:scheme,data-th-scheme}] [1000]: org.thymeleaf.standard.processor.StandardRemovableAttributeTagProcessor
[THYMELEAF]             * [* {th:src,data-th-src}] [1000]: org.thymeleaf.standard.processor.StandardSrcTagProcessor
[THYMELEAF]             * [* {th:value,data-th-value}] [1000]: org.thymeleaf.standard.processor.StandardValueTagProcessor
[THYMELEAF]             * [* {th:xmlbase,data-th-xmlbase}] [1000]: org.thymeleaf.standard.processor.StandardXmlBaseTagProcessor
[THYMELEAF]             * [* {th:xmllang,data-th-xmllang}] [1000]: org.thymeleaf.standard.processor.StandardXmlLangTagProcessor
[THYMELEAF]             * [* {xmlns:th}] [1000]: org.thymeleaf.standard.processor.StandardXmlNsTagProcessor
[THYMELEAF]             * [* {th:xmlspace,data-th-xmlspace}] [1000]: org.thymeleaf.standard.processor.StandardXmlSpaceTagProcessor
[THYMELEAF]             * [* {th:classappend,data-th-classappend}] [1100]: org.thymeleaf.standard.processor.StandardClassappendTagProcessor
[THYMELEAF]             * [* {th:styleappend,data-th-styleappend}] [1100]: org.thymeleaf.standard.processor.StandardStyleappendTagProcessor
[THYMELEAF]             * [* {th:text,data-th-text}] [1300]: org.thymeleaf.standard.processor.StandardTextTagProcessor
[THYMELEAF]             * [* {th:utext,data-th-utext}] [1400]: org.thymeleaf.standard.processor.StandardUtextTagProcessor
[THYMELEAF]             * [* {th:fragment,data-th-fragment}] [1500]: org.thymeleaf.standard.processor.StandardFragmentTagProcessor
[THYMELEAF]             * [* {th:assert,data-th-assert}] [1550]: org.thymeleaf.standard.processor.StandardAssertTagProcessor
[THYMELEAF]             * [* {th:remove,data-th-remove}] [1600]: org.thymeleaf.standard.processor.StandardRemoveTagProcessor
[THYMELEAF]             * [* {th:ref,data-th-ref}] [10000]: org.thymeleaf.standard.processor.StandardRefAttributeTagProcessor
[THYMELEAF]             * [{th:block,th-block} *] [100000]: org.thymeleaf.standard.processor.StandardBlockTagProcessor
[THYMELEAF]             * [* th:*] [2147483647]: org.thymeleaf.standard.processor.StandardDefaultAttributesTagProcessor
[THYMELEAF]         * Text Processors by [precedence]:
[THYMELEAF]             * [1000]: org.thymeleaf.standard.processor.StandardInliningTextProcessor
[THYMELEAF]         * DOCTYPE Processors by [precedence]:
[THYMELEAF]             * [1000]: org.thymeleaf.standard.processor.StandardTranslationDocTypeProcessor
[THYMELEAF]         * CDATA Section Processors by [precedence]:
[THYMELEAF]             * [1000]: org.thymeleaf.standard.processor.StandardInliningCDATASectionProcessor
[THYMELEAF]         * Comment Processors by [precedence]:
[THYMELEAF]             * [1000]: org.thymeleaf.standard.processor.StandardInliningCommentProcessor
[THYMELEAF]             * [1100]: org.thymeleaf.standard.processor.StandardConditionalCommentProcessor
[THYMELEAF]     * Processors for Template Mode: XML
[THYMELEAF]         * Element Tag Processors by [matching element and attribute name] [precedence]:
[THYMELEAF]             * [* {th:include}] [100]: org.thymeleaf.standard.processor.StandardIncludeTagProcessor
[THYMELEAF]             * [* {th:insert}] [100]: org.thymeleaf.standard.processor.StandardInsertTagProcessor
[THYMELEAF]             * [* {th:replace}] [100]: org.thymeleaf.standard.processor.StandardReplaceTagProcessor
[THYMELEAF]             * [* {th:each}] [200]: com.intuit.karate.template.KarateEachTagProcessor
[THYMELEAF]             * [* {th:switch}] [250]: org.thymeleaf.standard.processor.StandardSwitchTagProcessor
[THYMELEAF]             * [* {th:case}] [275]: org.thymeleaf.standard.processor.StandardCaseTagProcessor
[THYMELEAF]             * [* {th:if}] [300]: org.thymeleaf.standard.processor.StandardIfTagProcessor
[THYMELEAF]             * [* {th:unless}] [400]: org.thymeleaf.standard.processor.StandardUnlessTagProcessor
[THYMELEAF]             * [* {th:object}] [500]: org.thymeleaf.standard.processor.StandardObjectTagProcessor
[THYMELEAF]             * [* {th:with}] [600]: com.intuit.karate.template.KarateWithTagProcessor
[THYMELEAF]             * [* {th:attr}] [700]: com.intuit.karate.template.KarateAttributeTagProcessor.KarateAttrTagProcessor
[THYMELEAF]             * [* {th:attrappend}] [900]: com.intuit.karate.template.KarateAttributeTagProcessor.KarateAttrappendTagProcessor
[THYMELEAF]             * [* {th:attrprepend}] [900]: com.intuit.karate.template.KarateAttributeTagProcessor.KarateAttrprependTagProcessor
[THYMELEAF]             * [* {th:inline}] [1000]: org.thymeleaf.standard.processor.StandardInlineXMLTagProcessor
[THYMELEAF]             * [* {xmlns:th}] [1000]: org.thymeleaf.standard.processor.StandardXmlNsTagProcessor
[THYMELEAF]             * [* {th:text}] [1300]: org.thymeleaf.standard.processor.StandardTextTagProcessor
[THYMELEAF]             * [* {th:utext}] [1400]: org.thymeleaf.standard.processor.StandardUtextTagProcessor
[THYMELEAF]             * [* {th:fragment}] [1500]: org.thymeleaf.standard.processor.StandardFragmentTagProcessor
[THYMELEAF]             * [* {th:assert}] [1550]: org.thymeleaf.standard.processor.StandardAssertTagProcessor
[THYMELEAF]             * [* {th:remove}] [1600]: org.thymeleaf.standard.processor.StandardRemoveTagProcessor
[THYMELEAF]             * [* {th:ref}] [10000]: org.thymeleaf.standard.processor.StandardRefAttributeTagProcessor
[THYMELEAF]             * [{th:block} *] [100000]: org.thymeleaf.standard.processor.StandardBlockTagProcessor
[THYMELEAF]             * [* th:*] [2147483647]: org.thymeleaf.standard.processor.StandardDefaultAttributesTagProcessor
[THYMELEAF]         * Text Processors by [precedence]:
[THYMELEAF]             * [1000]: org.thymeleaf.standard.processor.StandardInliningTextProcessor
[THYMELEAF]         * CDATA Section Processors by [precedence]:
[THYMELEAF]             * [1000]: org.thymeleaf.standard.processor.StandardInliningCDATASectionProcessor
[THYMELEAF]         * Comment Processors by [precedence]:
[THYMELEAF]             * [1000]: org.thymeleaf.standard.processor.StandardInliningCommentProcessor
[THYMELEAF]     * Processors for Template Mode: TEXT
[THYMELEAF]         * Element Tag Processors by [matching element and attribute name] [precedence]:
[THYMELEAF]             * [* {th:insert}] [100]: org.thymeleaf.standard.processor.StandardInsertTagProcessor
[THYMELEAF]             * [* {th:replace}] [100]: org.thymeleaf.standard.processor.StandardReplaceTagProcessor
[THYMELEAF]             * [* {th:each}] [200]: com.intuit.karate.template.KarateEachTagProcessor
[THYMELEAF]             * [* {th:switch}] [250]: org.thymeleaf.standard.processor.StandardSwitchTagProcessor
[THYMELEAF]             * [* {th:case}] [275]: org.thymeleaf.standard.processor.StandardCaseTagProcessor
[THYMELEAF]             * [* {th:if}] [300]: org.thymeleaf.standard.processor.StandardIfTagProcessor
[THYMELEAF]             * [* {th:unless}] [400]: org.thymeleaf.standard.processor.StandardUnlessTagProcessor
[THYMELEAF]             * [* {th:object}] [500]: org.thymeleaf.standard.processor.StandardObjectTagProcessor
[THYMELEAF]             * [* {th:with}] [600]: com.intuit.karate.template.KarateWithTagProcessor
[THYMELEAF]             * [* {th:inline}] [1000]: org.thymeleaf.standard.processor.StandardInlineTextualTagProcessor
[THYMELEAF]             * [* {th:text}] [1300]: org.thymeleaf.standard.processor.StandardTextTagProcessor
[THYMELEAF]             * [* {th:utext}] [1400]: org.thymeleaf.standard.processor.StandardUtextTagProcessor
[THYMELEAF]             * [* {th:assert}] [1550]: org.thymeleaf.standard.processor.StandardAssertTagProcessor
[THYMELEAF]             * [* {th:remove}] [1600]: org.thymeleaf.standard.processor.StandardRemoveTagProcessor
[THYMELEAF]             * [{th:block} *] [100000]: org.thymeleaf.standard.processor.StandardBlockTagProcessor
[THYMELEAF]             * [* 100000] [org.thymeleaf.standard.processor.StandardBlockTagProcessor]: {}
[THYMELEAF]         * Text Processors by [precedence]:
[THYMELEAF]             * [1000]: org.thymeleaf.standard.processor.StandardInliningTextProcessor
[THYMELEAF]     * Processors for Template Mode: JAVASCRIPT
[THYMELEAF]         * Element Tag Processors by [matching element and attribute name] [precedence]:
[THYMELEAF]             * [* {th:insert}] [100]: org.thymeleaf.standard.processor.StandardInsertTagProcessor
[THYMELEAF]             * [* {th:replace}] [100]: org.thymeleaf.standard.processor.StandardReplaceTagProcessor
[THYMELEAF]             * [* {th:each}] [200]: com.intuit.karate.template.KarateEachTagProcessor
[THYMELEAF]             * [* {th:switch}] [250]: org.thymeleaf.standard.processor.StandardSwitchTagProcessor
[THYMELEAF]             * [* {th:case}] [275]: org.thymeleaf.standard.processor.StandardCaseTagProcessor
[THYMELEAF]             * [* {th:if}] [300]: org.thymeleaf.standard.processor.StandardIfTagProcessor
[THYMELEAF]             * [* {th:unless}] [400]: org.thymeleaf.standard.processor.StandardUnlessTagProcessor
[THYMELEAF]             * [* {th:object}] [500]: org.thymeleaf.standard.processor.StandardObjectTagProcessor
[THYMELEAF]             * [* {th:with}] [600]: com.intuit.karate.template.KarateWithTagProcessor
[THYMELEAF]             * [* {th:inline}] [1000]: org.thymeleaf.standard.processor.StandardInlineTextualTagProcessor
[THYMELEAF]             * [* {th:text}] [1300]: org.thymeleaf.standard.processor.StandardTextTagProcessor
[THYMELEAF]             * [* {th:utext}] [1400]: org.thymeleaf.standard.processor.StandardUtextTagProcessor
[THYMELEAF]             * [* {th:assert}] [1550]: org.thymeleaf.standard.processor.StandardAssertTagProcessor
[THYMELEAF]             * [* {th:remove}] [1600]: org.thymeleaf.standard.processor.StandardRemoveTagProcessor
[THYMELEAF]             * [* 100000] [org.thymeleaf.standard.processor.StandardBlockTagProcessor]: {}
[THYMELEAF]             * [{th:block} *] [100000]: org.thymeleaf.standard.processor.StandardBlockTagProcessor
[THYMELEAF]         * Text Processors by [precedence]:
[THYMELEAF]             * [1000]: org.thymeleaf.standard.processor.StandardInliningTextProcessor
[THYMELEAF]     * Processors for Template Mode: CSS
[THYMELEAF]         * Element Tag Processors by [matching element and attribute name] [precedence]:
[THYMELEAF]             * [* {th:insert}] [100]: org.thymeleaf.standard.processor.StandardInsertTagProcessor
[THYMELEAF]             * [* {th:replace}] [100]: org.thymeleaf.standard.processor.StandardReplaceTagProcessor
[THYMELEAF]             * [* {th:each}] [200]: com.intuit.karate.template.KarateEachTagProcessor
[THYMELEAF]             * [* {th:switch}] [250]: org.thymeleaf.standard.processor.StandardSwitchTagProcessor
[THYMELEAF]             * [* {th:case}] [275]: org.thymeleaf.standard.processor.StandardCaseTagProcessor
[THYMELEAF]             * [* {th:if}] [300]: org.thymeleaf.standard.processor.StandardIfTagProcessor
[THYMELEAF]             * [* {th:unless}] [400]: org.thymeleaf.standard.processor.StandardUnlessTagProcessor
[THYMELEAF]             * [* {th:object}] [500]: org.thymeleaf.standard.processor.StandardObjectTagProcessor
[THYMELEAF]             * [* {th:with}] [600]: com.intuit.karate.template.KarateWithTagProcessor
[THYMELEAF]             * [* {th:inline}] [1000]: org.thymeleaf.standard.processor.StandardInlineTextualTagProcessor
[THYMELEAF]             * [* {th:text}] [1300]: org.thymeleaf.standard.processor.StandardTextTagProcessor
[THYMELEAF]             * [* {th:utext}] [1400]: org.thymeleaf.standard.processor.StandardUtextTagProcessor
[THYMELEAF]             * [* {th:assert}] [1550]: org.thymeleaf.standard.processor.StandardAssertTagProcessor
[THYMELEAF]             * [* {th:remove}] [1600]: org.thymeleaf.standard.processor.StandardRemoveTagProcessor
[THYMELEAF]             * [{th:block} *] [100000]: org.thymeleaf.standard.processor.StandardBlockTagProcessor
[THYMELEAF]             * [* 100000] [org.thymeleaf.standard.processor.StandardBlockTagProcessor]: {}
[THYMELEAF]         * Text Processors by [precedence]:
[THYMELEAF]             * [1000]: org.thymeleaf.standard.processor.StandardInliningTextProcessor
[THYMELEAF]     * Expression Objects:
[THYMELEAF]         * #ctx
[THYMELEAF]         * #root
[THYMELEAF]         * #vars
[THYMELEAF]         * #object
[THYMELEAF]         * #locale
[THYMELEAF]         * #conversions
[THYMELEAF]         * #uris
[THYMELEAF]         * #temporals
[THYMELEAF]         * #calendars
[THYMELEAF]         * #dates
[THYMELEAF]         * #bools
[THYMELEAF]         * #numbers
[THYMELEAF]         * #objects
[THYMELEAF]         * #strings
[THYMELEAF]         * #arrays
[THYMELEAF]         * #lists
[THYMELEAF]         * #sets
[THYMELEAF]         * #maps
[THYMELEAF]         * #aggregates
[THYMELEAF]         * #messages
[THYMELEAF]         * #ids
[THYMELEAF]         * #execInfo
[THYMELEAF]         * #request
[THYMELEAF]         * #response
[THYMELEAF]         * #session
[THYMELEAF]         * #servletContext
[THYMELEAF]     * Execution Attributes:
[THYMELEAF]         * "StandardExpressionParser": com.intuit.karate.template.KarateStandardDialect@50b4364
[THYMELEAF]         * "StandardJavaScriptSerializer": org.thymeleaf.standard.serializer.StandardJavaScriptSerializer@38cb1606
[THYMELEAF]         * "StandardCSSSerializer": org.thymeleaf.standard.serializer.StandardCSSSerializer@61c4cebd
[THYMELEAF]         * "StandardVariableExpressionEvaluator": com.intuit.karate.template.KarateStandardDialect@50b4364
[THYMELEAF]         * "StandardConversionService": org.thymeleaf.standard.expression.StandardConversionService@655909e2
[THYMELEAF] * Dialect [2 of 2]: karate (com.intuit.karate.template.KarateScriptDialect)
[THYMELEAF]     * Prefix: "ka"
[THYMELEAF]     * Processors for Template Mode: HTML
[THYMELEAF]         * Element Tag Processors by [matching element and attribute name] [precedence]:
[THYMELEAF]             * [* {src}] [1000]: com.intuit.karate.template.KaScriptAttrProcessor
[THYMELEAF]         * Element Model Processors by [matching element and attribute name] [precedence]:
[THYMELEAF]             * [{script} {ka:scope,data-ka-scope}] [1000]: com.intuit.karate.template.KaScriptElemProcessor
[THYMELEAF]             * [* {ka:set,data-ka-set}] [1000]: com.intuit.karate.template.KaSetElemProcessor
[THYMELEAF] TEMPLATE ENGINE CONFIGURED OK
08:59:51.009 [main] DEBUG org.thymeleaf.TemplateEngine -- [THYMELEAF] TEMPLATE ENGINE INITIALIZED

HTML report: (paste into browser to view) | Karate version: 1.4.1
file:///Users/devo/KarateAPIProject/karate-dummyjson/target/karate-reports/karate-summary.html
===================================================================

]]></system-out>
  </testcase>
</testsuite>