<?xml version="1.0" encoding="UTF-8"?>
<testsuite xmlns:xsi="http://www.w3.org/2001/XMLSchema-instance" xsi:noNamespaceSchemaLocation="https://maven.apache.org/surefire/maven-surefire-plugin/xsd/surefire-test-report-3.0.xsd" version="3.0" name="dummyjson.UsersRunner" time="4.113" tests="14" errors="0" skipped="0" failures="0">
  <properties>
[...]
</properties>
  <testcase name="[1:6] Get All Users" classname="dummyjson/Users" time="1.513">
    <system-out><![CDATA[17:56:10.896 [main] DEBUG com.intuit.karate.Suite -- [config] classpath:karate-config.js
17:56:11.794 [main] DEBUG org.apache.http.client.protocol.RequestAddCookies -- CookieSpec selected: karate
17:56:11.797 [main] DEBUG org.apache.http.client.protocol.RequestAuthCache -- Auth cache not set in the context
17:56:11.799 [main] DEBUG com.intuit.karate -- request:
1 > GET https://dummyjson.com/users
1 > Host: dummyjson.com
1 > Connection: Keep-Alive
1 > User-Agent: Apache-HttpClient/4.5.14 (Java/21.0.8)
1 > Accept-Encoding: gzip,deflate


17:56:11.800 [main] DEBUG org.apache.http.impl.conn.PoolingHttpClientConnectionManager -- Connection request: [route: {s}->https://dummyjson.com:443][total available: 0; route allocated: 0 of 5; total allocated: 0 of 10]
17:56:11.812 [main] DEBUG org.apache.http.impl.conn.PoolingHttpClientConnectionManager -- Connection leased: [id: 0][route: {s}->https://dummyjson.com:443][total available: 0; route allocated: 1 of 5; total allocated: 1 of 10]
17:56:11.813 [main] DEBUG org.apache.http.impl.execchain.MainClientExec -- Opening connection {s}->https://dummyjson.com:443
17:56:12.125 [main] DEBUG org.apache.http.impl.conn.DefaultHttpClientConnectionOperator -- Connecting to dummyjson.com/66.33.22.3:443
17:56:12.125 [main] DEBUG org.apache.http.conn.ssl.SSLConnectionSocketFactory -- Connecting socket to dummyjson.com/66.33.22.3:443 with timeout 30000
17:56:12.186 [main] DEBUG org.apache.http.conn.ssl.SSLConnectionSocketFactory -- Enabled protocols: [TLSv1.3, TLSv1.2]
17:56:12.186 [main] DEBUG org.apache.http.conn.ssl.SSLConnectionSocketFactory -- Enabled cipher suites:[TLS_AES_256_GCM_SHA384, TLS_AES_128_GCM_SHA256, TLS_CHACHA20_POLY1305_SHA256, TLS_ECDHE_ECDSA_WITH_AES_256_GCM_SHA384, TLS_ECDHE_ECDSA_WITH_AES_128_GCM_SHA256, TLS_ECDHE_ECDSA_WITH_CHACHA20_POLY1305_SHA256, TLS_ECDHE_RSA_WITH_AES_256_GCM_SHA384, TLS_ECDHE_RSA_WITH_CHACHA20_POLY1305_SHA256, TLS_ECDHE_RSA_WITH_AES_128_GCM_SHA256, TLS_DHE_RSA_WITH_AES_256_GCM_SHA384, TLS_DHE_RSA_WITH_CHACHA20_POLY1305_SHA256, TLS_DHE_DSS_WITH_AES_256_GCM_SHA384, TLS_DHE_RSA_WITH_AES_128_GCM_SHA256, TLS_DHE_DSS_WITH_AES_128_GCM_SHA256, TLS_ECDHE_ECDSA_WITH_AES_256_CBC_SHA384, TLS_ECDHE_RSA_WITH_AES_256_CBC_SHA384, TLS_ECDHE_ECDSA_WITH_AES_128_CBC_SHA256, TLS_ECDHE_RSA_WITH_AES_128_CBC_SHA256, TLS_DHE_RSA_WITH_AES_256_CBC_SHA256, TLS_DHE_DSS_WITH_AES_256_CBC_SHA256, TLS_DHE_RSA_WITH_AES_128_CBC_SHA256, TLS_DHE_DSS_WITH_AES_128_CBC_SHA256, TLS_ECDHE_ECDSA_WITH_AES_256_CBC_SHA, TLS_ECDHE_RSA_WITH_AES_256_CBC_SHA, TLS_ECDHE_ECDSA_WITH_AES_128_CBC_SHA, TLS_ECDHE_RSA_WITH_AES_128_CBC_SHA, TLS_DHE_RSA_WITH_AES_256_CBC_SHA, TLS_DHE_DSS_WITH_AES_256_CBC_SHA, TLS_DHE_RSA_WITH_AES_128_CBC_SHA, TLS_DHE_DSS_WITH_AES_128_CBC_SHA, TLS_RSA_WITH_AES_256_GCM_SHA384, TLS_RSA_WITH_AES_128_GCM_SHA256, TLS_RSA_WITH_AES_256_CBC_SHA256, TLS_RSA_WITH_AES_128_CBC_SHA256, TLS_RSA_WITH_AES_256_CBC_SHA, TLS_RSA_WITH_AES_128_CBC_SHA, TLS_EMPTY_RENEGOTIATION_INFO_SCSV]
17:56:12.187 [main] DEBUG org.apache.http.conn.ssl.SSLConnectionSocketFactory -- Starting handshake
17:56:12.308 [main] DEBUG org.apache.http.conn.ssl.SSLConnectionSocketFactory -- Secure session established
17:56:12.308 [main] DEBUG org.apache.http.conn.ssl.SSLConnectionSocketFactory --  negotiated protocol: TLSv1.3
17:56:12.308 [main] DEBUG org.apache.http.conn.ssl.SSLConnectionSocketFactory --  negotiated cipher suite: TLS_AES_128_GCM_SHA256
17:56:12.308 [main] DEBUG org.apache.http.conn.ssl.SSLConnectionSocketFactory --  peer principal: CN=dummyjson.com
17:56:12.308 [main] DEBUG org.apache.http.conn.ssl.SSLConnectionSocketFactory --  peer alternative names: [dummyjson.com]
17:56:12.308 [main] DEBUG org.apache.http.conn.ssl.SSLConnectionSocketFactory --  issuer principal: CN=R11, O=Let's Encrypt, C=US
17:56:12.310 [main] DEBUG org.apache.http.impl.conn.DefaultHttpClientConnectionOperator -- Connection established 192.168.1.4:53085<->66.33.22.3:443
17:56:12.310 [main] DEBUG org.apache.http.impl.conn.DefaultManagedHttpClientConnection -- http-outgoing-0: set socket timeout to 30000
17:56:12.310 [main] DEBUG org.apache.http.impl.execchain.MainClientExec -- Executing request GET /users HTTP/1.1
17:56:12.310 [main] DEBUG org.apache.http.impl.execchain.MainClientExec -- Target auth state: UNCHALLENGED
17:56:12.310 [main] DEBUG org.apache.http.impl.execchain.MainClientExec -- Proxy auth state: UNCHALLENGED
17:56:12.311 [main] DEBUG org.apache.http.headers -- http-outgoing-0 >> GET /users HTTP/1.1
17:56:12.311 [main] DEBUG org.apache.http.headers -- http-outgoing-0 >> Host: dummyjson.com
17:56:12.311 [main] DEBUG org.apache.http.headers -- http-outgoing-0 >> Connection: Keep-Alive
17:56:12.311 [main] DEBUG org.apache.http.headers -- http-outgoing-0 >> User-Agent: Apache-HttpClient/4.5.14 (Java/21.0.8)
17:56:12.311 [main] DEBUG org.apache.http.headers -- http-outgoing-0 >> Accept-Encoding: gzip,deflate
17:56:12.311 [main] DEBUG org.apache.http.wire -- http-outgoing-0 >> "GET /users HTTP/1.1[\r][\n]"
17:56:12.311 [main] DEBUG org.apache.http.wire -- http-outgoing-0 >> "Host: dummyjson.com[\r][\n]"
17:56:12.311 [main] DEBUG org.apache.http.wire -- http-outgoing-0 >> "Connection: Keep-Alive[\r][\n]"
17:56:12.311 [main] DEBUG org.apache.http.wire -- http-outgoing-0 >> "User-Agent: Apache-HttpClient/4.5.14 (Java/21.0.8)[\r][\n]"
17:56:12.311 [main] DEBUG org.apache.http.wire -- http-outgoing-0 >> "Accept-Encoding: gzip,deflate[\r][\n]"
17:56:12.311 [main] DEBUG org.apache.http.wire -- http-outgoing-0 >> "[\r][\n]"
17:56:12.336 [main] DEBUG org.apache.http.wire -- http-outgoing-0 << "HTTP/1.1 200 OK[\r][\n]"
17:56:12.336 [main] DEBUG org.apache.http.wire -- http-outgoing-0 << "Access-Control-Allow-Origin: *[\r][\n]"
17:56:12.337 [main] DEBUG org.apache.http.wire -- http-outgoing-0 << "Content-Encoding: gzip[\r][\n]"
17:56:12.337 [main] DEBUG org.apache.http.wire -- http-outgoing-0 << "Content-Type: application/json; charset=utf-8[\r][\n]"
17:56:12.337 [main] DEBUG org.apache.http.wire -- http-outgoing-0 << "Date: Sun, 03 Aug 2025 10:56:12 GMT[\r][\n]"
17:56:12.337 [main] DEBUG org.apache.http.wire -- http-outgoing-0 << "Etag: W/"a36f-Hyqmc+8fsEhjdF4H4imH3z/VXKo"[\r][\n]"
17:56:12.337 [main] DEBUG org.apache.http.wire -- http-outgoing-0 << "Server: railway-edge[\r][\n]"
17:56:12.337 [main] DEBUG org.apache.http.wire -- http-outgoing-0 << "Strict-Transport-Security: max-age=15552000; includeSubDomains[\r][\n]"
17:56:12.337 [main] DEBUG org.apache.http.wire -- http-outgoing-0 << "Vary: Accept-Encoding[\r][\n]"
17:56:12.338 [main] DEBUG org.apache.http.wire -- http-outgoing-0 << "X-Content-Type-Options: nosniff[\r][\n]"
17:56:12.338 [main] DEBUG org.apache.http.wire -- http-outgoing-0 << "X-Dns-Prefetch-Control: off[\r][\n]"
17:56:12.338 [main] DEBUG org.apache.http.wire -- http-outgoing-0 << "X-Download-Options: noopen[\r][\n]"
17:56:12.338 [main] DEBUG org.apache.http.wire -- http-outgoing-0 << "X-Frame-Options: SAMEORIGIN[\r][\n]"
17:56:12.338 [main] DEBUG org.apache.http.wire -- http-outgoing-0 << "X-Powered-By: Cats on Keyboards[\r][\n]"
17:56:12.338 [main] DEBUG org.apache.http.wire -- http-outgoing-0 << "X-Railway-Edge: railway/asia-southeast1-eqsg3a[\r][\n]"
17:56:12.338 [main] DEBUG org.apache.http.wire -- http-outgoing-0 << "X-Railway-Request-Id: v9IZwNVwTLm9mZvWDcO5xA[\r][\n]"
17:56:12.338 [main] DEBUG org.apache.http.wire -- http-outgoing-0 << "X-Ratelimit-Limit: 100[\r][\n]"
17:56:12.338 [main] DEBUG org.apache.http.wire -- http-outgoing-0 << "X-Ratelimit-Remaining: 99[\r][\n]"
17:56:12.338 [main] DEBUG org.apache.http.wire -- http-outgoing-0 << "X-Ratelimit-Reset: 1754218582[\r][\n]"
17:56:12.338 [main] DEBUG org.apache.http.wire -- http-outgoing-0 << "X-Xss-Protection: 1; mode=block[\r][\n]"
17:56:12.338 [main] DEBUG org.apache.http.wire -- http-outgoing-0 << "Transfer-Encoding: chunked[\r][\n]"
17:56:12.338 [main] DEBUG org.apache.http.wire -- http-outgoing-0 << "[\r][\n]"
17:56:12.338 [main] DEBUG org.apache.http.wire -- http-outgoing-0 << "a[\r][\n]"
17:56:12.338 [main] DEBUG org.apache.http.wire -- http-outgoing-0 << "[0x1f][0x8b][0x8][0x0][0x0][0x0][0x0][0x0][0x0][0x3][\r][\n]"
17:56:12.340 [main] DEBUG org.apache.http.headers -- http-outgoing-0 << HTTP/1.1 200 OK
17:56:12.340 [main] DEBUG org.apache.http.headers -- http-outgoing-0 << Access-Control-Allow-Origin: *
17:56:12.340 [main] DEBUG org.apache.http.headers -- http-outgoing-0 << Content-Encoding: gzip
17:56:12.340 [main] DEBUG org.apache.http.headers -- http-outgoing-0 << Content-Type: application/json; charset=utf-8
17:56:12.341 [main] DEBUG org.apache.http.headers -- http-outgoing-0 << Date: Sun, 03 Aug 2025 10:56:12 GMT
17:56:12.341 [main] DEBUG org.apache.http.headers -- http-outgoing-0 << Etag: W/"a36f-Hyqmc+8fsEhjdF4H4imH3z/VXKo"
17:56:12.341 [main] DEBUG org.apache.http.headers -- http-outgoing-0 << Server: railway-edge
17:56:12.341 [main] DEBUG org.apache.http.headers -- http-outgoing-0 << Strict-Transport-Security: max-age=15552000; includeSubDomains
17:56:12.341 [main] DEBUG org.apache.http.headers -- http-outgoing-0 << Vary: Accept-Encoding
17:56:12.341 [main] DEBUG org.apache.http.headers -- http-outgoing-0 << X-Content-Type-Options: nosniff
17:56:12.341 [main] DEBUG org.apache.http.headers -- http-outgoing-0 << X-Dns-Prefetch-Control: off
17:56:12.341 [main] DEBUG org.apache.http.headers -- http-outgoing-0 << X-Download-Options: noopen
17:56:12.341 [main] DEBUG org.apache.http.headers -- http-outgoing-0 << X-Frame-Options: SAMEORIGIN
17:56:12.341 [main] DEBUG org.apache.http.headers -- http-outgoing-0 << X-Powered-By: Cats on Keyboards
17:56:12.341 [main] DEBUG org.apache.http.headers -- http-outgoing-0 << X-Railway-Edge: railway/asia-southeast1-eqsg3a
17:56:12.341 [main] DEBUG org.apache.http.headers -- http-outgoing-0 << X-Railway-Request-Id: v9IZwNVwTLm9mZvWDcO5xA
17:56:12.341 [main] DEBUG org.apache.http.headers -- http-outgoing-0 << X-Ratelimit-Limit: 100
17:56:12.341 [main] DEBUG org.apache.http.headers -- http-outgoing-0 << X-Ratelimit-Remaining: 99
17:56:12.341 [main] DEBUG org.apache.http.headers -- http-outgoing-0 << X-Ratelimit-Reset: 1754218582
17:56:12.341 [main] DEBUG org.apache.http.headers -- http-outgoing-0 << X-Xss-Protection: 1; mode=block
17:56:12.341 [main] DEBUG org.apache.http.headers -- http-outgoing-0 << Transfer-Encoding: chunked
17:56:12.343 [main] DEBUG org.apache.http.impl.execchain.MainClientExec -- Connection can be kept alive indefinitely
17:56:12.346 [main] DEBUG org.apache.http.wire -- http-outgoing-0 << "23d6[\r][\n]"
17:56:12.346 [main] DEBUG org.apache.http.wire -- http-outgoing-0 << "[0xed]}io[0xe3]H[0x96][0xed]_![0xf4][0xe1][0xa1][\n]"
17:56:12.346 [main] DEBUG org.apache.http.wire -- http-outgoing-0 << "cF[0xc6][0xbe][0xb0][0xbf]<-[0xde]-Yiy[0xcd][0xc1]`[0x10][0x96]B[0x16][0xcb][0x14][0xe9][0xa1](g[0xba][0x1a][0xf5][0xdf][0x1f][0x82][0x92]%q5[0x95][0xb5][0xbc][0xec][0xa9][0x6][0x1a][0x8d]Jf[0xea]ZV([0xe][0xf][0xcf]=[0xe7][0xc6]?[[0xcb][0x85][0x89][0x17]-[0xef]?[0xff][0xd9][0xf2]'-[0xf][0x1d][0xb4][0xa6]~[0xbc]H[0x6]znZ^[0xeb]p[0xee][0x7]o[0xad][0x83]V[0xa0]7[0x97][0xce][0xa2]Y[0xb8][0x88][0xc2][0xd6]Ak[0xae][0xfd][0x89][0x9][0xd7][0x97]Gs?[0x99][0xb5][0xe]Z[0xfa][0xc9][0xb4]<,[0xf]ZO&[0x9c][0x98][0xb8][0xe5][0xb5][0xa6]f[0xae][0x3][0xd3]:h[0x99][0xb9][0xf6][0x83][0x96][0xd7]2[0xb6]([0xf8]eU[0xe7][0xff]~[0x3][0x93][0xe5]|[0xfe][0xf6][0xcb]"[\n]"
17:56:12.346 [main] DEBUG org.apache.http.wire -- http-outgoing-0 << "[0xc1]8[0x9a][0xb7][0xe]Z/[0xb3]([0xb4]%[0xff]C"Gq[0xe6]R[0x82]\[0x2]1m[0x1d][0xa4]o6\[0xfd][0xc0][0xb4][0xca][0xc2][0xfe]s[0xbd]X|[0x8d][0xe2][0xc9][0xe6][0x9a][0xbd][0xd0]:h=[0xfa]q2[0xeb][0xe9][0xc4][0xfe]c[0xa4][0x14]w[0x99]K`[0xeb][0xa0][0xe5][0xcf][0xd3][0xf7][0xd8][0x9a]%[0xc9][0xcb][0xc2][0xfb][0xf4])[0xf3][0xe3]?[0xf9][0xe3]([0xfc][0xb4][0xaa][0xf3][0x9]ai[0xeb][0x4]Q49[0x8e][0xa3][0xe5]K[0xcb]k][0xba][0xad][0x83][0xd6][0xcc][0xf8]O[0xb3][0xa4][0xe5]!E[0x0][0xa6][0x7][0xad][0xaf][0xeb]?s[0x2][0x10]?h[0x99]7[0xd3][0x8d][0x82][0xc8][0xfe][0xee][0xc7][0xb1]1[0xf6][0xa3][0x9a]i?ny[0xff]l[0x8d][0xd7][0xd7];q[0xf4][0xd5]^O[0xde]^[0xec][[0xe9].[0xe3][0xe0][0xad][0xf5][0xdb]A[0xcb][0xb7]?[0x83]b@%@[0x10][0x2][0x82][0xed]':[0x99][0xc4]f[0xb1][0xb0]/[0xdf][0xfc]g[0x8b]c[0xee][0xf4][0xb5][0x1f]:[0xa3]$6&i[0x1d][0xb4][0xc6]~[0xf2][0xd6][0xf2]Z[0xc3]YdB[0xff][[0xeb][0xa0][0xb5]HV[0xbf]{[0xdf]_,[0xec][0xff]^^[0xfc][0xf7][0xab][0xdd]h[0x92][0xfe][0xcd][0xc8]~|[0xd1]"[0xd1][0xc1][0xfa][\n]"
17:56:12.346 [main] DEBUG org.apache.http.wire -- http-outgoing-0 << "V[0x8][0xd9][0x9f]9[0x8e][0xa2]x[0xe2][0x87]:1[0xe9][0xcf][\r]t[0xd2][0xf2]\![0x0][0xe2][0x18][0x91][0x83]V[0x10]>[0xb5]<Wa[0x0]%[0x95][0x98][0xfe]f_[0xb0][0xc][0x93][0xd8][0xbe][0x81][0x9b][0xd0]O[0xcc][0xc4][0x19]%[0xe9][0x8b][0xb3]_[0x93]q{[0xf3][0xbe][0xa9][0xf0][0xa6][0xda][0xa3][0xc8]C[0xd2]3c[0xcf]<[0xda]E[\r][0xfd]W[0x13]/V[0xef][0xff]f[0xf3][0x7]'[0x9a]:w[0xfe]b[0x1c][0x85][0xb]?t[0xdd][0xbe][0x9e][0xf8][0xab][0xef][0xdd][0xa3][0xe][0x9f][0xd3][0xf]S[0xc7][0x93][0xc3]o/~l[0xdf]9$[0x9f]0[0xb7][0xef]\[0xc7][0x93][0xc1]r[0xfe][0x98]~[0xf5][0x14][0x96]Jp[0xc8][0x19][0xa3][0x12]I[0xc4][0xd6][0xbd][0xfa][0xd4][0xf][0x83][0xc8]^X[0xc6][0xb1][0x9][0xc7][0xf6]gw[0x7][0xf][0xf6][0xfb][0xf1][0xa8][0xc3][0x96][0xd7]z[0x18][0xde][0xdc][0x9f][0x8e].;[0xa7][0xe2][0xfa][0xfa]dx[0x8e];W[0xe4][0xa4]}z[0xd1]J[0xdb][0xf9][0x8b][0xe][0xdf][0xec][0x9b][0x98][0x98][0x17][0x1d]'s[0x13]&[0xb6]b[0xf8][0xe4][0x87][0xc6][0xc4]~[0xf8][0xd4]:h[0xad][0xbf][0xa8][0xbd]([\n]"
17:56:12.347 [main] DEBUG org.apache.http.wire -- http-outgoing-0 << "[0xcc][0xdb][0x81]s[0x1e][0xfd]j[0xde][0x1c][0x1d]N[0x9c]n[0x1c][0x85]~[0xba][0xfc]~[0x12][0xa4][0x9b]G[0x7]f[0xe1][0xf4]u[0xa8][0x9f]L\[0xb5][0xe4][0x98][0x13][0xe7][0xda][0x84][0xc9][0xac][0xb0][0xe6]#[0x1d]:G[0xb1][0xe][0xc7][0xf6][0xd3][0xda]Y[0xf9][0xcd][0xa7][0x97][[0xf7][0xbb][0xd3][0xfc][0xba][0x13][0xc1][0x99][0xa8]Xw[0x81][0x80]D[0x94]a[0xf6][0xbe][0xee][0x88]#[0x80][0x18][0xc4][0x9c][0xd4]-[0xfc]o[0x7]-[0xe3][0xdb][0xf]R[0x9][0xe1]"a?[0xfb][0xc5]"[0xfd]3[0x84].S[0xd0][0xc5]R[0xad]wt[0xfb]i[0xf5][0xf1][0xf5][0xa3]_[0xfd] [0xd0][0x9f][0x18][0x80][0xce]O}=[0xf6][0xc3]$Z[0xcc][0xfe][0xe1][0x9c][0x86][0x89][0x9][0x9c][0xbe][0x1e];[0x97]#[0xe7][0xde]A[0xf0][0xbf][0x11][0xfb]o[0xf1][0xb3][0xd3]~y[0x9][0xcc][0x9d]y<[0xf7][0x93]O[0x8c][0x8]@[0xb8][0xf3][0xd3][0xf9][0xc9]u[0xff][0xe2][0xc0][0x9][0xfc]g[0xe3][0x1c][0x9b][0xf1]s[0xf4][0xb3][0xd3][0x9d][0xc5][0xd1][0xdc]|R[0x1c]@@9[0xa7]@[0x11]g[0xa4][0xa7]:[0xf6][0xd7][0xaf][0xb2][0xbf]x[0xfc][0xf6][0x92]D[0xab]-[0x9a][0xbe][0xeb][0x8e][0x9f][0xa4][0xff]u[0xd0][0xfa][0xaa][0x83][0xc0][0xd8][0xb7][0x7][0xbf]=[0xaa][0xe9][0x18]O[\r]'[0x8f]X[0xf3]1[0x84]d[0x8a][0xc6][0x4][0xd3]1y[0x9c]jF0SvH[0xa4][0xed][0xe2][0x9b][0xe4]k[0x14]?[0xdb]/E23[0xb1]Y[0xce][0x9d][0x9f][0xe][0xaf][0xba][0x18][0xfe]l[0xbf]@q[0x94][0xae][0xbb][0x9e][0xcc][0xfd][0xb0][0xf5][0xdb][0xc1][\n]"
17:56:12.347 [main] DEBUG org.apache.http.wire -- http-outgoing-0 << "{q[0x16]{[0xfb][0xfe]x[0xa6]M[0x90]E[0xdf];?[0x8]|=_[0xe4][0xe1][0xf7][0x1d]y[0x9][0xdb]A[0xde][0x1c][0xee][0xce]W[0x5][0xc1][0xd7]u[0x8d]:[0xe8][0xa5][0xca][0xc1]L[0xba][0x1c][0xb][0x97]s[0x9a][0x83][0xde]u[0xa1][0xaf]Y[0xf0]}[0xbf]Z[\n]"
17:56:12.347 [main] DEBUG org.apache.http.wire -- http-outgoing-0 << "[0xbf]R[0xb9][0xd2]E[\r][0xe1][0xf7][0xbd]R[0x19][0x0]w[0xfe]c[0x17][0x80]%[0x7][0x18]o[0x1]Xp@p[0x6][0x80][0xaf][0xcc][0xa4][0x4]~[0xdf]ay[\r][0xbf][0xa3]$[0xd6]i[0x81]w[0x4]F[0x18] [0x2][0x10][0xe2][0x0][0xd1]J[0x8]&[0x92]9G[0xfe][0xb4]d?[0x9e]D[0xcb]E[0x12][0x85];;[0xb1][0x1d][0xe8]G=[0xd7][0xb9]}[0xd8][0xbe]([0xec]C)a[0xd5]>[0xc4][0x18]H[0xc4]([0x97][0xeb]}[0x88][0x10][0x3][0x1c]J&[0xd1][0x1e][0xf8]+[0x94][0x87][0x98]'[0xa4][0xa7][0x94][0xc7][0xa1][0xa7]u[0x1e]/g~[0xb4]z[0xb1][0xb3][0x85][0xe2]J[0xd0][0xc5][0x9f][0xb0][0xc8][0x83].[0x17]DH($[0x93][0x2]#[0x8e]?[0x2][0xdd][0xd1][0xe1][0xf9][0x16]t%9[0xed]][0xb]qt[0xf7]p[0xd1]=[0xbb][0xbd][0x92][0xa7][0xa3]^[0xbb]{t[0x2][0xeb]@w[0xb4]|y[0x89][0xe2]d[0xb][0xb8][0xa3][0x17]?|[0xd6][0x8e][0xeb][0xf4][0xfc][0xf1][0xb3][0xbf]&+[0x1b][0xa8]][0xfd]kg[0xf4]b[0xc6][0xbe][0xe][0xfc]ER[0xb9][0xbe][0x8a][0x95][0xdf]b/[0xa2][0x85][0xd3][0xe][0x9f]L`[0x16];K<0_[0x9d][0x13]=Y[0xcc][0xec]g[0x93]][0xe8][0xc1]I~[0xa1][0x5][0xa1][0xb4][0xea]F+[0x14][0x80]J[0x12][0xcc]7[0x80][0x8b][0x14][0xe0][0x98]J[0xca][0x9a][0x1].[0xc2].[0x87]x[0x3][0xb8][0x8]JW1[0xe2]*[0x8e][0xeb][0x0][0xf7][0xce][0xf]'[0xd1][0xd7][0x85]3[0xb8]v[0x10][0x4][0xf0][0x1f][0xce][0x9d][0x1f]r[0xfa][0xf][0xe7][0x1b][0xa7][0x8d][0xa1][0xf6]p[0xf2]d>)[0x1] @P` [0xf8][0xf][0x9][0xb4]$[0xb][0xb4][0xa3][0xe8]e[0xe6][0xeb],[0xce][0xbe][0x13][0xb4]R[0x90][0xa5][0xb8][0x8e][0xde].[0xd2]r[0xe0][0xd1]V[0xf8][0x80][0xdd]b[0x4]][0xce][0xb0][0x8b][0x85]dY[0x88]][0x15]y[0xcc]"[0xec][0xfa]b9[0xc0]b[0x17]![0x97]7[0x3][0xd8]u[0xa1][0x8f][0x9][0xae][0x10]@[0xec][0xe0]+[0xc3] [0xcb]oO[0xf4][0xaf][0xe9][0x1d]*[0xf][0xb0]w3?1[[0x80][0xbd][0xd3][0xaf][z[0x8b][0x11][0x5][0x18]3[0xc0][0x10]@[0x8a]U[0xed]>[0xc4])v[0x6]~[0x19][0xdd][0xb9][0xd3][0x8b][0x99][0x1f]>}'[0xc2]b[0x89][0xab]6[0x1e]e[0x0]KE[0xf8][0xfb][0xc6][0xa3][0x1c][0xd8]m[0xc8][0xf7]![0xb8][0x8]{[0x9a]x[0x13][0xe2][0xf1][0xa9][0xc7][0xc6][0x1e]+[0x10][0xdc][0xa1]yy1[0xf6]G7[0x2]X[0xfa]i[0x3][0xa0][0x1b][0x80][0x15]B1[0xa9][0x18][0x15][0x10]J,[0x99][0xca][0x2][0xec]y[0x14][0x1b][0x1d]:[0x87][0xdf]^[0xd2]wT[0x8d][0xb5][\n]"
17:56:12.347 [main] DEBUG org.apache.http.wire -- http-outgoing-0 << "[0xde]?[0x9c]_Kr[0xd1][0xef][0x8b]v[0xfb][0xea][0x8b]<[0x1b](&[0xcf][0xba]uX{e[0x16]F[0xc7][0xe3]YJc{[0xe6][0xd5][0x4][0xd1]K[0xfa]W[[0xf0][0x1d][0xcf][0xfc] 0[0xb1][0xe3]:_|37;[0xd0][0xdb][0x1e][0xa7][0x1f][0xa2][0xe]+![0x17]I[0xc5][0x9d][0xed][0xf2][0x16]V[0xbe][0xa7][0x83]@gA[0xf7]UO[0xf2][0x8b]>[0xb8][0xcd]/[0xba][0x94][0xc][0xa1][0xaa][0xdb]*[0x4]PrA7[0x8f]5[0x84][0x2]&[0x4][0x82][0xa2][0x19][0xd8]r[0xe2]"D6`[0xcb][0x89]t)G[0xee][0xea][[0xf6][0xa7][0x82]m[0x81][0xd7]R[0xf6]C[0xc2]-[0xcd][0xc2][0xed][0x99][0x9e][0xa7]7[0xce][0x1d][0xb4][0xed][0xe9]W[0xbf][0x92][0xd2][0xd2][0x1a]J[0xfb][0x8b][0xad][0x5]&[0xf6][0xe5][0x1f][0xb0]Y[0x8e][0xa8][0xab][0x98]t[0x15][0xe1]96[0x9b][0xd6][0x98]d[0x91]vu[0xad][0x14]h[0x85]r[0x99]K[0x9b][0xe1][0xec][0xaa]L[0x19][0xcc][0xb6][0xb3]<V[0x11]@[0xd0][0x8e][0x90][0x80][0x1][0xca][0xe0]l;[0xdd][0xfa]%:B[0x10][0x85][0x13]S[0xc7]d![0x2][0x8]I[0x80][0x8][0x2][0x9c]W>Z[0x12][0xe9][0x9c][0x99][0xe9][0xd4][0xc4][0x8b][0x92]]72:I[0x2][0xb3][0xb3][0xed][0x86]&[0xc][0x17]o[0xc1][0xab][0xe][0xfd][0xfc][0xe6][0x1b][0xb6][0xf3][0x9b][0x8f]K[0xc2]h[0xc5][0xe6]C[0x1c][0x8][0x89][0xd9]VS@D[0x1]B[0x5][0xae]}[0xb4][0xcc]C.[0xf4][0xc4][0xc4][0x9b]L=4[0xf5][0x94][0xf0][0x98][0xac][0xd7][0x14]F[0xd1][0xd2]~sC[0xa7][0xab][0x3][0x1a][0xc5][0xab][0xdf][0xa1][0x1c]~[0xd9]'[0xac][0xf2][0xf0][0xcb] d[0xc])I9fTp[0x92][0x85][0xdf][0xbe]^$&[0xb6][0x17][0xb2][0xd0]{:[0xb8][0xda]B[0xaf][0x18][0x88]/'hx&?[0xd3][0xbb][0x1b]t[0xae]8;[0xf9][0xfc][0xf9][\n]"
17:56:12.347 [main] DEBUG org.apache.http.wire -- http-outgoing-0 << "[0x8b][0xbd]h[0xee]P?[0xe9]q[\n]"
17:56:12.347 [main] DEBUG org.apache.http.wire -- http-outgoing-0 << "[0xc4][0xa3](\[0xec][0xe0][0xec][0x6][0xa4][0xdb][0xa1][0xe][0xde][0xaa][0x9].[0xe2][0x18];[0x17]~8[0x8e][0x82][0xe2][0xa2][0x1f]Y[0x92]|[0x17][0xc5][0xa9][0xa8][0xf7]][0xeb][0x8e][0x85][0xe0][0xb2]b[0xdd][0x19][0x5][\n]"
17:56:12.347 [main] DEBUG org.apache.http.wire -- http-outgoing-0 << "![0xb5]Yv[0xa1][0x0][0xb5][0x94]W6[0xc3]\H][0x99]>L[0xae][0x9].[0xe2][0xae]b[0xc8]%[0x88][0xfe][0xb5][0x8a][0x82]H[0x91]Wa[0xa0][0xd4][0xf][0x89][0xbc],[0xaf][0xe6][0xce]s4[0xb7][0x9f][0xde][0xab][0xf3][0xc8][0xbb][0x95]xW[0x9a][0x2][0xac]Ws[0xe7][0x1a][0xcc][0xd3]:u[0x10][0xac][0x90]#[0x98]r[0x85][0xe0]V?*h[0xb9]s[0xfd]K^[0xca][0x9d][0xeb]_[0xca][0x95]\[0xea]r7[0xbd][0xe3]6Rr[0xe7][0xfa][0x97]r[0x0][0xce]*[0xb9][0x18][0xc8][0x8c][0x90][0xcb]q#!7Gt[0xb][0xf8][0x8b]1[0x5][0x8][[0x95][0x2] I*[0xd5]\([0x9c][0xa3]h[0x19][0x97][0x90][0xdd]3=~^D[0xe1][0xab][0xfd][0x80]wvb[0xfa][0xbe][0xf4]$[0xca][0xed][0xc2][0xee]ea[0x17]r[0xa6]H[0xc5].[0x84][0x80]A[0xc6][0xa4][0xda][0x80]/[0x13][0x80][0x12][0xbc][0x97][0xa0]@[0xb0][0xf7][0xa8]<a<9[0xf1][0xa6][0xcc]3[0x5][0xf0][0x1d]X[0xc]1)*[0x86]M[0x18]o[0x99][0x8e][0xcb][0x84][0xc0][0x8a]A[0x84][0x14][0x93][0x92]o$[0x87]5[0xe4][0xb6][0xe7]&[0xf6][0xc7]U[0x9c][0xb7][0xdb][0xee]m[0x81][0xf7][0xba]}{rs[0xd5][0x93][0x94][0x9d][0xdf]v[0xae];[0xf2]N[0xa2][0xf6][0xe7][0xfb][0xab][0x87]:[0xe0]=Y[0xce]u[0xe8]\[0x99]E[0xb4][0x8c][0xc7])sYk[0x8f]c=[0xd3]s[0xc7]u[0x8e][0x97][0xc1]S[0xf4]u[0xf1][0xec][0xef][0x80][0xf0][0xe7][0xa5][0xe][0xec][\r][0xa7][0xbd]X,[0xad]4k[0x9c]wq[0xb8][0x12][0x8e])[0x87][0xce][0xc8][0xff]V![0xf0][0xb6][0xc3]$[\n]"
17:56:12.347 [main] DEBUG org.apache.http.wire -- http-outgoing-0 << "[0xfd]]y[0xf7]t[0xa2]g[0xf9]/[0xc0]i[0xaf][0xf0][0x5]@[0x8a][0xb3][0xaa][0x7][0x1e][\n]"
17:56:12.347 [main] DEBUG org.apache.http.wire -- http-outgoing-0 << "[0x8][0xe5][0x8c]n[0xa4]][0xcc][0x81][0xa2]T[0xc0][0xda]o[0xc0][0x6][0x87])$.[0x83][e[0x97]a[0xee][0xda]GZ[0xb9]y[0x9a][0xdd][0x97][0xfb][0xfe][0xc3][0x89]_=[0xb][0xab]?[0xaf][0xa0][0xf6][0x13][0x86][0x8]B[0x4][0x91]s[0xe4][0xc7]f[0x1a]}K1[0xf7][0x7]AW[0x9e]E[0xd7][0xcb][0xc0][0xcd][0xcb][0x8]w"
17:56:12.348 [main] DEBUG org.apache.http.wire -- http-outgoing-0 << "~P[0xd2]+[0xdb][0xb4][0xc9]ju[0x84]([0xad]g[0xd5][0xda][0xf][0xda]d[\n]"
17:56:12.348 [main] DEBUG org.apache.http.wire -- http-outgoing-0 << "9[0x1c][\n]"
17:56:12.348 [main] DEBUG org.apache.http.wire -- http-outgoing-0 << "[0x17]+[0xe6]rJe[0x16]ZWUrR[0xed][0xfa]b[0x9][0xbc]b[0x8][0xb1]K][0xdc]P[0xa9]][0x17]j [0xd4]b[0xc0]w[0x8].[0x93][0x8d]d[0x84][0xe3]X[0xbf]Uu[0xc9]0U[0x0][0x9][0x9][0x10][0xc2][0x0][0xa7][0xa2]i[0xe9][0xae]bT[0xd8][0xef][0xce]"i[0xc6]p[0xae]M[0x18][0x9a][0xc5][0xc2][0xe4][0x15][0xbc][0xeb]A[0xe1][0x99][0x92]HZ[0x5][0xac][0x82][0x1][0x82]9[0x16];[0xdb][\n]"
17:56:12.348 [main] DEBUG org.apache.http.wire -- http-outgoing-0 << "1,k[0xe5][0xbb][0x1c][0xae][0xaa][0xb1]'[0xa6][0x9e][0xd1][0x1e][0xa1][0xb6]W[0x86]T=[0xa9]MQ[0xd6][0xe9][0xea]8[\n]"
17:56:12.348 [main] DEBUG org.apache.http.wire -- http-outgoing-0 << "[0xfc]P[0xbb]nw[0xa6]_L[0xe0][0x9c][0xf8]APGneQ[0xbc][0x15]Ha"[0x9]VTH[0x89][0xb2]H[0xdb][0xf3]C[0x13]/[0x9c]n[0xb0]|L)T[0x1c][0xea][0xc4][0x8f]B[0x1d]d![0xb7]su[0xb1][0x85][0xdc][~[0x2]/[0xd9][0xe5]![0xf9]L[0xcf]n[0xcf][0xef]z[0xd7][0xf]w_[0xda][0x9d]~[0xaf][0xe]r[0x87]q4Y[0x8e][0x93]uG,+0[0xc][0xa7]:[0xb4][0xef]"[0xf1][0x83][0xc0]9[\r][0xc7][0xdf]A|)f[0x15]@{[0x1a]N|[0x1d][0xea][0x97]([0xf0]we[0x86][0xcb][0xe7]@[0xcf][0xa2][0x82][0xba]ty^[0x90]u)[0xe6][0x95]_[\n]"
17:56:12.348 [main] DEBUG org.apache.http.wire -- http-outgoing-0 << "[\n]"
17:56:12.348 [main] DEBUG org.apache.http.wire -- http-outgoing-0 << "[0x94][0xb4][0xcd][0x94][0xed][0xb3][0xe][0x6][\n]"
17:56:12.348 [main] DEBUG org.apache.http.wire -- http-outgoing-0 << "q)[0x1b][0xb2]^[0x8c]\[0x1][0xd5][0x6]m%[0xe1][0xae][0x10][0xd8]E\[0xfe][0x81][0xac][0x97]C[0x6]l{[0xaf][0x94][0xf7][0xde][0xda]/\[0x14]~B[0xc]lZh[0xef]/[0xf8][0xff][0x6][0xca][0xf3]hbb[0x9d]D[0xf1][0x6][0x98]E[0x16][0x98][0xdb][0x81][0xf9][0xa6]S[0x94][0xcd][0x19][0x19]BS[0xdd]G[0x93][0xd5][0xa2][0x83]~[0xaf][0x7]~[0xb1]%[0xea][0xa0][0x99]#[0x7]s[0xe8]JL][0xaa]$[0xcf]B[0xf3][0xa6]N[0x8e][0xfa]n[0xaf][0x97]+[0xbd][0xdc]E[0xb0]1Bo[0x8b]5`[0xc1][0x8c][0x0][0xcb][0x6]7[0xed]4[0x1]h[0x96][0x6]w[0x82][0xa5][0xf9][0xe][0x16][0x8c]8[0x7][0x18]R i[0x9d][0xa5][0x81]S[0xa7][0xaf]_[0x2][0xd3]tW[0xf6]L[0xa0][0xbf][0xea]B[0xb3][0xa5]wX[0x80]j[0xce]e[0x95][0x2]AR[0xcd][0x97][0xf3][0xf7]])[0x0][0xe4][0x4][0xb3]}[0xa0]z[0x82]=N=&=<[0xf1][0xd0][0xd8][0xa3][0xbc][0x1e][0xaa]O[0x83][0xc0][0xf]#[0xe1][0xba]7[0xf1][0xa3][0xe][0xb5][0xc5][0xea][0xf9][0x8b][0xf6][0x9f][0xaa][0xbd][\r][0xac]L[0x5]&[0x94]*[0x86][0x4][0xe4][0x88]@Da[0x16][0xa9][0xcf][0xba][0x9d],&[0x1f][0xde][0xec][0xe8][0xf]T[0xdd][0xd2][0xe3][0xdb][0xde]m[0x8][0xfb]'[0xa7][0xbd][0x1e][0xbd][0xbd][0xef]&m[0xbc][0xbf][0xb7][0xc1][0x1f]?[0x9b]p[0xe1][0xb8]N[0xc7][0xe8][0x99][0xde]m[0xb4][0xdd][0x99][0xc7]w[0x85][0xb8][0x9a][0xf3]*[0xc5][0x9d]C[0xfb]Ui[0xa8][0xf2][0x9f][0xeb]p[0xb1][0x15][0x80][0xd7][0xcb]{^[0xb4][0xb1][0xd8][0xee]c[0xa5][0x8d][0x85][0x1][0xca][0xf1]V[0xe5]w[0x11][0x96][0x0]b[0xc6]U3[0xc5][0xd7]*[0xbc](}[0x6]Y[0xe1][0xb0][0xc0][0xd8]U[0x8a][0xb8][\n]"
17:56:12.348 [main] DEBUG org.apache.http.wire -- http-outgoing-0 << "[0xd7][0xb2][0xde]?^}`[0xa9][0xfa]@$[0xe0]?[0x8a][0xfa]P[0x84]b[0x99][0x83][0xe2][0xd7][0x1c]A[0xbe][0xd6]o[0x16]B[0xaa][0x8][0xb2][0xa8]#[0xc8][0xfa]U[0x83]$}}[0x1d][0x4]#[0x87]2[0xe9]JF\![0x85][0xc8]![0xf0][0xab]Nr[0xd8][0xfb][0xaa][0x93]r[0xd5]A[0xb8][0xd2]MW[0xb8][0x9][0xe8][0xbe][0xea][0xa4][0x1][0xdc]r[0x9][0xa8][0xd8]![0xc5][0x2][0xc0]f[0xbc]x[0xe5]jX[0xa3][0xed][0xb9][0x1f]>oi1b[0x10][0x8][0x2][0x90][0x12][0x0][0x93]J[0xc1][0x1]![0xb5][0x17]-[0xbe][0x9a]E[0x13][0xe3][0x9c].[0x2][0x1d]Nr[0xbb][0xef][0xaa]`&[0xc2]T[0x88][0xaa]n[0x8b]+m[0xd7][0x8f]J[0xb2][0x91][0xfe][0xa4][0x0][0x8a]J[0xc4]jIP[0xe]q[0xe5][0xc4][0xc3][0xc6][0x1b]co[0xc2]=#<[0xfd][0x81][0xe2][0xbb][0x87][0x8b][0xc][0x95][0x8][0xbe][0x9c]"[0x8c][0xec]MBP[0xe][0x91][0xca][0xf5][0xdb][0xfa][0xda],[0x92][0xb8][0xce]Iv=[0xe2][0xfc][0xe1][0xb3][0xbc]B[0xfc][0xf2]^[0x9c][0x9e][0x9d]_[0xdc]\[0xe]z[0x9f]O[0x86]uh[0xdb][0xd7][0xf1][0xb3]I2X;[0xf0][0x9f][0xa3]@/[0x17]9[0xd2][0xdb][0x9d][0xf9]f[0xea][0x1c]~3[0xe3]e[0xe2][0xbf][0x1a][0xe7]r:[0xf5][0xc7]5[0x88]K`[0xa5][0xe6][0xdb]^.[0x12]?[0xfc][0x1e][0x95][0x89][\n]"
17:56:12.348 [main] DEBUG org.apache.http.wire -- http-outgoing-0 << "[0xa6][0xaa][0xba][0xaa]v[0x81]m[0xab]r[0xb3][0xe2][0xd4][0x1a][0x3][0x14]a[0xcd]D[0x6][0xac][0x84]+[0xf8][0xd6][0xcd][0x80][0x99]p)R.[0x82][0xb5][0xf6][0xb1][0xff][0xdd][\r][0xb6]"[0xd0][0xaa][0x9c][0xd4][0x9b][0xac][0xee][0xc6][0xbb]Z[0xaf][0x8e][0x13]?4[0xbf]VR^RMy[0x8d]-[0x7][0xe6][0xeb][\n]"
17:56:12.348 [main] DEBUG org.apache.http.wire -- http-outgoing-0 << "[0xb5]b[0x4]v[0x14]!.[0x87][0xd2]e0}~[0xdc][0xd5]ym[0x99]yN[0xe8]M[0xaf][0x95]c.r[0xb1][0x9b][0xfa]Q[0x9b]([0xbd]i[0x9d][0x6][0xbd]6[0xa6][0x0][0xda]![0xb9]\[0x2][0x89][0x1a][0xa1][0xee]p[0x19][0xbf][0x4][0xa6]J[0x8f][0xb0][0xe6]_[0x85][0x0][0xc2][0x2][0xa4][0xe8]W[0xfe][0xe4][0xc9][0xb9]3[0xb4][0xad][0xff]f[\n]"
17:56:12.348 [main] DEBUG org.apache.http.wire -- http-outgoing-0 << "[0xdf]E[0xb4][0xf4][0x17][0x96][0xfa][0xe6]6[0xe0]E[0xa1][0xd9]"0[0xe1][0xb0][0xfa][0xc1][0x13][\n]"
17:56:12.348 [main] DEBUG org.apache.http.wire -- http-outgoing-0 << "[0xaa][0x90][0xdc][0xc8][0x11][0xc][0x10][0x84][0x5][0xdc][0xa7][0xc9][0xc6][0x94]g<e<C<[0xac][0xbc]I[0xc1]76z[0x8b][0xf5]x[0xb9]h[0xea][0x1a]+[0xd2]Y$[0x89][0xf5][0x12]KJ[0x90]`0[0x7][0xb2][0xb7][0xfe]B[0xd7][0xc8][0xba][0xdd];v[0xc3][0xce]G[0x98][0xdc][0x88][0xb3][0x87][0x1e][0xc6][0xd7][0xb7][0x9f]/[0xc4][0xe8][0xf4]d[0xaf]~[0xda]q[0x14][0x8f][0xd5][0xe1][0x9b][0x15]t[0xa3]$[0x9][0xfc][0xd4][0x9c][0xfc][0xe][0xb3][0x17][0xe6]I[0x7]N7Z[0x86][0x8b][0xf4][0xcb]Q~[eJ8[0x97][0xfa][0xb9][0xb0][0xbc][0xdd][0x99]?[0xd6]O[0xbb]K{[0x14]D[0xb1]_[0xb0].[0x1c][0x15][0xfc]*X"X[0xb5][0xb0].[0x17][0x80]2[0xc][0xb7][0xb]K[0x0][0x86]JJ[0xde][0x8]Y[0x85][0x82].%t+[0xdf]r[0xe5]r[0x6]]Bk[0x5][0x85]?[0x12]Y[0xff][0x15](,[0x82]Yh=][0xe8]G[0x13][0x4]9"[0xdb][0xb6][0xc0]Y[0xa2][0xf5][0xbe][[0x1b]V[0x10][0x8b][0xea][0xf8][0xac][0xbf].[0xc][0xf4][0xba][0xd6][0x7][0x96][0x6]![0xac]{L[0xba]T[0xe6][0xdd]c[0xef][0x95]r[0xae][0x86][0xcd][0xe5]r[0xb4]%[0xb6][0xaf][0xd6]PV[0xd8][0x94]*[0x5][0xdc][0xac][0xa8][0x0][0x1][0xe3];,[0x17][0xe6][0xbc][\r][0xef]V[0xbb][0x8f][0xbc][\r]Y[0xb8]E[0x88][0x2][0x5][0xec][0xff]cXm"S[0x9c][0x96][0xee]Gk[0xd6]|[0xb0][0xdf][0x85][0xed][0x86][0xbc]I[0xf4],[0xb7][0x1b]o[0xae][0xb]J[0x82]"[0xac][0xd2]=[0x86][0x0]![0x88][0xe0]w%[0x1]1d[0xcd][\r][0x2][0xd7]>V[0xe6]`[0xf6][0x11]y[0x8f][0xd0][0x9b]@OcObO[0xc2]<[0xce]nM[0xb][0xce]i[0xb8]H[0xfc]d[0x99][0x18][0xcb]q[0xaf][0xcd]x[0x16]FA[0xf4][0xf4][0xe6][0xfc][0xd4][0xd5]Ab[0xc6][0xb3][0x9f][0xeb][0xf4][0x84][0xa2]m[0x17]!)[0x10][0xb5][0xcd][0x16],[0x5][0xc9])[0xbf][0x83][0xe1][0xa8][0x86][0xe1][0x1e]w[0xbe]\[0x1d][0xf7][0xfa][0xe7]7[0x97][0xd7][0x97][0x84][0x9e]t[0xba][0xa7][0xa2][0xad]$?[0xdb][0x93][0xe1][0xe][0xa3] [0xf0][0xc7]3[0xc7][0xb5][0xba][0xf5][0x8b]I[0xc1]9Ks[0x8f][0xfc][0xd0][0xc6][0x1c]t[0xf0][0x11][0xcd]E[0x10]+[0xa7]=[0xd1][0xf3]E[0xe9][0xad][0xb6][0xe7][0x9b][0xc][0x1a][0xf7]u[0xfc]V[0xf2]l[0xd3]/t[0xd3]8[0x91][0xb4][0xca][0xa0]m[0xef][0xab][0x92][0x12][0xb2][0xb5]5p[0xc][0xb8][0xc2][0xbc][0xbe][0xa1][0xba][0xc1]c[0x84]m[0x13]g+,([0xdb][0x8a]![0xd2][0x15][0xf8][0x8f][0x14]x[0xff]%[0x83][0x12]%[0xa8][0x9c]K[0xaa]][0xf8]z[0x9e]E[0xe4]c[0x1d][0x8f][0xd3]~\[0xb9][0xb4][0xa0][0xaa][0xd9][0xae]MG[0x80][0xa7][0xf4][0xe5][0x1f]P])[0xa0][0x8b][0x91]p9[0x86]9[0xaa]kk<e[0xe1]7[0xbd]T[0xe][0xbd][0xcc][0xe5]M[0xbd][0xbb]i[0x95]&[0xe2][0x2]N[0xb3][0x10][0xef][0xb0][0xab][\n]"
17:56:12.349 [main] DEBUG org.apache.http.wire -- http-outgoing-0 << "[0xd9][0xb4][?[\n]"
17:56:12.349 [main] DEBUG org.apache.http.wire -- http-outgoing-0 << "[0xd2]}Q[0xab].d[0xac][0xbb][0xcc][0xca][0xb8][0x8]H[0x6]Te[0xbf]M[0xf0][0x8a]TD[0xcf][0x84][0xaf][0xe9][0x86]}[0xdf]t[0xa9][0x11][0xcb][0xe9][0xe9][0xe7]([0xc9][0xf3][0xa0]Qa[0xe3]1[0x81]+[0x91][0xd7][0xb5][0xf2]2[0x92]Hl[0x1a]n[0x88]2@(D|[0x1f][0x1d][0x97] Oi[0xf]KO>[0xa6][0xf1][0x88][0xf1][0x1f][0x9f][0x8d][0xc0][0x4]"
17:56:12.349 [main] DEBUG org.apache.http.wire -- http-outgoing-0 << "Z[0x87]1[0x84][0xd8][0x8a] y)[0xa1]gu[0x8a][0xd5]g[0xb4][0x83][0xb4][0xc7][0x9d][0xe1][0x16]i/[0xe5][0xe1]`x[0xd5]Q7[0xb7][0x9d][0xb]|x[0xf4]Ep[0x88][0xce][0xbb]P[0xd5]2][0x13][0xbf][0xfa][0x19][0xe7]B[0xd7][0xaa]![0xa9][0x5][0xd9]u[0xae][0xa3][0xf8]e_[0xd9][0x16][0xb][0xa7]k&:.I[0x1f][0xfa][0x81][0x9e][0x98]`m[0xa8][0xdf][0xea][0x8]ah[0xc6][0x89]?^&y)[0xa1]p[0x8b][0x15][0x8a][0x89]*[0xb1][0xde][0xaa]G[0x92]"&[0xdf][0x19]/A@(Z[0xef][0x16][0xdc][0xe0]+[0xc1][0xdc][0xe5]p[0xcb]w[0xed]s[0xaa][0x90][0xd4]U[0xf4]/[0xe][0xa2][0xfd]x[0xb6][0xb1][0x12]|-[0xa4][0xd1]r[0x84][0xf7]*[0x9a][0xc4][0xfe][0xd3][0xb2]ZO[0xb0]D[0xa8][0x9a][0xec][0xce]}[\r][0xe2][0xf7][0x12][0x1f][0x10]][0x9b][0x1e]K=[0xd5][0x14][0x92]|[0x12]M[0xc7][0xf9][0x14][0x9a][0x8e][0xcb]}[\r][0xd0][0x95]M}[0xbb][0xb6][0xc8][0xc7][0xe1][0x8])S[0xbd]vCl9[0x80][0xa4]I[0xb7],[0xaf]#d [0x16]! 0[0xc0][0x8c][0x0][0x5]k[0x8c][0x9b][0xa2][0xa2][0x81]]a[0x17][0xbb]3[0x8b][0xc4][0xb9][0xf5][0xe3]'[0xbf][0xe8][0xdc][0xbc]+[0xd8][0xe5])Z[0xb9]+K[0xed][0xf2][0x14]H&[0xa8][0x12];vy[0xc9][0x19][0xc5]j[0x1f]1[0x81]x[0x13][0xe1]i[0xea]q[0xf][0x99][0x12][0xc3][0xee]:[0xe5][0xe8][0xfc][0x1f][0xc7][0x12][0xb3]:[0x1a][[0xb0][0x8a]!F[0x94][0x14][0x98]@B[0x19]GLf[0x11][0xb6][0xab][0xe3][0xc4]8[0x1d][0x1d][0x8e][0xf5]*[0xa5]U[0xa5]([0x1c]v[0xfa]=[0xc5][0xae].[0xce]eG[0xe2]/[0xed]/[0x83][0xfb][0xce][0x19]T[0xb7][0xac][0xe]g[0xd7][0xf9][0x86][0xc][0xa5]][0x19],[0xf][0x9c][0xd1]x[0x16]}[0xb5][0xb4]<N[0x1d][0xbb]w[0xfe]"[0xfa][0xf5]y[0x7]v;[0xcb][0x85]o[0x8d]'[0x1f]zv!Qu[0x9][0x89][\n]"
17:56:12.349 [main] DEBUG org.apache.http.wire -- http-outgoing-0 << "[0x0][0xb6][0xcf];g&^[0x98][0xb7]|V[0xe2][0xac]x[0xa3]e[0xa8][0xaa]w&[0x19][0xa0][0x8c][0xa9][0x8d]x[0x8f]8[0x5][0x98]rT[0xaf]$m[0x5][0x7]F][0xce][0xb7][0xbe]]A[0x95][0xcb]0u[0x11][0xfe][0x8b]}[0xbb][0x1b][0xd9][0x81][0xd1][0x1f][0x17][0x80]s)[0xb5]A[0x94]>[0x9f][0xee] [0xf0][0x89][0x85][0xc1]pR[0x8d][0xc0][0x14]Vs[0xdc]0[0xd2]30{[0xaf][0xf0][0x1][0x0][0x13][0xab][\r]@[0xe6]r[0xc5]s[0xf6]2[f[0x96]E[0xe0][0xf4]R[0xb9]s[0xc1]:w[0x1b][0xb6][0xd0][0xd2]*[\r][0xd4]\)S[0xab][0xee]F[0xcd][0xb5]F[0xf2]F[0xf2]B[0x86][0xe5][0xe6][0xb4][0x5][0xae][0x0]b+[0xe3].[0xab]t[0x96]![0x8a]H[0x85]a[0xa1]D^X[0x19][0xb4]J[0xc9][0xee][0xa0]@v[0x5][0xe1][0x8a][0xd7]<eB[0xb2]Cu[0xad][0xcc][0x0])[0xdf][0x7]'[0xd4][0x9b][0x1a]O[0x1b]ON=[0xf3][0xe8]iR0[0xed][0xae][0x81][0x1d][0x9e][0xeb][0xfc]4x[0xb8][0xa9][0x95][0x14][0x8a]X[0xcc]-'[0xc7]L([0x82]9[0x91][0xac][0x9][0xdb][0xcd]D[0xd4][0x8e][0xe9][0xcd][0xe9][0x97][0xf3][0xd3][0xcf][0xb7][0xc3][0xb3][0xbe][0xea][0x11]t[0xff][0xf9][0xf6][\n]"
17:56:12.349 [main] DEBUG org.apache.http.wire -- http-outgoing-0 << "[0x1d][0xaa]/{[0xfb][0x14]:Q[0xb2][0x98]F[0xf1][0xe4][0xc0][0xde]P[0xfe]g[0xa9][0xe3]I[0x92][0xe2][0xf0]U[0xf4]h[0xe2]d7<[0xd1][0xd3][0x89]~[0xd4][0xb][0xe3][0xb4][0xad][0xd7][0xd3]_$[0xab]]Y9[0x86][0xc3][0xb9][0x9e][0xf9][0xf1][0xa4]Af[0xe6]26OQ~[0x12][0xc3][0xe5]U[0xd1]VH+[0xe9]/[0xb2]_nH[0xe9]v[0xed][0x9]@[0x82][0xe0][0x86]Q5)[0xec][0x83][0xaa][0xdc]F[0xd5][0xac]3[0x89][\n]"
17:56:12.349 [main] DEBUG org.apache.http.wire -- http-outgoing-0 << "[0x97][0xd4][0xf]b[0xf8]S[0xf4][0xde][0x1f][0x19]xsy[0xb5][0xee]L[0xc7]A[0x94][0xa4][0x6][0xa7][0x1d][0xf4][0xbd][0x88]^[0x8a][0xc8][0xbb][0xd3]c[[0x9][0xbe][0xbc][0x8e][0x3][0x8f][0xdf]+[0x3][0xfb][0xb4]U[0xf][0xc2][0xd4]![0x82][0xa4]1n[0x6]q[0xe][0x84]7ur[0xad][0xb5][0xed][0xf5]r8[0x96].we38[0xde][0x96]j =[0x8][0x9][0xd4][0xe]&K[0xc](o[0x84][0xc9]Y[0xbf]o[0xce][0xd8][0x80][0x14]@[0x90][0x0]e[0xa7][0x1e]T>[0x98]B[0xe9][0x8c][0xcc]8[\n]"
17:56:12.350 [main] DEBUG org.apache.http.wire -- http-outgoing-0 << "[0x8b];[0xb2][0x1b][0x5][0xcb][0xf9][0xe3]2c[0xeb][0x9c][0xf9][0xf9][0xd6][0xf6]e![0xa9]O1[0xa4][0x95][0xcf][0xa3][0x94][0x2]J[0x89][0xb0]w[0xa0]-[0x1a]S[0xc][0x19][0xdf]'C1[0xe5][0xde]t[0xea][0x11][0xe1]i[0xed][0xf1][0xb1]7E[0xbf]7CQ&=0.[0x18][0xe1][0x92][0xb3]4[0xbd][0xc6]xkO[0x17][0xc3][0xd1][0xf9]9[0xbf][0xe1][0x84]^[0x1c][0x9f][0x92]C1`H[0xf4].no[0xaf]k[0xe7][0xe1][0x94]1[0xe2]/[0xcb]@/[0xa7]e[0xb9][0xb5]=[0x9d][0xc][0x8c][0xab][0x9a][0xd0]b[0xf9][0x90][0x86]~d[0xf3][0xc7][0xf9][0x1b]p[0xbf] B ![0x84][0xaa]Zt$[0x1][0x11][0x8][0xb3]w[0x3][0x19][0xc6][0x80]q[0x8e][0xeb][0x1d],[[0x15][0x82]SW[0xc8]]?[0x3]s[0xa9]B.[0x15][0xff][0xf6]3[0xec][0xa2]p.[0xbb][0xb6]~$[0xcc]I[0xbc]Q[0xf8][0xab][0xe]j,[\r][0xb8][0x9a][0x0][0xaf][0xa7][0xe0][0x80][0xa7]u[0x8d][0x8f][0x6][0x91]A[0xe6]b[0x86]]A[0x90][0xca][0xa2][0xef][0xba]PN[0xec]}[0xbf]Z[0xae][0xf7]b[0x97][0xb8][0xe9][0x16]m[0x0][0xbd][0xef][0x95]JC[0x16]Y[0xdc]%[0x0][0xa3],[0xee]6s6[0xd4][0xe6],[0x18][0x4][0x18]`[0x8a][0xac][0x83][0xb7]rV[\n]"
17:56:12.350 [main] DEBUG org.apache.http.wire -- http-outgoing-0 << "[0xaa]`[0xc2][0xb6][0xd9]r[0x16]-[0xcc][0xbe][0x8d]6!qe[0xba]B[0xa6]a[\n]"
17:56:12.350 [main] DEBUG org.apache.http.wire -- http-outgoing-0 << "[0xc1]7sp[0x8][0xc0]J[0xa8]}[0x8][0xf0][0x94]y\Z[0xa9]w[0xaa][0xec][0x18]2YHW\/[0xa7][0xc9][0xa2]a\[0xad][0xd8]J[0x83][0x8c]@[0x8]-[0xed]E[0xc][0xd1][0x9c][0x6][0xd1][0xf7]s[0x94]7c[0xcd]m_A4[0x1a][0xf4][0xfa][0xe7][0xc7][0x87][0xdd]{x[0xf8]p"n[0xba]w[0x1c][0xdd][0xed][0xd9]J[0xab][0x9f][0x81][0x13]M[0x13]k[0x9c]v[0xda][0xf1][0xd8]:[0xb7][0xc7][0xd5]r[0x3]#[0xb2][0xca][0xa0][[0xb2][0xb4]v[0xd4]\[0xb4][0x8c][0xb]s[0xe6][0x8a][0xa9]D[0xc5]E[0xd5][0xf2][0xda][0xc4]$W[0xc4][0xc6][0x85][0xd6][0xae][0x6][0x5][0x88]b[0x88]7d[0xb9][0x4][0xba][0xc]mCi\A[0x97]Q[0xea][\n]"
17:56:12.350 [main] DEBUG org.apache.http.wire -- http-outgoing-0 << "[0xf6][0x17][0xdb]s[0xff]%[0xba]h<[0xef][0xcf]5qn[0xde][0xe3][0xd0][0xc4]5[0x1a]/[0xab]7[0xe8][0x9a][0xf8][\r][0xbc][0xd8][0x2][0x1f][0x84]$[0x4]A[0xab]1[0x8f][0x94][0x15],[0xba]&~{[0xc9][0x9b]t[0xed][0xb5]rdU.ilbX[0xd5]i0[0x5][0x7][0x3].3[0xad][0xb4]f[0x12]Cn[0xcc]XNd [0x8]`$[0x0][0x5][0x18]U[0xe2]*B[0x98]U[0xf8]tK[0xf8][0xec]i[0xf4]5OmN[0xb]N1[0x2]U[0xe5][0xd6]C[0x18][0x8][0xa9][0xd0]&[0xb8]&[0x19][0x10][\n]"
17:56:12.350 [main] DEBUG org.apache.http.wire -- http-outgoing-0 << "3[0xb5][0x8f]7[0xf7][0x91]X2;%[0xde][0x98]YJ[LC[0x9c][0xe8][0xf8]U[0xc7][0x93][0x86][0xd3]o[\n]"
17:56:12.350 [main] DEBUG org.apache.http.wire -- http-outgoing-0 << "[0xe0][\n]"
17:56:12.350 [main] DEBUG org.apache.http.wire -- http-outgoing-0 << "[0x15]G[0x10]Q.[0xb9]@[0x92][0x9][0xd4]\[0xe0][0xbd][0x19][0xed][0x8][0xbc]X[0x9e]=|i?[0xd0][0xf3][0x87]k*[0x1f]N[0xe5][0xe7];[\n]"
17:56:12.350 [main] DEBUG org.apache.http.wire -- http-outgoing-0 << "[0x87]w[0xf7]W[0xfb][0xd2][0xd9][0x13][0x13][0xff][0x1a]=[0xe5]<[0xb9][0xfb][0x89][0x8]H[0xee][0xa1]#[0xed][0xe5][0xc4][0xa6][0xc][0x93][0xca][0x1c][0x4][0xb3]3G$[0xda][0xc4][0xbf][0x11]d@[0x12][0x86]E3[0xb7][0x2][0xa1][0xd2][0xa5]jg[0xf0][0x8d][0x1d][0x8c][0x82][0x89][0xcb]71[0xa7][0xbf]m[0xc][0xc2][0xfe][0xf2][[0x88][0xcd][0xa5][0xd1][0xe]_M[0xf0][0x96][0xb3][0xe6][0x8e]t8[0x9e][0xd5][0xd0][0xd8][0xda][0x18][0x84]I[0xb][0x82][0xc5][0xaa]F}[0x14][0x82]c[0xe2]J[0x9]].E[0xde][0x9a][0x9b]V[0xc9][0xcf][0xd3]]],W[0xf][0x84][0x8d][0xa1]5[0x9e][0xc3][0xb0][0xaa][0xd4] (L3M5I[0x80]}[0x12]hb[Xw[0xdb]J[0xc1]V[0x8a][0xd4]*[0x86][0x8][0x3][0x88]V[0x8e][0xc1]AHT[0x9b][0xe3][0xcb]lCwo[0xd1]|[0x85][0x6][0x99][0x86][0xda]Ca[0x1f][0x12][0x8a][0xab]0[0xd7][0x95]v[0x1f]R[0xb9][0xb1][0x8d]! [0xb8][0x84][0xf5][0xbb]0Og[0xa5]g[0x98][0xf7]8[0xf1]([0xf1][0x1e][0xc7][0xde][0xa4][0xd8]P[0xdb]v[0x8c]v[0x14][0xdd]t[0xb6]!pR[0x97]q[0x1d][0x6][0x17][0x12][0x11][0x94]1[0xc1]0[0xe2]JP[0xc][0xa1][0xca]i[0x9]7[0xa1][0x1f][0x85][0xc3][0xf4][0x89][0xa2]J[0xd8]=[0x1f][0xc8][0xfb][0xf6][0xf0][\n]"
17:56:12.350 [main] DEBUG org.apache.http.wire -- http-outgoing-0 << "[0x9f][0xb1][0x9b][0x8e]l[0x9f][0xf7]N[0xd1][0xe1][0xed][0x19][0xe3][0xb5][0xe8][[0x1c][0x80][0x13][0x9b]I[0xf4][0xea][0x8f][0x1d][0xd7]I'[0x96][0xfc][0xe][0xb7][0x98][0x84]U[0xc3][0xe6]J[0xdd]b[0xbe][\r][0x89][0x17][0x85][0xfc]~1$[0xae]([0xaa][0x12][0xf2][0xb1][0x2][0xb6]I[0xa9]6[0xda][0x91][0x90][0x0]B[0xfa][0xc1][0xdd]v[0x1b]CK[0x87][0xe0]l[0xdd]b\*[0x97][0x10][0xec]n[0xa7][0xb5][0xfe][0xd5]<[0xf7][0x87]Q[0x13][0xb2][0xf8][0x9b][0x8b][0xa0]]DO[0xf9]d[0xc4]u[0x14][0xc7]5Q`T[0xe3][0x14][0xb3][0xc5]@[0x92][0xbe][0xfe][0x3][0x1][0x81]Aa[0xdd][0xd6][0xae][0x14]$gbH[0x8b][0xe4]rh[0xab]kU>][0x9b][0xff]mj[0x17]K[0xb][0x95][0x8a][0xb6][0xd9][0x9]d[0x10][0xc0][0x9d]Q[0xe6][0x2][0x3]J[0x1a]M[0xc0][0xa9]'[0xb9][0x8c][0x1]e[0x9f][0xd7][0xed][0xe4][0xf0][0xca]H[0x12][0x14][0xce][0xc8][0xbc][0x96][0x8e][0xb6].a[0xb9][0xed][0xf8][0xb9],[0x5][0xda].[0xb4]R[0x84][0x94][0xb0]j[0xf2][0x89][0xcb]m[0x1a][0x99]3[0xb4]Q[0x11][0x4][0x5]B0A[0xf7][0x9a]f[0xe][0xbd][0x89][0x9d][0xf2][0x88][0xec][0x0][0xb2][0xc7][0xe9][0x9f][0x91][0xfb]-4[0xd5][0x84][0x94][0xd4]ZJ[0x9][0xb4][0xd6]%[0x9b]`[0xef][0xe0][0xcb][0xe][0xf3]=[0xf9][0xd2][0x17][0xb7]j[0xf8]p2[0xfc][0xd2][0x19][0x8]|[0xda];[0x1a][0xde][0x1f][0xf][0xe4][0xe7]:[0xec][0xbd][0x8e][0xb5][0x1f]fx[0xef][0x99]^$[0x8e][0xeb][0xc][0xf4]*W[0xbf][0xcb]|?[0xf2]0(*[0xca][0x7][0xeb][0x16][0x1c][0x82][0xcd][0x81]V[0xd8][0xd1][0x91][0x95][0x1d]S[\n]"
17:56:12.350 [main] DEBUG org.apache.http.wire -- http-outgoing-0 << "8[0xa3][0x90]o[0xa7][0xcc]Q[0x1]0c[0x98]7[0x83]Z&[0xec]\[0x9b]m[0xe3]LB[0xee]r[0xa2]\E[0xfe][\r][0xb5][0x19][0xa8][0xcd][0x85][0xd0][0xda][0x8f][0xfe][0x93][0xc5][0xc9][0xac]o[0xcc][0xee][0x89]j[n[0xed][0xc9][0x11]zU[0x10][0xc4]i[0x8d][0xf]f[0xe2]`,][0xc2][0xad][0xc5][0xf][0xe6][0x7]/[0xac][0xca][0xe4][0x9c]c[0xef]W[0xab][0x8e][0x8f][0xb0]l[0x17]5[0x14][0x16][0xd6][0xa5][0x1a][\r]0'[0xbb][0x13][0x17]h:&g[0xba][0x9b][0xeb][0x95]);m[0xc]`[\n]"
17:56:12.350 [main] DEBUG org.apache.http.wire -- http-outgoing-0 << "[0x81][0xaa][0xd4][0x16]l[0xf6][0xbe]YV[0xc9]>[0x86][0xf6][0xcd]7[0x9c][0xef][0x96][\r][0xfa][0x85][0xc6][0x9][0xa2][0x95][0x3][0xcc][0xed][0xb4])[0x8c][0xc8]6[0xae]D[0x80][0xc0]D[0xed][0x15]CC[0x13]O[0xf3]t[0xd6][0x82][0xb6][0x94][0xd7][0xd0]?%[0x1f][0x81]K&[0xe3]PI0[0xe1]HJN[0xa1]`,[0xa7];\-[0xb][0xa0][0x9b][0x99][0x82]s[0x9][0xf1][0xc5]Io08[0xea][0xde][0x8e][0xfa][0xbc]GO$[0xea][0x9d]~>9[0xfc][0xae][0xc1]c[0xc3]8[0x9a][0xe9]E*[0xef]^[0xcf][0xfc]T[0xd1][0xdf][0xdb]GF![0xae][0xc8]G[0x14]R[0xc0][0xcd][0x8f][0x91]`[0x88][0xb2]J[0xba][0xcb][0x0][0x17]X[0x91][0xcd][0xea][0xb][0xe][0x18]U[\r]U]$[0x88][0xcb][0xc9][0xe][0xdb]e[0xcc][0x95][0xd8][0xe]][0xf8][0xd3][0xbb]f?[0xea]L[0xf3][0xc][0xf4]b[0x98][0x1f][0xb2][0x9b][0xfa]@[0xb3][0xd0]{[0xf8][0xaa][0xc3]j[0x9a]K[0xeb][0xc6][0xec][0xa6][0xd5][0x80][0xb1][0x5]>[0xb0])Pn[0x8f][0x8d][0x90].[0xe7][0xf9]y7[0xeb]*&?jwu[0xb5][0x1c]v-[0xe6]6>[0xb6][0xe7][0xbd][0xd4][0xc7][0x8a].[0xc7][0x80][0x89][0xc][0xec]Z[0x8d][0xa5][0x1][0xdb][0xcd][0xb8][0xc6]J[0xa6]=[0xae][0x2][0xc0][0x88]R[0x80]RjV[0xf1][0xb8])H9[0x3]*[0x11][0xfc][0x1a][0xd3]][0xcc]yeR[0x94]P 0[0xa6][0xec][0xbd][0xa7][0xc2][0x9][0xa0]T[0xaa][0xbd][0xa2]i[0x12]y[0x88]z[0xc8][0x8e][0xd8][0x95][0xd2][E[0xe][0xbf]?[0x1d]AK[0xa8]-FP![0x85]%[0xc5][0xc][0xb][0x9]s[0x10][0xdb][0xe9][0xda][0xf9]f[0xb9][0xb1][0xba][0x99][0xde][0xd9][0xf5]=[0xe6]G[0x97][0xaa]#[0x1e][0xae][0xf0][0xed][0xc9]Cot[0xd6]9$[0xb8]}_[0x7][0xb2]i[0xae]w[0xb][0xad][0xe7][0xcb]Y`Q[0xf7][0xe2][0xa2][0xbb]o([0xc2][0x8e][0xe2][0xa9][0xd2][0xea][0xb][0xb7][0xd4][0x13][0xfd]U[0xfb][0xf9]>[0xd9]I[0xf1]\[0x1e]*p[0xe5]#[0x8c][0x84][0x80][0xda]N[0xd9][0xc6][0xe]fo[0xf9]v[0x91][0x9b][0xc5]%%.[0xde]q[0xe3]b*[0xed][0x88][0x14]W[0xfe][0xd5][0x2][0xee][0x8f][0x17][0x87][0xc8]Bk.i[0xb6][0x1d]![0xb2][0x3][0xad]][0x1b]][0xac][0x6]W\[0xeb][0x3][0x9b][0xaf]*[0x82][0xf1][0xaa][0xc8]G[0x87]F0[0xe5]*&\&PN[0xc3]][0xd7][0x19][0xe7][0x12][0x11][0xeb][0xab][0xe5][0x0]+][0xe2]64"[0xbc][0x17][0xfa][0xd8][0x88] [0x15][0xc0][0xd9]d[0x84][0xe2][0x8d][0x8e][0xe5][0xa9][0xb6]!H[0x1b][0xe8][0x2][0xb5]&[0x4]$U[0xf5]<[0xeb][0xdf]o[0x8c][0xe7][0x18][0xaa][0xaa][0xb1]6[0xcc]~y[0x9]W[0x1b][0x11][0x97]C@%[0x97][\n]"
17:56:12.350 [main] DEBUG org.apache.http.wire -- http-outgoing-0 << "[0xef][0xc3]m[0xc9]:[0xfb][0x8b][0x89]G'[0x1e][0xfe]`[0x8e]Xn[0x18]w%[0xcc][0x16][0x98],cT![0xc1](G[0x18][0xc1]u[0xaa][0xae][0xc6][0x9e][0x90]=[0x15][\r][0xde][0x8d][0x6][0xec][0xf4][0xb0][0x87][0x19][0x93]P[0x8e]N[0x1f]:7[0x97][0xfd][0xbb][0xcb][0xbd][0x1d][0xb9]}[0xfd][0x96][0x1e][0x12][0x91][0x9e][0x1b][0x98][0xfa]z[0xb2][0xda][0xed][0xe]_[0xff]H[0xbc][0xa5]D[0x96][0xdf]M[0xcb][0xb4][0xdb][0xc6]C[0xe3]8A[0x95][0xbe]?[0x4]8V|3[0xb5][0xde][0x8e]] X[0xc9][0xda][0xc5][0xde][0xa6] [0x90][0x1d][0x81][0xcd]7[0xb8]K[0x99]p[0xed]Y[[0x8a][0xc1][0xe3][0xee].[0xee][0xe6][0x12]h[0x87][0x81][0xff]K>[0x2]1J[0xcc]W[0x9d][0xf6][0x4][0xf6][0x1f]i[0x93][0x96][0x3][0x8b]U[0x85][0x6][0xa4][0x96]0a[0xef][0x8f]8[0xd7]7K[0xcb][0xe4][0xfb]f[0xab][0x8b]UCm[0xac]|[0xdb]t[0xaa][0xcd][0xaa][0xd2][0xc7]S[0x16][0x14][0x3][0xf6][0xb7][0xdd][0xf4][0xcd][0x10][0xb0]#[\r][0xf7][0xf][0xa3][0x15]9-[0x1][0xb6]{F[0x18][0xa8]Vp[0x91][0x80][0xa8][0xca]&T[0xe6]SX+[0xa1]y[0xaf]B[0xf1][0xb0][0x1e][0xc4]d%[0xfd]a[0x14]HB[0x84][0xda][0x8e]/[0x17][0x14]0H[0xe1]^[0xac]V0[0xf][0x9]o[0xcc]=[0xc2][0xbc][0xe9][0xd8][0xe3][0x93]<[0xe8][0x1e][0x9b](~2I[0xf4][0xb5][0x91][0xf3][0xb6]l[0xb2][0x2][0x14]J"[0xc4][0xb9]@Xr[0x96][0x1e]?R7[0xa9]1[0x93][0xf7]=D[0xf7]7'[0xdd].[0x1a][0x10]uw|[0xc3][0xef][0xf]G[0xa3]s[0xd4]m[0xd7][0xe2]m[0x8e][0xd2]^[0xe8][0xf0][0xe9]k[0x9a]>Y}s[0xbe]C,`l[0x9f][0xa3][0x98][0xf6][0xca]u#[0x5]I[0x95][0xd3][0x96]#[0x80][0xad][0xff]d;1[0x17][0x3][0xe][0x85]h[0xa8][0x19]0[0xc]][0xa2][0xb6]y_,m[0xd6][0x1][0xba]r[0x93][0xd5][0xff][0xdb]:[0xc1][0xb2]@K[0xf2][0x81][0x87] [0xca][0x85][0x1d][0xfa]Q[0xac][0x83][0x9a][0x16][0x99][0xaa][0x8f]9[0x4][0x91][0x1][0xf3]U[0x89][0xf][0x6]*X[0xa0]e[0x14][0xb9][0x2][0xe5][0xbb]di[0x95]B[0xc0][0xc1]^+[0xb7]'0;[0xc6][0xbc][0xa1]^[0xbb][0xaa]S*[0x1b]d[0xd5]Z[0x6][0xa0][0xc8][0x1c][0x13][0xa1][0xc4][0xfe]a[0xb3][0xac]V[0xcb][0xed][0x11]8[0x0]C[0x80][0xab][0xa7][0x86][0xd9][0xf9][0xf7][0xe5][0xc7]C[0x94][0x9c][0x88][0xd5]<[0xe9]I[0x95][0xa8][0x1c][0xa9]@ @[\n]"
17:56:12.350 [main] DEBUG org.apache.http.wire -- http-outgoing-0 << "[\n]"
17:56:12.350 [main] DEBUG org.apache.http.wire -- http-outgoing-0 << "[0xb6]AW&[0x81][0x80]L[0x89][0xbd]l[0xb6]coj[0xc7][0x85][0x19]d[0xad]`[0x8f][0x5][[0xc2]>C[0xc3][0xca][0xa6][0x95][0x13][0xc4] U\[0x11]I[0x84] 4[0xe7]C[0xa8]?[0x17]bx[0xbe][0xa3][0x1c][0xc][0xc5][0xc3][0xc5][0xf1][0xe5]e[0xe7][0xae][0xd3]C[0xa3][0xab][0xbb][0xde][0xdd][0xe8][0xe8][0x92][0xc][0xbf][0xd4][0x9f];[0xb9][0xde][0x11][0xdb][0xd3] &o9[0xdd]`?[0x1f][0x18][0xe6][0xaa]"MV<P4;[0xef]=[0xbf][0xd4][0xdd][0x2][0xca]BRy#[0xa5][0xd0][0x1e]7[0x89][0xd0][0xf6]|_ 8V[0xa2][0x19][0x9b]U[0x88][0xb8]lwh[\r][0x91][0xae][0x94][0xc4]E[0x9c][0xfc][0xe5]q[0x86][0x1f][0x14]^i^?HL[0x94][0x85][0xd7][0xc1][0xd3][0xf2][0xcd]T[0x1e][0x13]Ajb[0xbc]s[[0xc][0x84][0xe9][0xeb][0xeb][0xad]_[0x84]"[0xbb]P.[0xe7]*[0x9c][0xaf][0xad][0x11][0xe6]E[0x3]{[0xad][0xfa][0xfc][0x9d][0x86][0xf4]uU[0xe6]c`[0x15][0x14][0xe0][0x9d]6[0x18]S@[0xc9][0x6][0x82]A[0xfd]$[0x5]eE[0xde]T[0x8b][0xad][0xce][0xf0]2![0xab][0xa0][0xb5][0x84][0xb8]6[0xf7][0xb7][0xc3]j[0xbb]K0[0x90]Xr[0xb1][0xd9]p[0x12][0x3][0xc6][0x4]a[0xfb]X[0xf][0xb4][0xf0]0[0xf7][0xec][0xd1]g[0xda]#[0xdc][0xc3][0x85][0x4][0xc3][0xea][0xed][0xfb][0xfa][0xbb][0xcf][0xdc]a[0x94]I[0x86]1[0xa6][0x92]![0x99][0xef]w[0x15]X[0xeb][0xf5][0xd5][0x8e]Jpw[0xd8]9T[0xa3][0xce]=[0x93][0xf2][0xf6][0xe8][0xa6]{[0xdb]m[0xf3][0xf3][0xa3][0x93][0xbb][0xce][0xbe][0xe6][0xda]u[0x8a]![0xb][0xaa][0x8d]Y[0xab][0xe2][0xa2]& V[0xb8]s[0xee]1lS2\yZ[0xba]5[0xbc]`[0xbe]M[0xa7][0xa4][0xdd]z%h[0xb3][0x11][0x9][0x18]+[0x17][0xd3][0xed]![0xf][0x14]q[0xd7][0xe6]v1[0xa9][0x15][0x7][0xfe]w[0xcf]d[0xcc][0xc2]i.[0x18]v[0xa2][0xe3][0x97][0xfc][0xd1][0xe][0xe7]&[0x8][0xde][0xf2]p[0xfa][0xde][0xfd]j0Y|[0x96][0xd6][0x4][0xcf][0xb6][0xcc][0x7][0x84][0x95]![0xe9]JN\,y[0x8e][0xb0][0xae][0x8a][0xe4][0xba]][0xeb][0x8b]U#[0xc6][0x89][0xdb][0xd0]O[0xbb][0xae][0xd3] [0x8c][0x9b][0x9e][0xb9][0x90][0x15][0x6]T[0xa3][0xb3]%[0xeb][0x6]$[0x8][\n]"
17:56:12.351 [main] DEBUG org.apache.http.wire -- http-outgoing-0 << "[0x10]B[0x80][0xa3]:_[0x17]b[\n]"
17:56:12.351 [main] DEBUG org.apache.http.wire -- http-outgoing-0 << "U[0xf4][0x98]k[0xd4][0xd8][0xdd][0xf6][0xd7];[0x9f])[0x18]j[0xb9]b[0xb8]r[0xc4]8N[0x8f][0xed]U[0xdb]C%[0xed][0xc4][0xca] [0xda]k[0x10]c[0x1a][0xc9]%[0x1e][0x17][0x9e][0xa2]%>[0x83]Nd[0x19][0x99]cu[0xf3]d[0xf6]js![0xac]$[0xb2][0x9]1[0x91][0x1e][0xbf][0x96];[0xcd][0xac][0xc4]Ip6[0xdc][0xc1][0xd6][0xde][0xd9])R[0x17][0xdd][0x9b][0xc1][0xcd][0xc9][0x90]?[0x8c][0x8e][0x87][0xf][0xc][0xf7][0xd8][0xed][0xf1]>[0x8a][0x80][0x99]N[0xd3][0xa9]4WQ0[0xb5][0xd8]h[0xc3][0xb8][0x1d]3~[0xce]X[0xb9]68[0xbb]s[0xce][0xef][0xfa]D[0x9e]j-[0x96]W$[0x19][\n]"
17:56:12.351 [main] DEBUG org.apache.http.wire -- http-outgoing-0 << "[0xa6][0x82]=[0x9],[0x97][0xb8]z*[0x18]b[0x80]b"[0xe8][0x6]s[0xa9][0x2]XI)[0x1b][0xea][0x4][\n]"
17:56:12.351 [main] DEBUG org.apache.http.wire -- http-outgoing-0 << "[0xbb][0x8c]m),[0x86]*M[0x8c][0xb1][0xfa]9[0xb8]?A[0x96][0x9c]d[0xf8]0[0x91][[0x1b][0x18][G[0x19][0x9a]Drmhl5c[0xdc][0xb5]7[0xab][0xb2]0C.[0x91][0xbb][0xbe]X[0xae][0x16]([0x17]7[0x9d]L[0xb3][0xae][0xf3]1[0xa9][0xe5][0x12]([0xba]{[0xe6]Yz[0xda][0xc3][0x87][0xa4][0xb6][0x13][0xe8][0xf1]s[0x5][0xa7][0xa5][0x18]0[0xc],[[0xae]>G[0x7]A[0xce]*[0xdb]`[0x5][0xd6]c[0x1b]'[0xf9]fH[0xbf]x[0x82][0xe][0x95][0xaa]*H[0xc4][0x85][\r],[0x90][0x8d]R [0x10][0xc0]\[0xf2]z[0xc2][0x93][0xf7][0x16]([0x8f][0x19][0x8f]ik[0xeb][0x12][0xd8][0xa3][0xf8][0xf][0xc]0[0x90][0x12][0xe1]@1;g[0x9c][0xd8][0x13][0xce](c[0x1c]~[0x8][0xc1][0x99][0xe3]{[0xef][0xe9][0xcd][0xf0][0xe6][0xe2][0xf3]1G[0xb7][0xa7][0xc7]m%nF[0xf][0xa2][0xdd]>[0xdc][0x9b][0xde]^[0xc7][0xd1][0xfc][0xe5][0xc0]9N[0xcf]0[0x99][0xac][0x6][0x83][0x99][0xc7][0xc][0x8][0xf][0xe3][0xe8][0x17]3[0xfe][0x10]w[0x99][0xa4][0x15][\n]"
17:56:12.351 [main] DEBUG org.apache.http.wire -- http-outgoing-0 << "m[0xd5]@[0xb8][0xc6][0x9e].[0xca]8[0xa9][0x8c][0xea]r`[0x8f][0x1e][0xc2][0xef][0xb6][0x12][\n]"
17:56:12.351 [main] DEBUG org.apache.http.wire -- http-outgoing-0 << "[0x1][0x13][0x98][0x92]f[0x6][0x4];o[0x1c][0x8b]mR[0x97]J[0xe1]r[0x9][0xd7][0x87][0xeb][0xfc]M[0xe7][0xd1]d[0x11]7[0x97][0x1d][0xeb][0xe9]pe[0xf7][0xcb]8[0xf][0xa2][0xe7][0xca][0x1]`5[0xd1][0x85]IZ[0xb][0x8c][0xa3][0xe8][0xf9][0x83][0xe6][0x17]f[0xd4][0x15][0x1c][0xb9]|u[0xe0][0xe1][0xe][0xce][0xae]j[0xe4][0xfc][0x6][0xeb][0x8b][0xe5]8K\[0x84][0x1b][0x1f][0xa3][0xb3][0xae][0xd4]d[\n]"
17:56:12.351 [main] DEBUG org.apache.http.wire -- http-outgoing-0 << "[0x18][0xcf]N>[0xb0][0xce][0xd2]?b[0xc8][0xb8]e[0xb8][0xf6]4[0x1d]Z[0x8d][0xb6][0x88][0x93][0xf2]#[0x1d][0xca]'[0x90][0xc][0xcc][0xab].[0x8c][0xfd][0x1f][0x14]F02)d%[0xc1]%[0x80]2[0xce]%[0xda][0x8e][0x81][0xb2][0xda][0x97][0xa0][0xf5][\r][0xe8][0x1c][0xe4]r[0xe3][0x9][0xe2]M[0xc6][0x1e][0xd1][0x9e]d[0x1e]*N[0x1a][0xdf]C@@%4WR[0x86][0x99][\r][0x8a]!B[0x19][0xc6][0xb9][0xa0][0xc2]y[0x14][0x9b]*i6[0x13]Wh[0xcb]^gx[0xd8][0xbd][0xa4][0xf7][0xbc][0x7][0xd5][0xdd][0xc3][0xe5][0xed][0xb5][0xbc][0xf9]r.[0xf7][0x8a][0x8a][0xf5][0xa3][0xd8]_,L[0x92][0x98][0x3][0xa7][0xa3][0x97][0xf3]G=[0x9e][0xa5]x[0xdb]^f[0xe0][0xb6][0xd1])[0xf][0x8a][0xc8][0x8a][0x11][0xc7][0xd6]ppdO[0xfb][0xb5][0xe8][0xfa][0xbd][0x1d]1[0xca]Hel[0x5]#@0[0xd9][0xce][0xbf][0xb5][0x96]/F[0x10][0xad]oyn[0x11]W2W[0xed][0x1c][0xd8][0xcb])[0xb3][0xb3][0x12]\&[0xbf]W[0xac][0xfd][0xc1][0xf][0xec][0xcd][0xa2]i>[0x9][0xe6][0x7][0xb9]Y[0x7][0x17][0xe9][0xb9][0xaf][0x19](}[0x7][0x8e][0xe2][0xd0][0xf0][0x2]{[\r][0xfc][0xe0][\r][0x4][0xc6][0xd4][0xeb][0xb0][0x12]JW0[0xe1]*[0xc9]s[0xa3][0xe][0xec][0xeb][0x1f][0xf3]#[0xc3][0x83][0xb7][0xc7][0xaa][0x91][0xe1][0x8]7U[0xb][0xd2]2M[0xb4][0x2][0x94][0x1e][0xf8][0xb8]a[0xac](?Lq[0xed][0xd0][0xda][0xdb]D[0xc0][0x5][0xb0]B[0x4][0xb6]q[0xb0][0xea][0xf8][0xad][0xa2][0xe5][0x89][0x84][0xe1],2[0xa1][0xff]-[0xc3]Z[0x17][0xb]=[0x9e]-[0xed][0x96][0xce][0xdb][0x8][0xfa][0x5][0xbd][0x8e]"F+[0xcf]PQ@[0xda][0xbe][0xd6]F+[0xc0][0x80][0x10].[0xe9]>[0x83][0xc3][0x91][0xf4][0x1e][0xb9]7[0x16][0x9e][0xf6][0x18][0xf4]H![0x7][0x96][0xa6]S[0x9d][0x93][0xe8][0xc5]Nbi[0xd8][0xeb]*dn[0xb1][0x82][0x84][0x13]!1[0xc4]X[0xca][0xfc][0xfc][0xae][0xe2][0x1]9[0x19][0xd1][0xa0]s~[0xcf][0xbf][0xdc]u[0xe4][0xcd][0xd9][0x97][0x1e]TWG[0x97]wG[0xc3]a[0x8f]t[0xbf][0xf7][0x10][0xde]nl[0xe6]~[0x98][0x9b]z[0xf0][0x1d]G[0x9e][0xb][0xc2]*'[0x89][0xe7][0xd7][0xbc]i[0xd8]Z2[0xa1]*[0xd5]Y[0xc][0xb0][0xf5]umo[0x9d]L[0x2]D[0x5][0xae]_[0xef][0x8c]<+[0xc4][0xd6][0xbb]E[0x98]t[0x91]d.[0x17][0xb5][0x96][0x82][0xbf]O[0xc]![0x97][0x0];1a~[0x9e][0xcc][0xfa]H[0xea][0xbd]O[0xdd][0x9d][0xd9]R`[0xe6][0x7]A=[0xbe]b[\n]"
17:56:12.351 [main] DEBUG org.apache.http.wire -- http-outgoing-0 << "]I[0x88]K[0xb9][0x84]9A[0xd6]V[0xc8][\r][0xab]]][0xab]:gW[0xba][0xe9][0xb0][0xaf]&zlZ[0xa7][0xc1][0xcc]p[0x8][0xac][0x80][0xbd][0x19]%cO[0xc]i[0x82][0xb0]9Q[0xa0]x[0xc2][0xae][0xa2][0x80][0x12][0xc0][0x18][0xc0][0xb0][0x9a][0xab]J"[0xfe][0xac]#v[0x91][0x90]UO[0x89][0x84][0x1][0xaa][0xe4]v^[0x9e][0x1d][0xad][0xb][0xa5][0xa4][0xa2][0xf6]11o%[0xd0][0xde][0x98]x[0xe8][0xd1][0xc3][0xc8]cS[0x8f][0x16][0x4][0xd9][0xdf][0x1d][0xb6][0xc5]ea[[0xcc]1S[0x2][0xd9]9[0x7]\[0xf0][0x1c][0xe8]6<[0xe]=3[0xf9]@[0xc][0xc8][0xd9]P[0x9e][0xf]T[0xfb]fpyw[0xf5][0xf9][0xb8]}[0x83][0xcf][0xee][0xf9]~[0x7]8[0x1c][0x9b]8[0xd0][0xe3][0xd9][0x81]s[0xb4][0xc][0x9f]"
17:56:12.351 [main] DEBUG org.apache.http.wire -- http-outgoing-0 << "W[0xb3][0x14][0xc7][0x16]0w[0x87]|Y{[0xc2][0xc7]z-C[0xb5][0x13]/[0xca][0xd8][0xec]~[0xc3][0xe4]9[0xaa]Ia[0xdb]F/[0xe1][0x84][0xb0][0x1d][0x87][0x17][0x85]vNe[0xb3]T[0x18][0xb2][0xb6][0xd9][0x1d][0xf3][0x1]fv[0xfe][0x8c][0xbb]:2[0xed][0xdf][0xe6][0x83][0x95]w [0x13][0xc9][0x9d][0x94][0x84][0x17][0xee][0xe2][0x14]K[0x9a][0xc]Q,FrW[0x5][0xc1][0xd7][0xb4]F=43D]"[0xa9]K[0x8][0xcc]A[0xf3][0xba][0xca][0xd7]\"w}[0xb5]j[0x86]"j[0xca][0xdf][0xb]}[0x9c][0xc7][0x15]*[0xd3]-[0x13][0x1c]([0xf2]]BB[0x11][0xa1][0x11][0xb0][0x1e]Z[0x5]d[0xa5][0xcf][0x8b]q[0xe9]\[0x97][0x8e]A[0xa8][0xda][0x8a]M[0xe7][0x99]2[0xca]+[0xf5][lC[0xc2][0x1c]2[0xbc][0x99][0x3][0x5][0x81][0xa5][0x98]x[0x1f]5a[0xfa][0xe8]A[0xdb]([0xc3][0xc8]C[0xdc]+[0x9c][0x9c][0xf3][0xbb][0x8d]^[0x82]q{[0xf4][0x16][0x91][0x92][0xdb][0x13][0x1e][0x9a][0xf][0xfd][0xca][0xd0][0xe0][0xcb][0xcb][0xe1][0xe7][0xeb][0xc1][0x17]A//[0x86][0xe7][0xb7][0xd7][0xe2][0xfa][0xb8]#[0xd5][0xcd][0xe7][0xda][0x19][0xb6]E[0xf0]=[0x8f][0x8d][0xff]d[0xe2][0x1c][0xfb][0xcd][0xa5]u?D^$H[0xdd]d[0xc5][0xe2][0xcc][0x99][0xf1][0xcc]_M.[0xc9],uA[0xaf][0x95]L[0x88]*[0xfa][0xcb][0x19] [0x98][0xd2]Mg[0xd4][0x1a][0xbb][0xa9]=[0x90][0xa8][0x11][0xda]R[0xc4]l[0x9b]{g[0xc][0x2]u[0xa9][0x1d]e[0xaa][0xfe][0xe2][0xe0][0xc2][0x8f][0x8a][0xb9][0xff]u[0xd0]J[0xa2]D[0x7]vO[0xc9][0x83][0xd6][0xe2][0xd9]n|x[0xd0][\n]"
17:56:12.351 [main] DEBUG org.apache.http.wire -- http-outgoing-0 << "[0xfc][0xb9]oy[0x10][0xfc][0xed][0xff][0x1][0xe8]][0x84]$o[0xa3][0x0][0x0]"
17:56:12.352 [main] DEBUG org.apache.http.impl.conn.DefaultManagedHttpClientConnection -- http-outgoing-0: Close connection
17:56:12.354 [main] DEBUG org.apache.http.impl.execchain.MainClientExec -- Connection discarded
17:56:12.354 [main] DEBUG org.apache.http.impl.conn.PoolingHttpClientConnectionManager -- Connection released: [id: 0][route: {s}->https://dummyjson.com:443][total available: 0; route allocated: 0 of 5; total allocated: 0 of 10]
17:56:12.354 [main] DEBUG org.apache.http.impl.conn.PoolingHttpClientConnectionManager -- Connection manager is shutting down
17:56:12.355 [main] DEBUG org.apache.http.impl.conn.PoolingHttpClientConnectionManager -- Connection manager shut down
17:56:12.377 [main] DEBUG com.intuit.karate -- response time in milliseconds: 552
1 < 200
1 < Access-Control-Allow-Origin: *
1 < Content-Type: application/json; charset=utf-8
1 < Date: Sun, 03 Aug 2025 10:56:12 GMT
1 < Etag: W/"a36f-Hyqmc+8fsEhjdF4H4imH3z/VXKo"
1 < Server: railway-edge
1 < Strict-Transport-Security: max-age=15552000; includeSubDomains
1 < Vary: Accept-Encoding
1 < X-Content-Type-Options: nosniff
1 < X-Dns-Prefetch-Control: off
1 < X-Download-Options: noopen
1 < X-Frame-Options: SAMEORIGIN
1 < X-Powered-By: Cats on Keyboards
1 < X-Railway-Edge: railway/asia-southeast1-eqsg3a
1 < X-Railway-Request-Id: v9IZwNVwTLm9mZvWDcO5xA
1 < X-Ratelimit-Limit: 100
1 < X-Ratelimit-Remaining: 99
1 < X-Ratelimit-Reset: 1754218582
1 < X-Xss-Protection: 1; mode=block
1 < Transfer-Encoding: chunked
{
  "users": [
    {
      "id": 1,
      "firstName": "Emily",
      "lastName": "Johnson",
      "maidenName": "Smith",
      "age": 28,
      "gender": "female",
      "email": "emily.johnson@x.dummyjson.com",
      "phone": "+81 965-431-3024",
      "username": "emilys",
      "password": "emilyspass",
      "birthDate": "1996-5-30",
      "image": "https://dummyjson.com/icon/emilys/128",
      "bloodGroup": "O-",
      "height": 193.24,
      "weight": 63.16,
      "eyeColor": "Green",
      "hair": {
        "color": "Brown",
        "type": "Curly"
      },
      "ip": "42.48.100.32",
      "address": {
        "address": "626 Main Street",
        "city": "Phoenix",
        "state": "Mississippi",
        "stateCode": "MS",
        "postalCode": "29112",
        "coordinates": {
          "lat": -77.16213,
          "lng": -92.084824
        },
        "country": "United States"
      },
      "macAddress": "47:fa:41:18:ec:eb",
      "university": "University of Wisconsin--Madison",
      "bank": {
        "cardExpire": "03/26",
        "cardNumber": "9289760655481815",
        "cardType": "Elo",
        "currency": "CNY",
        "iban": "YPUXISOBI7TTHPK2BR3HAIXL"
      },
      "company": {
        "department": "Engineering",
        "name": "Dooley, Kozey and Cronin",
        "title": "Sales Manager",
        "address": {
          "address": "263 Tenth Street",
          "city": "San Francisco",
          "state": "Wisconsin",
          "stateCode": "WI",
          "postalCode": "37657",
          "coordinates": {
            "lat": 71.814525,
            "lng": -161.150263
          },
          "country": "United States"
        }
      },
      "ein": "977-175",
      "ssn": "900-590-289",
      "userAgent": "Mozilla/5.0 (Macintosh; Intel Mac OS X 10_15_7) AppleWebKit/537.36 (KHTML, like Gecko) Chrome/96.0.4664.93 Safari/537.36",
      "crypto": {
        "coin": "Bitcoin",
        "wallet": "0xb9fc2fe63b2a6c003f1c324c3bfa53259162181a",
        "network": "Ethereum (ERC20)"
      },
      "role": "admin"
    },
    {
      "id": 2,
      "firstName": "Michael",
      "lastName": "Williams",
      "maidenName": "",
      "age": 35,
      "gender": "male",
      "email": "michael.williams@x.dummyjson.com",
      "phone": "+49 258-627-6644",
      "username": "michaelw",
      "password": "michaelwpass",
      "birthDate": "1989-8-10",
      "image": "https://dummyjson.com/icon/michaelw/128",
      "bloodGroup": "B+",
      "height": 186.22,
      "weight": 76.32,
      "eyeColor": "Red",
      "hair": {
        "color": "Green",
        "type": "Straight"
      },
      "ip": "12.13.116.142",
      "address": {
        "address": "385 Fifth Street",
        "city": "Houston",
        "state": "Alabama",
        "stateCode": "AL",
        "postalCode": "38807",
        "coordinates": {
          "lat": 22.815468,
          "lng": 115.608581
        },
        "country": "United States"
      },
      "macAddress": "79:15:78:99:60:aa",
      "university": "Ohio State University",
      "bank": {
        "cardExpire": "02/27",
        "cardNumber": "6737807858721625",
        "cardType": "Elo",
        "currency": "SEK",
        "iban": "83IDT77FWYLCJVR8ISDACFH0"
      },
      "company": {
        "department": "Support",
        "name": "Spinka - Dickinson",
        "title": "Support Specialist",
        "address": {
          "address": "395 Main Street",
          "city": "Los Angeles",
          "state": "New Hampshire",
          "stateCode": "NH",
          "postalCode": "73442",
          "coordinates": {
            "lat": 79.098326,
            "lng": -119.624845
          },
          "country": "United States"
        }
      },
      "ein": "912-602",
      "ssn": "108-953-962",
      "userAgent": "Mozilla/5.0 (Windows NT 10.0; Win64; x64) AppleWebKit/537.36 (KHTML, like Gecko) Edge/97.0.1072.76 Safari/537.36",
      "crypto": {
        "coin": "Bitcoin",
        "wallet": "0xb9fc2fe63b2a6c003f1c324c3bfa53259162181a",
        "network": "Ethereum (ERC20)"
      },
      "role": "admin"
    },
    {
      "id": 3,
      "firstName": "Sophia",
      "lastName": "Brown",
      "maidenName": "",
      "age": 42,
      "gender": "female",
      "email": "sophia.brown@x.dummyjson.com",
      "phone": "+81 210-652-2785",
      "username": "sophiab",
      "password": "sophiabpass",
      "birthDate": "1982-11-6",
      "image": "https://dummyjson.com/icon/sophiab/128",
      "bloodGroup": "O-",
      "height": 177.72,
      "weight": 52.6,
      "eyeColor": "Hazel",
      "hair": {
        "color": "White",
        "type": "Wavy"
      },
      "ip": "214.225.51.195",
      "address": {
        "address": "1642 Ninth Street",
        "city": "Washington",
        "state": "Alabama",
        "stateCode": "AL",
        "postalCode": "32822",
        "coordinates": {
          "lat": 45.289366,
          "lng": 46.832664
        },
        "country": "United States"
      },
      "macAddress": "12:a3:d3:6f:5c:5b",
      "university": "Pepperdine University",
      "bank": {
        "cardExpire": "04/25",
        "cardNumber": "7795895470082859",
        "cardType": "Korean Express",
        "currency": "SEK",
        "iban": "90XYKT83LMM7AARZ8JN958JC"
      },
      "company": {
        "department": "Research and Development",
        "name": "Schiller - Zieme",
        "title": "Accountant",
        "address": {
          "address": "1896 Washington Street",
          "city": "Dallas",
          "state": "Nevada",
          "stateCode": "NV",
          "postalCode": "88511",
          "coordinates": {
            "lat": 20.086743,
            "lng": -34.577107
          },
          "country": "United States"
        }
      },
      "ein": "963-113",
      "ssn": "638-461-822",
      "userAgent": "Mozilla/5.0 (Windows NT 10.0; Win64; x64) AppleWebKit/537.36 (KHTML, like Gecko) Chrome/96.0.4664.45 Safari/537.36",
      "crypto": {
        "coin": "Bitcoin",
        "wallet": "0xb9fc2fe63b2a6c003f1c324c3bfa53259162181a",
        "network": "Ethereum (ERC20)"
      },
      "role": "admin"
    },
    {
      "id": 4,
      "firstName": "James",
      "lastName": "Davis",
      "maidenName": "",
      "age": 45,
      "gender": "male",
      "email": "james.davis@x.dummyjson.com",
      "phone": "+49 614-958-9364",
      "username": "jamesd",
      "password": "jamesdpass",
      "birthDate": "1979-5-4",
      "image": "https://dummyjson.com/icon/jamesd/128",
      "bloodGroup": "AB+",
      "height": 193.31,
      "weight": 62.1,
      "eyeColor": "Amber",
      "hair": {
        "color": "Blonde",
        "type": "Straight"
      },
      "ip": "101.118.131.66",
      "address": {
        "address": "238 Jefferson Street",
        "city": "Seattle",
        "state": "Pennsylvania",
        "stateCode": "PA",
        "postalCode": "68354",
        "coordinates": {
          "lat": 16.782513,
          "lng": -139.34723
        },
        "country": "United States"
      },
      "macAddress": "10:7d:df:1f:97:58",
      "university": "University of Southern California",
      "bank": {
        "cardExpire": "05/29",
        "cardNumber": "5005519846254763",
        "cardType": "Mastercard",
        "currency": "INR",
        "iban": "7N7ZH1PJ8Q4WU1K965HQQR27"
      },
      "company": {
        "department": "Support",
        "name": "Pagac and Sons",
        "title": "Research Analyst",
        "address": {
          "address": "1622 Lincoln Street",
          "city": "Fort Worth",
          "state": "Pennsylvania",
          "stateCode": "PA",
          "postalCode": "27768",
          "coordinates": {
            "lat": 54.91193,
            "lng": -79.498328
          },
          "country": "United States"
        }
      },
      "ein": "904-810",
      "ssn": "116-951-314",
      "userAgent": "Mozilla/5.0 (Macintosh; Intel Mac OS X 10_15_7) AppleWebKit/537.36 (KHTML, like Gecko) Chrome/97.0.4692.99 Safari/537.36",
      "crypto": {
        "coin": "Bitcoin",
        "wallet": "0xb9fc2fe63b2a6c003f1c324c3bfa53259162181a",
        "network": "Ethereum (ERC20)"
      },
      "role": "admin"
    },
    {
      "id": 5,
      "firstName": "Emma",
      "lastName": "Miller",
      "maidenName": "Johnson",
      "age": 30,
      "gender": "female",
      "email": "emma.miller@x.dummyjson.com",
      "phone": "+91 759-776-1614",
      "username": "emmaj",
      "password": "emmajpass",
      "birthDate": "1994-6-13",
      "image": "https://dummyjson.com/icon/emmaj/128",
      "bloodGroup": "AB-",
      "height": 192.8,
      "weight": 63.62,
      "eyeColor": "Green",
      "hair": {
        "color": "White",
        "type": "Straight"
      },
      "ip": "224.126.22.183",
      "address": {
        "address": "607 Fourth Street",
        "city": "Jacksonville",
        "state": "Colorado",
        "stateCode": "CO",
        "postalCode": "26593",
        "coordinates": {
          "lat": 0.505589,
          "lng": -157.43281
        },
        "country": "United States"
      },
      "macAddress": "32:b9:7e:8d:f5:e8",
      "university": "Northeastern University",
      "bank": {
        "cardExpire": "03/26",
        "cardNumber": "5772950119588627",
        "cardType": "American Express",
        "currency": "CAD",
        "iban": "TAVHURD845KVBTB8W81AQXRY"
      },
      "company": {
        "department": "Human Resources",
        "name": "Graham - Gulgowski",
        "title": "Quality Assurance Engineer",
        "address": {
          "address": "1460 Sixth Street",
          "city": "San Antonio",
          "state": "Idaho",
          "stateCode": "ID",
          "postalCode": "21965",
          "coordinates": {
            "lat": 44.346545,
            "lng": -26.944701
          },
          "country": "United States"
        }
      },
      "ein": "403-505",
      "ssn": "526-210-885",
      "userAgent": "Mozilla/5.0 (Windows NT 10.0; Win64; x64; rv:97.0) Gecko/20100101 Firefox/97.0",
      "crypto": {
        "coin": "Bitcoin",
        "wallet": "0xb9fc2fe63b2a6c003f1c324c3bfa53259162181a",
        "network": "Ethereum (ERC20)"
      },
      "role": "admin"
    },
    {
      "id": 6,
      "firstName": "Olivia",
      "lastName": "Wilson",
      "maidenName": "",
      "age": 22,
      "gender": "female",
      "email": "olivia.wilson@x.dummyjson.com",
      "phone": "+91 607-295-6448",
      "username": "oliviaw",
      "password": "oliviawpass",
      "birthDate": "2002-4-20",
      "image": "https://dummyjson.com/icon/oliviaw/128",
      "bloodGroup": "B+",
      "height": 182.61,
      "weight": 58,
      "eyeColor": "Hazel",
      "hair": {
        "color": "Gray",
        "type": "Curly"
      },
      "ip": "249.178.112.207",
      "address": {
        "address": "547 First Street",
        "city": "Fort Worth",
        "state": "Tennessee",
        "stateCode": "TN",
        "postalCode": "83843",
        "coordinates": {
          "lat": 75.32627,
          "lng": -26.15285
        },
        "country": "United States"
      },
      "macAddress": "9c:7f:ea:34:18:19",
      "university": "University of North Carolina--Chapel Hill",
      "bank": {
        "cardExpire": "05/28",
        "cardNumber": "6771923832947881",
        "cardType": "Diners Club International",
        "currency": "BRL",
        "iban": "V6H0O5OE3Q4JVKWDTYWZABMD"
      },
      "company": {
        "department": "Product Management",
        "name": "Pfannerstill Inc",
        "title": "Research Analyst",
        "address": {
          "address": "425 Sixth Street",
          "city": "Indianapolis",
          "state": "Oklahoma",
          "stateCode": "OK",
          "postalCode": "74263",
          "coordinates": {
            "lat": 74.986644,
            "lng": -132.916888
          },
          "country": "United States"
        }
      },
      "ein": "921-709",
      "ssn": "836-772-168",
      "userAgent": "Mozilla/5.0 (Macintosh; Intel Mac OS X 10_15_7) AppleWebKit/605.1.15 (KHTML, like Gecko) Version/15.3 Safari/605.1.15",
      "crypto": {
        "coin": "Bitcoin",
        "wallet": "0xb9fc2fe63b2a6c003f1c324c3bfa53259162181a",
        "network": "Ethereum (ERC20)"
      },
      "role": "moderator"
    },
    {
      "id": 7,
      "firstName": "Alexander",
      "lastName": "Jones",
      "maidenName": "",
      "age": 38,
      "gender": "male",
      "email": "alexander.jones@x.dummyjson.com",
      "phone": "+61 260-824-4986",
      "username": "alexanderj",
      "password": "alexanderjpass",
      "birthDate": "1986-10-20",
      "image": "https://dummyjson.com/icon/alexanderj/128",
      "bloodGroup": "AB-",
      "height": 153.89,
      "weight": 77.42,
      "eyeColor": "Blue",
      "hair": {
        "color": "White",
        "type": "Straight"
      },
      "ip": "166.204.84.32",
      "address": {
        "address": "664 Maple Street",
        "city": "Indianapolis",
        "state": "Delaware",
        "stateCode": "DE",
        "postalCode": "86684",
        "coordinates": {
          "lat": 35.289664,
          "lng": 7.063255
        },
        "country": "United States"
      },
      "macAddress": "d2:64:58:2d:1c:46",
      "university": "University of Illinois--Urbana-Champaign",
      "bank": {
        "cardExpire": "05/25",
        "cardNumber": "7344951706130140",
        "cardType": "JCB",
        "currency": "EUR",
        "iban": "49V4GVDVMP0MHIDD4VXMQ3A2"
      },
      "company": {
        "department": "Engineering",
        "name": "Dickens - Beahan",
        "title": "Web Developer",
        "address": {
          "address": "996 Eighth Street",
          "city": "Washington",
          "state": "Kansas",
          "stateCode": "KS",
          "postalCode": "27858",
          "coordinates": {
            "lat": -75.462366,
            "lng": -128.025697
          },
          "country": "United States"
        }
      },
      "ein": "638-127",
      "ssn": "722-993-925",
      "userAgent": "Mozilla/5.0 (Macintosh; Intel Mac OS X 10_15_7) AppleWebKit/537.36 (KHTML, like Gecko) Chrome/95.0.4638.69 Safari/537.36",
      "crypto": {
        "coin": "Bitcoin",
        "wallet": "0xb9fc2fe63b2a6c003f1c324c3bfa53259162181a",
        "network": "Ethereum (ERC20)"
      },
      "role": "moderator"
    },
    {
      "id": 8,
      "firstName": "Ava",
      "lastName": "Taylor",
      "maidenName": "",
      "age": 27,
      "gender": "female",
      "email": "ava.taylor@x.dummyjson.com",
      "phone": "+1 458-853-7877",
      "username": "avat",
      "password": "avatpass",
      "birthDate": "1997-8-25",
      "image": "https://dummyjson.com/icon/avat/128",
      "bloodGroup": "AB-",
      "height": 168.47,
      "weight": 57.08,
      "eyeColor": "Hazel",
      "hair": {
        "color": "Red",
        "type": "Kinky"
      },
      "ip": "150.73.197.233",
      "address": {
        "address": "1197 First Street",
        "city": "Fort Worth",
        "state": "Rhode Island",
        "stateCode": "RI",
        "postalCode": "24771",
        "coordinates": {
          "lat": -81.194833,
          "lng": -87.948158
        },
        "country": "United States"
      },
      "macAddress": "8d:2e:c2:d6:e7:a8",
      "university": "University of Wisconsin--Madison",
      "bank": {
        "cardExpire": "01/29",
        "cardNumber": "6412128967460199",
        "cardType": "Maestro",
        "currency": "CNY",
        "iban": "TS66YQ8R16OX7IJKLUONDQHP"
      },
      "company": {
        "department": "Marketing",
        "name": "Nikolaus Inc",
        "title": "Chief Executive Officer",
        "address": {
          "address": "930 Lincoln Street",
          "city": "Austin",
          "state": "Colorado",
          "stateCode": "CO",
          "postalCode": "47592",
          "coordinates": {
            "lat": 87.970083,
            "lng": -42.769351
          },
          "country": "United States"
        }
      },
      "ein": "297-762",
      "ssn": "257-419-109",
      "userAgent": "Mozilla/5.0 (Windows NT 10.0; Win64; x64) AppleWebKit/537.36 (KHTML, like Gecko) Chrome/96.0.4664.45 Safari/537.36",
      "crypto": {
        "coin": "Bitcoin",
        "wallet": "0xb9fc2fe63b2a6c003f1c324c3bfa53259162181a",
        "network": "Ethereum (ERC20)"
      },
      "role": "moderator"
    },
    {
      "id": 9,
      "firstName": "Ethan",
      "lastName": "Martinez",
      "maidenName": "",
      "age": 33,
      "gender": "male",
      "email": "ethan.martinez@x.dummyjson.com",
      "phone": "+92 933-608-5081",
      "username": "ethanm",
      "password": "ethanmpass",
      "birthDate": "1991-2-12",
      "image": "https://dummyjson.com/icon/ethanm/128",
      "bloodGroup": "AB+",
      "height": 159.19,
      "weight": 68.81,
      "eyeColor": "Hazel",
      "hair": {
        "color": "Purple",
        "type": "Curly"
      },
      "ip": "63.191.127.71",
      "address": {
        "address": "466 Pine Street",
        "city": "San Antonio",
        "state": "Louisiana",
        "stateCode": "LA",
        "postalCode": "72360",
        "coordinates": {
          "lat": 74.074918,
          "lng": -25.312703
        },
        "country": "United States"
      },
      "macAddress": "59:e:9e:e3:29:da",
      "university": "Syracuse University",
      "bank": {
        "cardExpire": "02/25",
        "cardNumber": "7183482484317509",
        "cardType": "Visa",
        "currency": "CAD",
        "iban": "CW5U5KS23U7JYD22TVQL7SIH"
      },
      "company": {
        "department": "Support",
        "name": "Gorczany - Gottlieb",
        "title": "Legal Counsel",
        "address": {
          "address": "1597 Oak Street",
          "city": "Chicago",
          "state": "Florida",
          "stateCode": "FL",
          "postalCode": "28100",
          "coordinates": {
            "lat": -67.45208,
            "lng": -23.209886
          },
          "country": "United States"
        }
      },
      "ein": "790-434",
      "ssn": "569-650-348",
      "userAgent": "Mozilla/5.0 (Windows NT 10.0; Win64; x64) AppleWebKit/537.36 (KHTML, like Gecko) Chrome/95.0.4638.69 Safari/537.36",
      "crypto": {
        "coin": "Bitcoin",
        "wallet": "0xb9fc2fe63b2a6c003f1c324c3bfa53259162181a",
        "network": "Ethereum (ERC20)"
      },
      "role": "moderator"
    },
    {
      "id": 10,
      "firstName": "Isabella",
      "lastName": "Anderson",
      "maidenName": "Davis",
      "age": 31,
      "gender": "female",
      "email": "isabella.anderson@x.dummyjson.com",
      "phone": "+49 770-658-4885",
      "username": "isabellad",
      "password": "isabelladpass",
      "birthDate": "1993-6-10",
      "image": "https://dummyjson.com/icon/isabellad/128",
      "bloodGroup": "A-",
      "height": 150.56,
      "weight": 50.1,
      "eyeColor": "Brown",
      "hair": {
        "color": "Blonde",
        "type": "Curly"
      },
      "ip": "114.9.114.205",
      "address": {
        "address": "1964 Oak Street",
        "city": "New York",
        "state": "Utah",
        "stateCode": "UT",
        "postalCode": "89352",
        "coordinates": {
          "lat": 41.331324,
          "lng": 151.782727
        },
        "country": "United States"
      },
      "macAddress": "b1:b0:d0:a2:82:80",
      "university": "California Institute of Technology (Caltech)",
      "bank": {
        "cardExpire": "05/27",
        "cardNumber": "6118714010128731",
        "cardType": "NPS",
        "currency": "CNY",
        "iban": "GBZRGDMKUOTO34HBCI7A986J"
      },
      "company": {
        "department": "Marketing",
        "name": "Pollich - Hilpert",
        "title": "Chief Financial Officer",
        "address": {
          "address": "1029 Adams Street",
          "city": "San Diego",
          "state": "Maryland",
          "stateCode": "MD",
          "postalCode": "63847",
          "coordinates": {
            "lat": -25.843393,
            "lng": -62.692681
          },
          "country": "United States"
        }
      },
      "ein": "127-297",
      "ssn": "902-438-728",
      "userAgent": "Mozilla/5.0 (Macintosh; Intel Mac OS X 10_15_7) AppleWebKit/537.36 (KHTML, like Gecko) Chrome/96.0.4664.93 Safari/537.36",
      "crypto": {
        "coin": "Bitcoin",
        "wallet": "0xb9fc2fe63b2a6c003f1c324c3bfa53259162181a",
        "network": "Ethereum (ERC20)"
      },
      "role": "moderator"
    },
    {
      "id": 11,
      "firstName": "Liam",
      "lastName": "Garcia",
      "maidenName": "",
      "age": 29,
      "gender": "male",
      "email": "liam.garcia@x.dummyjson.com",
      "phone": "+92 870-217-6201",
      "username": "liamg",
      "password": "liamgpass",
      "birthDate": "1995-6-6",
      "image": "https://dummyjson.com/icon/liamg/128",
      "bloodGroup": "AB-",
      "height": 162.32,
      "weight": 93.16,
      "eyeColor": "Violet",
      "hair": {
        "color": "Red",
        "type": "Wavy"
      },
      "ip": "56.201.85.9",
      "address": {
        "address": "576 Fifth Street",
        "city": "Denver",
        "state": "South Dakota",
        "stateCode": "SD",
        "postalCode": "57252",
        "coordinates": {
          "lat": -66.218177,
          "lng": -145.340165
        },
        "country": "United States"
      },
      "macAddress": "31:9a:28:8b:99:6c",
      "university": "Ohio State University",
      "bank": {
        "cardExpire": "02/27",
        "cardNumber": "2302893002194899",
        "cardType": "Discover",
        "currency": "GBP",
        "iban": "O8ENPRB9UVBL2EFZ7601KC09"
      },
      "company": {
        "department": "Services",
        "name": "Considine - Torp",
        "title": "Web Developer",
        "address": {
          "address": "27 Cedar Street",
          "city": "Philadelphia",
          "state": "Connecticut",
          "stateCode": "CT",
          "postalCode": "79574",
          "coordinates": {
            "lat": -81.841588,
            "lng": 31.79423
          },
          "country": "United States"
        }
      },
      "ein": "326-604",
      "ssn": "933-784-949",
      "userAgent": "Mozilla/5.0 (Macintosh; Intel Mac OS X 10_15_7) AppleWebKit/537.36 (KHTML, like Gecko) Chrome/97.0.4692.99 Safari/537.36",
      "crypto": {
        "coin": "Bitcoin",
        "wallet": "0xb9fc2fe63b2a6c003f1c324c3bfa53259162181a",
        "network": "Ethereum (ERC20)"
      },
      "role": "moderator"
    },
    {
      "id": 12,
      "firstName": "Mia",
      "lastName": "Rodriguez",
      "maidenName": "",
      "age": 24,
      "gender": "female",
      "email": "mia.rodriguez@x.dummyjson.com",
      "phone": "+49 989-461-8403",
      "username": "miar",
      "password": "miarpass",
      "birthDate": "2000-8-4",
      "image": "https://dummyjson.com/icon/miar/128",
      "bloodGroup": "O-",
      "height": 188.08,
      "weight": 56.03,
      "eyeColor": "Blue",
      "hair": {
        "color": "Purple",
        "type": "Wavy"
      },
      "ip": "11.72.253.90",
      "address": {
        "address": "1627 Sixth Street",
        "city": "Jacksonville",
        "state": "West Virginia",
        "stateCode": "WV",
        "postalCode": "41810",
        "coordinates": {
          "lat": 24.857497,
          "lng": -34.865429
        },
        "country": "United States"
      },
      "macAddress": "53:d7:a4:6:1e:58",
      "university": "William & Mary",
      "bank": {
        "cardExpire": "05/26",
        "cardNumber": "1539872303456158",
        "cardType": "Carte Bancaire",
        "currency": "CAD",
        "iban": "EBMD95RLK8B82ZAZNXBJ09V5"
      },
      "company": {
        "department": "Accounting",
        "name": "Miller, Schowalter and Wisozk",
        "title": "Business Analyst",
        "address": {
          "address": "1039 Washington Street",
          "city": "Philadelphia",
          "state": "New Jersey",
          "stateCode": "NJ",
          "postalCode": "57518",
          "coordinates": {
            "lat": 85.455933,
            "lng": 164.246103
          },
          "country": "United States"
        }
      },
      "ein": "754-660",
      "ssn": "749-524-124",
      "userAgent": "Mozilla/5.0 (Macintosh; Intel Mac OS X 10_15_7) AppleWebKit/537.36 (KHTML, like Gecko) Chrome/95.0.4638.54 Safari/537.36",
      "crypto": {
        "coin": "Bitcoin",
        "wallet": "0xb9fc2fe63b2a6c003f1c324c3bfa53259162181a",
        "network": "Ethereum (ERC20)"
      },
      "role": "moderator"
    },
    {
      "id": 13,
      "firstName": "Noah",
      "lastName": "Hernandez",
      "maidenName": "",
      "age": 40,
      "gender": "male",
      "email": "noah.hernandez@x.dummyjson.com",
      "phone": "+49 393-605-6968",
      "username": "noahh",
      "password": "noahhpass",
      "birthDate": "1984-6-5",
      "image": "https://dummyjson.com/icon/noahh/128",
      "bloodGroup": "AB+",
      "height": 188.62,
      "weight": 69.49,
      "eyeColor": "Brown",
      "hair": {
        "color": "Red",
        "type": "Curly"
      },
      "ip": "169.154.126.57",
      "address": {
        "address": "1413 Maple Street",
        "city": "New York",
        "state": "North Dakota",
        "stateCode": "ND",
        "postalCode": "73696",
        "coordinates": {
          "lat": -25.0377,
          "lng": -151.70469
        },
        "country": "United States"
      },
      "macAddress": "d4:fe:ae:8f:eb:a3",
      "university": "New York University (NYU)",
      "bank": {
        "cardExpire": "05/26",
        "cardNumber": "1681772579326385",
        "cardType": "Discover",
        "currency": "SEK",
        "iban": "G4UIZKIQVPJM9D31XQVR1E9Z"
      },
      "company": {
        "department": "Engineering",
        "name": "Botsford, Marquardt and Roberts",
        "title": "Database Administrator",
        "address": {
          "address": "62 Third Street",
          "city": "Seattle",
          "state": "Oregon",
          "stateCode": "OR",
          "postalCode": "83474",
          "coordinates": {
[...]
[THYMELEAF]             * [* {th:style,data-th-style}] [1000]: org.thymeleaf.standard.processor.StandardRemovableAttributeTagProcessor
[THYMELEAF]             * [* {th:axis,data-th-axis}] [1000]: org.thymeleaf.standard.processor.StandardRemovableAttributeTagProcessor
[THYMELEAF]             * [* {th:bgcolor,data-th-bgcolor}] [1000]: org.thymeleaf.standard.processor.StandardRemovableAttributeTagProcessor
[THYMELEAF]             * [* {th:width,data-th-width}] [1000]: org.thymeleaf.standard.processor.StandardRemovableAttributeTagProcessor
[THYMELEAF]             * [* {th:data,data-th-data}] [1000]: org.thymeleaf.standard.processor.StandardRemovableAttributeTagProcessor
[THYMELEAF]             * [* {th:border,data-th-border}] [1000]: org.thymeleaf.standard.processor.StandardRemovableAttributeTagProcessor
[THYMELEAF]             * [* {th:id,data-th-id}] [1000]: org.thymeleaf.standard.processor.StandardRemovableAttributeTagProcessor
[THYMELEAF]             * [* {th:step,data-th-step}] [1000]: org.thymeleaf.standard.processor.StandardRemovableAttributeTagProcessor
[THYMELEAF]             * [* {th:media,data-th-media}] [1000]: org.thymeleaf.standard.processor.StandardRemovableAttributeTagProcessor
[THYMELEAF]             * [* {th:datetime,data-th-datetime}] [1000]: org.thymeleaf.standard.processor.StandardRemovableAttributeTagProcessor
[THYMELEAF]             * [* {th:srclang,data-th-srclang}] [1000]: org.thymeleaf.standard.processor.StandardRemovableAttributeTagProcessor
[THYMELEAF]             * [* {th:rules,data-th-rules}] [1000]: org.thymeleaf.standard.processor.StandardRemovableAttributeTagProcessor
[THYMELEAF]             * [* {th:sizes,data-th-sizes}] [1000]: org.thymeleaf.standard.processor.StandardRemovableAttributeTagProcessor
[THYMELEAF]             * [* {th:hspace,data-th-hspace}] [1000]: org.thymeleaf.standard.processor.StandardRemovableAttributeTagProcessor
[THYMELEAF]             * [* {th:pattern,data-th-pattern}] [1000]: org.thymeleaf.standard.processor.StandardRemovableAttributeTagProcessor
[THYMELEAF]             * [* {th:scheme,data-th-scheme}] [1000]: org.thymeleaf.standard.processor.StandardRemovableAttributeTagProcessor
[THYMELEAF]             * [* {th:height,data-th-height}] [1000]: org.thymeleaf.standard.processor.StandardRemovableAttributeTagProcessor
[THYMELEAF]             * [* {th:audio,data-th-audio}] [1000]: org.thymeleaf.standard.processor.StandardRemovableAttributeTagProcessor
[THYMELEAF]             * [* {th:class,data-th-class}] [1000]: org.thymeleaf.standard.processor.StandardRemovableAttributeTagProcessor
[THYMELEAF]             * [* {th:spellcheck,data-th-spellcheck}] [1000]: org.thymeleaf.standard.processor.StandardRemovableAttributeTagProcessor
[THYMELEAF]             * [* {th:http-equiv,data-th-http-equiv}] [1000]: org.thymeleaf.standard.processor.StandardRemovableAttributeTagProcessor
[THYMELEAF]             * [* {th:codetype,data-th-codetype}] [1000]: org.thymeleaf.standard.processor.StandardRemovableAttributeTagProcessor
[THYMELEAF]             * [* {th:dropzone,data-th-dropzone}] [1000]: org.thymeleaf.standard.processor.StandardRemovableAttributeTagProcessor
[THYMELEAF]             * [* {th:min,data-th-min}] [1000]: org.thymeleaf.standard.processor.StandardRemovableAttributeTagProcessor
[THYMELEAF]             * [* {th:keytype,data-th-keytype}] [1000]: org.thymeleaf.standard.processor.StandardRemovableAttributeTagProcessor
[THYMELEAF]             * [* {th:colspan,data-th-colspan}] [1000]: org.thymeleaf.standard.processor.StandardRemovableAttributeTagProcessor
[THYMELEAF]             * [* {th:standby,data-th-standby}] [1000]: org.thymeleaf.standard.processor.StandardRemovableAttributeTagProcessor
[THYMELEAF]             * [* {th:accesskey,data-th-accesskey}] [1000]: org.thymeleaf.standard.processor.StandardRemovableAttributeTagProcessor
[THYMELEAF]             * [* {th:codebase,data-th-codebase}] [1000]: org.thymeleaf.standard.processor.StandardRemovableAttributeTagProcessor
[THYMELEAF]             * [* {th:for,data-th-for}] [1000]: org.thymeleaf.standard.processor.StandardRemovableAttributeTagProcessor
[THYMELEAF]             * [* {th:compact,data-th-compact}] [1000]: org.thymeleaf.standard.processor.StandardRemovableAttributeTagProcessor
[THYMELEAF]             * [* {th:size,data-th-size}] [1000]: org.thymeleaf.standard.processor.StandardRemovableAttributeTagProcessor
[THYMELEAF]             * [* {th:background,data-th-background}] [1000]: org.thymeleaf.standard.processor.StandardRemovableAttributeTagProcessor
[THYMELEAF]             * [* {th:cellspacing,data-th-cellspacing}] [1000]: org.thymeleaf.standard.processor.StandardRemovableAttributeTagProcessor
[THYMELEAF]             * [* {th:wrap,data-th-wrap}] [1000]: org.thymeleaf.standard.processor.StandardRemovableAttributeTagProcessor
[THYMELEAF]             * [* {th:title,data-th-title}] [1000]: org.thymeleaf.standard.processor.StandardRemovableAttributeTagProcessor
[THYMELEAF]             * [* {th:hreflang,data-th-hreflang}] [1000]: org.thymeleaf.standard.processor.StandardRemovableAttributeTagProcessor
[THYMELEAF]             * [* {th:optimum,data-th-optimum}] [1000]: org.thymeleaf.standard.processor.StandardRemovableAttributeTagProcessor
[THYMELEAF]             * [* {th:vspace,data-th-vspace}] [1000]: org.thymeleaf.standard.processor.StandardRemovableAttributeTagProcessor
[THYMELEAF]             * [* {th:src,data-th-src}] [1000]: org.thymeleaf.standard.processor.StandardSrcTagProcessor
[THYMELEAF]             * [* {th:value,data-th-value}] [1000]: org.thymeleaf.standard.processor.StandardValueTagProcessor
[THYMELEAF]             * [* {th:xmlbase,data-th-xmlbase}] [1000]: org.thymeleaf.standard.processor.StandardXmlBaseTagProcessor
[THYMELEAF]             * [* {th:xmllang,data-th-xmllang}] [1000]: org.thymeleaf.standard.processor.StandardXmlLangTagProcessor
[THYMELEAF]             * [* {xmlns:th}] [1000]: org.thymeleaf.standard.processor.StandardXmlNsTagProcessor
[THYMELEAF]             * [* {th:xmlspace,data-th-xmlspace}] [1000]: org.thymeleaf.standard.processor.StandardXmlSpaceTagProcessor
[THYMELEAF]             * [* {th:classappend,data-th-classappend}] [1100]: org.thymeleaf.standard.processor.StandardClassappendTagProcessor
[THYMELEAF]             * [* {th:styleappend,data-th-styleappend}] [1100]: org.thymeleaf.standard.processor.StandardStyleappendTagProcessor
[THYMELEAF]             * [* {th:text,data-th-text}] [1300]: org.thymeleaf.standard.processor.StandardTextTagProcessor
[THYMELEAF]             * [* {th:utext,data-th-utext}] [1400]: org.thymeleaf.standard.processor.StandardUtextTagProcessor
[THYMELEAF]             * [* {th:fragment,data-th-fragment}] [1500]: org.thymeleaf.standard.processor.StandardFragmentTagProcessor
[THYMELEAF]             * [* {th:assert,data-th-assert}] [1550]: org.thymeleaf.standard.processor.StandardAssertTagProcessor
[THYMELEAF]             * [* {th:remove,data-th-remove}] [1600]: org.thymeleaf.standard.processor.StandardRemoveTagProcessor
[THYMELEAF]             * [* {th:ref,data-th-ref}] [10000]: org.thymeleaf.standard.processor.StandardRefAttributeTagProcessor
[THYMELEAF]             * [{th:block,th-block} *] [100000]: org.thymeleaf.standard.processor.StandardBlockTagProcessor
[THYMELEAF]             * [* th:*] [2147483647]: org.thymeleaf.standard.processor.StandardDefaultAttributesTagProcessor
[THYMELEAF]         * Text Processors by [precedence]:
[THYMELEAF]             * [1000]: org.thymeleaf.standard.processor.StandardInliningTextProcessor
[THYMELEAF]         * DOCTYPE Processors by [precedence]:
[THYMELEAF]             * [1000]: org.thymeleaf.standard.processor.StandardTranslationDocTypeProcessor
[THYMELEAF]         * CDATA Section Processors by [precedence]:
[THYMELEAF]             * [1000]: org.thymeleaf.standard.processor.StandardInliningCDATASectionProcessor
[THYMELEAF]         * Comment Processors by [precedence]:
[THYMELEAF]             * [1000]: org.thymeleaf.standard.processor.StandardInliningCommentProcessor
[THYMELEAF]             * [1100]: org.thymeleaf.standard.processor.StandardConditionalCommentProcessor
[THYMELEAF]     * Processors for Template Mode: XML
[THYMELEAF]         * Element Tag Processors by [matching element and attribute name] [precedence]:
[THYMELEAF]             * [* {th:include}] [100]: org.thymeleaf.standard.processor.StandardIncludeTagProcessor
[THYMELEAF]             * [* {th:insert}] [100]: org.thymeleaf.standard.processor.StandardInsertTagProcessor
[THYMELEAF]             * [* {th:replace}] [100]: org.thymeleaf.standard.processor.StandardReplaceTagProcessor
[THYMELEAF]             * [* {th:each}] [200]: com.intuit.karate.template.KarateEachTagProcessor
[THYMELEAF]             * [* {th:switch}] [250]: org.thymeleaf.standard.processor.StandardSwitchTagProcessor
[THYMELEAF]             * [* {th:case}] [275]: org.thymeleaf.standard.processor.StandardCaseTagProcessor
[THYMELEAF]             * [* {th:if}] [300]: org.thymeleaf.standard.processor.StandardIfTagProcessor
[THYMELEAF]             * [* {th:unless}] [400]: org.thymeleaf.standard.processor.StandardUnlessTagProcessor
[THYMELEAF]             * [* {th:object}] [500]: org.thymeleaf.standard.processor.StandardObjectTagProcessor
[THYMELEAF]             * [* {th:with}] [600]: com.intuit.karate.template.KarateWithTagProcessor
[THYMELEAF]             * [* {th:attr}] [700]: com.intuit.karate.template.KarateAttributeTagProcessor.KarateAttrTagProcessor
[THYMELEAF]             * [* {th:attrappend}] [900]: com.intuit.karate.template.KarateAttributeTagProcessor.KarateAttrappendTagProcessor
[THYMELEAF]             * [* {th:attrprepend}] [900]: com.intuit.karate.template.KarateAttributeTagProcessor.KarateAttrprependTagProcessor
[THYMELEAF]             * [* {th:inline}] [1000]: org.thymeleaf.standard.processor.StandardInlineXMLTagProcessor
[THYMELEAF]             * [* {xmlns:th}] [1000]: org.thymeleaf.standard.processor.StandardXmlNsTagProcessor
[THYMELEAF]             * [* {th:text}] [1300]: org.thymeleaf.standard.processor.StandardTextTagProcessor
[THYMELEAF]             * [* {th:utext}] [1400]: org.thymeleaf.standard.processor.StandardUtextTagProcessor
[THYMELEAF]             * [* {th:fragment}] [1500]: org.thymeleaf.standard.processor.StandardFragmentTagProcessor
[THYMELEAF]             * [* {th:assert}] [1550]: org.thymeleaf.standard.processor.StandardAssertTagProcessor
[THYMELEAF]             * [* {th:remove}] [1600]: org.thymeleaf.standard.processor.StandardRemoveTagProcessor
[THYMELEAF]             * [* {th:ref}] [10000]: org.thymeleaf.standard.processor.StandardRefAttributeTagProcessor
[THYMELEAF]             * [{th:block} *] [100000]: org.thymeleaf.standard.processor.StandardBlockTagProcessor
[THYMELEAF]             * [* th:*] [2147483647]: org.thymeleaf.standard.processor.StandardDefaultAttributesTagProcessor
[THYMELEAF]         * Text Processors by [precedence]:
[THYMELEAF]             * [1000]: org.thymeleaf.standard.processor.StandardInliningTextProcessor
[THYMELEAF]         * CDATA Section Processors by [precedence]:
[THYMELEAF]             * [1000]: org.thymeleaf.standard.processor.StandardInliningCDATASectionProcessor
[THYMELEAF]         * Comment Processors by [precedence]:
[THYMELEAF]             * [1000]: org.thymeleaf.standard.processor.StandardInliningCommentProcessor
[THYMELEAF]     * Processors for Template Mode: TEXT
[THYMELEAF]         * Element Tag Processors by [matching element and attribute name] [precedence]:
[THYMELEAF]             * [* {th:insert}] [100]: org.thymeleaf.standard.processor.StandardInsertTagProcessor
[THYMELEAF]             * [* {th:replace}] [100]: org.thymeleaf.standard.processor.StandardReplaceTagProcessor
[THYMELEAF]             * [* {th:each}] [200]: com.intuit.karate.template.KarateEachTagProcessor
[THYMELEAF]             * [* {th:switch}] [250]: org.thymeleaf.standard.processor.StandardSwitchTagProcessor
[THYMELEAF]             * [* {th:case}] [275]: org.thymeleaf.standard.processor.StandardCaseTagProcessor
[THYMELEAF]             * [* {th:if}] [300]: org.thymeleaf.standard.processor.StandardIfTagProcessor
[THYMELEAF]             * [* {th:unless}] [400]: org.thymeleaf.standard.processor.StandardUnlessTagProcessor
[THYMELEAF]             * [* {th:object}] [500]: org.thymeleaf.standard.processor.StandardObjectTagProcessor
[THYMELEAF]             * [* {th:with}] [600]: com.intuit.karate.template.KarateWithTagProcessor
[THYMELEAF]             * [* {th:inline}] [1000]: org.thymeleaf.standard.processor.StandardInlineTextualTagProcessor
[THYMELEAF]             * [* {th:text}] [1300]: org.thymeleaf.standard.processor.StandardTextTagProcessor
[THYMELEAF]             * [* {th:utext}] [1400]: org.thymeleaf.standard.processor.StandardUtextTagProcessor
[THYMELEAF]             * [* {th:assert}] [1550]: org.thymeleaf.standard.processor.StandardAssertTagProcessor
[THYMELEAF]             * [* {th:remove}] [1600]: org.thymeleaf.standard.processor.StandardRemoveTagProcessor
[THYMELEAF]             * [{th:block} *] [100000]: org.thymeleaf.standard.processor.StandardBlockTagProcessor
[THYMELEAF]             * [* 100000] [org.thymeleaf.standard.processor.StandardBlockTagProcessor]: {}
[THYMELEAF]         * Text Processors by [precedence]:
[THYMELEAF]             * [1000]: org.thymeleaf.standard.processor.StandardInliningTextProcessor
[THYMELEAF]     * Processors for Template Mode: JAVASCRIPT
[THYMELEAF]         * Element Tag Processors by [matching element and attribute name] [precedence]:
[THYMELEAF]             * [* {th:insert}] [100]: org.thymeleaf.standard.processor.StandardInsertTagProcessor
[THYMELEAF]             * [* {th:replace}] [100]: org.thymeleaf.standard.processor.StandardReplaceTagProcessor
[THYMELEAF]             * [* {th:each}] [200]: com.intuit.karate.template.KarateEachTagProcessor
[THYMELEAF]             * [* {th:switch}] [250]: org.thymeleaf.standard.processor.StandardSwitchTagProcessor
[THYMELEAF]             * [* {th:case}] [275]: org.thymeleaf.standard.processor.StandardCaseTagProcessor
[THYMELEAF]             * [* {th:if}] [300]: org.thymeleaf.standard.processor.StandardIfTagProcessor
[THYMELEAF]             * [* {th:unless}] [400]: org.thymeleaf.standard.processor.StandardUnlessTagProcessor
[THYMELEAF]             * [* {th:object}] [500]: org.thymeleaf.standard.processor.StandardObjectTagProcessor
[THYMELEAF]             * [* {th:with}] [600]: com.intuit.karate.template.KarateWithTagProcessor
[THYMELEAF]             * [* {th:inline}] [1000]: org.thymeleaf.standard.processor.StandardInlineTextualTagProcessor
[THYMELEAF]             * [* {th:text}] [1300]: org.thymeleaf.standard.processor.StandardTextTagProcessor
[THYMELEAF]             * [* {th:utext}] [1400]: org.thymeleaf.standard.processor.StandardUtextTagProcessor
[THYMELEAF]             * [* {th:assert}] [1550]: org.thymeleaf.standard.processor.StandardAssertTagProcessor
[THYMELEAF]             * [* {th:remove}] [1600]: org.thymeleaf.standard.processor.StandardRemoveTagProcessor
[THYMELEAF]             * [* 100000] [org.thymeleaf.standard.processor.StandardBlockTagProcessor]: {}
[THYMELEAF]             * [{th:block} *] [100000]: org.thymeleaf.standard.processor.StandardBlockTagProcessor
[THYMELEAF]         * Text Processors by [precedence]:
[THYMELEAF]             * [1000]: org.thymeleaf.standard.processor.StandardInliningTextProcessor
[THYMELEAF]     * Processors for Template Mode: CSS
[THYMELEAF]         * Element Tag Processors by [matching element and attribute name] [precedence]:
[THYMELEAF]             * [* {th:insert}] [100]: org.thymeleaf.standard.processor.StandardInsertTagProcessor
[THYMELEAF]             * [* {th:replace}] [100]: org.thymeleaf.standard.processor.StandardReplaceTagProcessor
[THYMELEAF]             * [* {th:each}] [200]: com.intuit.karate.template.KarateEachTagProcessor
[THYMELEAF]             * [* {th:switch}] [250]: org.thymeleaf.standard.processor.StandardSwitchTagProcessor
[THYMELEAF]             * [* {th:case}] [275]: org.thymeleaf.standard.processor.StandardCaseTagProcessor
[THYMELEAF]             * [* {th:if}] [300]: org.thymeleaf.standard.processor.StandardIfTagProcessor
[THYMELEAF]             * [* {th:unless}] [400]: org.thymeleaf.standard.processor.StandardUnlessTagProcessor
[THYMELEAF]             * [* {th:object}] [500]: org.thymeleaf.standard.processor.StandardObjectTagProcessor
[THYMELEAF]             * [* {th:with}] [600]: com.intuit.karate.template.KarateWithTagProcessor
[THYMELEAF]             * [* {th:inline}] [1000]: org.thymeleaf.standard.processor.StandardInlineTextualTagProcessor
[THYMELEAF]             * [* {th:text}] [1300]: org.thymeleaf.standard.processor.StandardTextTagProcessor
[THYMELEAF]             * [* {th:utext}] [1400]: org.thymeleaf.standard.processor.StandardUtextTagProcessor
[THYMELEAF]             * [* {th:assert}] [1550]: org.thymeleaf.standard.processor.StandardAssertTagProcessor
[THYMELEAF]             * [* {th:remove}] [1600]: org.thymeleaf.standard.processor.StandardRemoveTagProcessor
[THYMELEAF]             * [* 100000] [org.thymeleaf.standard.processor.StandardBlockTagProcessor]: {}
[THYMELEAF]             * [{th:block} *] [100000]: org.thymeleaf.standard.processor.StandardBlockTagProcessor
[THYMELEAF]         * Text Processors by [precedence]:
[THYMELEAF]             * [1000]: org.thymeleaf.standard.processor.StandardInliningTextProcessor
[THYMELEAF]     * Expression Objects:
[THYMELEAF]         * #ctx
[THYMELEAF]         * #root
[THYMELEAF]         * #vars
[THYMELEAF]         * #object
[THYMELEAF]         * #locale
[THYMELEAF]         * #conversions
[THYMELEAF]         * #uris
[THYMELEAF]         * #temporals
[THYMELEAF]         * #calendars
[THYMELEAF]         * #dates
[THYMELEAF]         * #bools
[THYMELEAF]         * #numbers
[THYMELEAF]         * #objects
[THYMELEAF]         * #strings
[THYMELEAF]         * #arrays
[THYMELEAF]         * #lists
[THYMELEAF]         * #sets
[THYMELEAF]         * #maps
[THYMELEAF]         * #aggregates
[THYMELEAF]         * #messages
[THYMELEAF]         * #ids
[THYMELEAF]         * #execInfo
[THYMELEAF]         * #request
[THYMELEAF]         * #response
[THYMELEAF]         * #session
[THYMELEAF]         * #servletContext
[THYMELEAF]     * Execution Attributes:
[THYMELEAF]         * "StandardExpressionParser": com.intuit.karate.template.KarateStandardDialect@71ee2fff
[THYMELEAF]         * "StandardJavaScriptSerializer": org.thymeleaf.standard.serializer.StandardJavaScriptSerializer@24d7657b
[THYMELEAF]         * "StandardCSSSerializer": org.thymeleaf.standard.serializer.StandardCSSSerializer@6f428e6e
[THYMELEAF]         * "StandardVariableExpressionEvaluator": com.intuit.karate.template.KarateStandardDialect@71ee2fff
[THYMELEAF]         * "StandardConversionService": org.thymeleaf.standard.expression.StandardConversionService@72e49f6a
[THYMELEAF] * Dialect [2 of 2]: karate (com.intuit.karate.template.KarateScriptDialect)
[THYMELEAF]     * Prefix: "ka"
[THYMELEAF]     * Processors for Template Mode: HTML
[THYMELEAF]         * Element Tag Processors by [matching element and attribute name] [precedence]:
[THYMELEAF]             * [* {src}] [1000]: com.intuit.karate.template.KaScriptAttrProcessor
[THYMELEAF]         * Element Model Processors by [matching element and attribute name] [precedence]:
[THYMELEAF]             * [{script} {ka:scope,data-ka-scope}] [1000]: com.intuit.karate.template.KaScriptElemProcessor
[THYMELEAF]             * [* {ka:set,data-ka-set}] [1000]: com.intuit.karate.template.KaSetElemProcessor
[THYMELEAF] TEMPLATE ENGINE CONFIGURED OK
17:56:14.436 [main] DEBUG org.thymeleaf.TemplateEngine -- [THYMELEAF] TEMPLATE ENGINE INITIALIZED

HTML report: (paste into browser to view) | Karate version: 1.4.1
file:///Users/devo/KarateAPIProject/karate-dummyjson/target/karate-reports/karate-summary.html
===================================================================

]]></system-out>
  </testcase>
</testsuite>